2023-06-09 12:54:22,102 INFO [background-preinit] HV000001: Hibernate Validator 8.0.0.Final
2023-06-09 12:54:22,132 INFO [main] Starting IbProjekatApplication using Java 19.0.2 with PID 20720 (C:\Users\ivand\Desktop\Faks\Projekti\IB\IB-Projekat-Tim7\backend\IB-projekat\target\classes started by ivandj in C:\Users\ivand\Desktop\Faks\Projekti\IB\IB-Projekat-Tim7\backend\IB-projekat)
2023-06-09 12:54:22,133 DEBUG [main] Running with Spring Boot v3.0.4, Spring v6.0.6
2023-06-09 12:54:22,133 INFO [main] No active profile set, falling back to 1 default profile: "default"
2023-06-09 12:54:22,602 INFO [main] Bootstrapping Spring Data JPA repositories in DEFAULT mode.
2023-06-09 12:54:22,658 INFO [main] Finished Spring Data repository scanning in 49 ms. Found 5 JPA repository interfaces.
2023-06-09 12:54:23,033 INFO [main] Tomcat initialized with port(s): 8081 (https)
2023-06-09 12:54:23,039 INFO [main] Initializing ProtocolHandler ["https-jsse-nio-8081"]
2023-06-09 12:54:23,041 INFO [main] Starting service [Tomcat]
2023-06-09 12:54:23,041 INFO [main] Starting Servlet engine: [Apache Tomcat/10.1.5]
2023-06-09 12:54:23,112 INFO [main] Initializing Spring embedded WebApplicationContext
2023-06-09 12:54:23,112 INFO [main] Root WebApplicationContext: initialization completed in 947 ms
2023-06-09 12:54:23,200 INFO [main] HHH000204: Processing PersistenceUnitInfo [name: default]
2023-06-09 12:54:23,233 INFO [main] HHH000412: Hibernate ORM core version 6.1.7.Final
2023-06-09 12:54:23,415 INFO [main] HikariPool-1 - Starting...
2023-06-09 12:54:23,521 INFO [main] HikariPool-1 - Added connection org.postgresql.jdbc.PgConnection@9e50283
2023-06-09 12:54:23,523 INFO [main] HikariPool-1 - Start completed.
2023-06-09 12:54:23,544 INFO [main] HHH000400: Using dialect: org.hibernate.dialect.PostgreSQLDialect
2023-06-09 12:54:24,162 WARN [main] SQL Warning Code: 0, SQLState: 00000
2023-06-09 12:54:24,162 WARN [main] relation "certificate_demands" does not exist, skipping
2023-06-09 12:54:24,162 WARN [main] SQL Warning Code: 0, SQLState: 00000
2023-06-09 12:54:24,162 WARN [main] relation "certificate_demands" does not exist, skipping
2023-06-09 12:54:24,162 WARN [main] SQL Warning Code: 0, SQLState: 00000
2023-06-09 12:54:24,163 WARN [main] relation "certificate_demands" does not exist, skipping
2023-06-09 12:54:24,163 WARN [main] SQL Warning Code: 0, SQLState: 00000
2023-06-09 12:54:24,163 WARN [main] relation "certificates" does not exist, skipping
2023-06-09 12:54:24,163 WARN [main] SQL Warning Code: 0, SQLState: 00000
2023-06-09 12:54:24,163 WARN [main] relation "certificates" does not exist, skipping
2023-06-09 12:54:24,164 WARN [main] SQL Warning Code: 0, SQLState: 00000
2023-06-09 12:54:24,164 WARN [main] relation "certificates" does not exist, skipping
2023-06-09 12:54:24,165 WARN [main] SQL Warning Code: 0, SQLState: 00000
2023-06-09 12:54:24,165 WARN [main] relation "password_history_entity" does not exist, skipping
2023-06-09 12:54:24,165 WARN [main] SQL Warning Code: 0, SQLState: 00000
2023-06-09 12:54:24,165 WARN [main] relation "verification_code" does not exist, skipping
2023-06-09 12:54:24,165 WARN [main] SQL Warning Code: 0, SQLState: 00000
2023-06-09 12:54:24,165 WARN [main] table "certificate_demands" does not exist, skipping
2023-06-09 12:54:24,166 WARN [main] SQL Warning Code: 0, SQLState: 00000
2023-06-09 12:54:24,166 WARN [main] table "certificates" does not exist, skipping
2023-06-09 12:54:24,166 WARN [main] SQL Warning Code: 0, SQLState: 00000
2023-06-09 12:54:24,166 WARN [main] table "password_history_entity" does not exist, skipping
2023-06-09 12:54:24,166 WARN [main] SQL Warning Code: 0, SQLState: 00000
2023-06-09 12:54:24,166 WARN [main] table "users" does not exist, skipping
2023-06-09 12:54:24,166 WARN [main] SQL Warning Code: 0, SQLState: 00000
2023-06-09 12:54:24,167 WARN [main] table "verification_code" does not exist, skipping
2023-06-09 12:54:24,167 WARN [main] SQL Warning Code: 0, SQLState: 00000
2023-06-09 12:54:24,167 WARN [main] sequence "certificate_demands_seq" does not exist, skipping
2023-06-09 12:54:24,167 WARN [main] SQL Warning Code: 0, SQLState: 00000
2023-06-09 12:54:24,167 WARN [main] sequence "certificates_seq" does not exist, skipping
2023-06-09 12:54:24,168 WARN [main] SQL Warning Code: 0, SQLState: 00000
2023-06-09 12:54:24,168 WARN [main] sequence "password_history_entity_seq" does not exist, skipping
2023-06-09 12:54:24,168 WARN [main] SQL Warning Code: 0, SQLState: 00000
2023-06-09 12:54:24,168 WARN [main] sequence "users_seq" does not exist, skipping
2023-06-09 12:54:24,168 WARN [main] SQL Warning Code: 0, SQLState: 00000
2023-06-09 12:54:24,168 WARN [main] sequence "verification_code_seq" does not exist, skipping
2023-06-09 12:54:24,199 INFO [main] HHH000490: Using JtaPlatform implementation: [org.hibernate.engine.transaction.jta.platform.internal.NoJtaPlatform]
2023-06-09 12:54:24,205 INFO [main] Initialized JPA EntityManagerFactory for persistence unit 'default'
2023-06-09 12:54:24,417 DEBUG [main] Filter 'jwtAuthenticationFilter' configured for use
2023-06-09 12:54:24,825 WARN [main] spring.jpa.open-in-view is enabled by default. Therefore, database queries may be performed during view rendering. Explicitly configure spring.jpa.open-in-view to disable this warning
2023-06-09 12:54:25,028 INFO [main] Will secure any request with [org.springframework.security.web.session.DisableEncodeUrlFilter@3003d288, org.springframework.security.web.context.request.async.WebAsyncManagerIntegrationFilter@110b6c78, org.springframework.security.web.context.SecurityContextHolderFilter@3ae5cbb9, org.springframework.security.web.header.HeaderWriterFilter@7fcc8d9f, org.springframework.web.filter.CorsFilter@e62d757, org.springframework.security.web.authentication.logout.LogoutFilter@588b02a0, org.springframework.security.oauth2.client.web.OAuth2AuthorizationRequestRedirectFilter@7d440378, org.springframework.security.oauth2.client.web.OAuth2AuthorizationRequestRedirectFilter@31620971, org.springframework.security.oauth2.client.web.OAuth2LoginAuthenticationFilter@794cd751, ib.projekat.IBprojekat.websecurity.JwtAuthenticationFilter@3dbb7bb, org.springframework.security.web.authentication.ui.DefaultLoginPageGeneratingFilter@28806954, org.springframework.security.web.authentication.ui.DefaultLogoutPageGeneratingFilter@597f2d3f, org.springframework.security.web.savedrequest.RequestCacheAwareFilter@7fb70e94, org.springframework.security.web.servletapi.SecurityContextHolderAwareRequestFilter@38293d23, org.springframework.security.web.authentication.AnonymousAuthenticationFilter@7746330a, org.springframework.security.oauth2.client.web.OAuth2AuthorizationCodeGrantFilter@3c5de17c, org.springframework.security.web.session.SessionManagementFilter@11c68269, org.springframework.security.web.access.ExceptionTranslationFilter@3debeb5e, org.springframework.security.web.access.intercept.AuthorizationFilter@6d9bcf19]
2023-06-09 12:54:25,180 INFO [main] Starting ProtocolHandler ["https-jsse-nio-8081"]
2023-06-09 12:54:25,308 INFO [main] Tomcat started on port(s): 8081 (https) with context path ''
2023-06-09 12:54:25,313 INFO [main] Started IbProjekatApplication in 3.502 seconds (process running for 4.113)
2023-06-09 12:54:32,543 INFO [https-jsse-nio-8081-exec-5] Initializing Spring DispatcherServlet 'dispatcherServlet'
2023-06-09 12:54:32,544 INFO [https-jsse-nio-8081-exec-5] Initializing Servlet 'dispatcherServlet'
2023-06-09 12:54:32,544 INFO [https-jsse-nio-8081-exec-5] Completed initialization in 0 ms
2023-06-09 12:54:32,561 WARN [https-jsse-nio-8081-exec-5] No mapping for GET /api/v1/auth/github/oauth
2023-06-09 12:59:20,650 INFO [SpringApplicationShutdownHook] Closing JPA EntityManagerFactory for persistence unit 'default'
2023-06-09 12:59:20,651 INFO [SpringApplicationShutdownHook] HHH000477: Starting delayed evictData of schema as part of SessionFactory shut-down'
2023-06-09 12:59:20,666 INFO [SpringApplicationShutdownHook] HikariPool-1 - Shutdown initiated...
2023-06-09 12:59:20,668 INFO [SpringApplicationShutdownHook] HikariPool-1 - Shutdown completed.
