2023-06-15 22:42:36,211 INFO [background-preinit] HV000001: Hibernate Validator 8.0.0.Final
2023-06-15 22:42:36,235 INFO [main] Starting IbProjekatApplication using Java 19.0.2 with PID 22452 (C:\Users\ivand\Desktop\Faks\Projekti\IB\IB-Projekat-Tim7\backend\IB-projekat\target\classes started by ivandj in C:\Users\ivand\Desktop\Faks\Projekti\IB\IB-Projekat-Tim7\backend\IB-projekat)
2023-06-15 22:42:36,235 DEBUG [main] Running with Spring Boot v3.0.4, Spring v6.0.6
2023-06-15 22:42:36,237 INFO [main] No active profile set, falling back to 1 default profile: "default"
2023-06-15 22:42:36,695 INFO [main] Bootstrapping Spring Data JPA repositories in DEFAULT mode.
2023-06-15 22:42:36,742 INFO [main] Finished Spring Data repository scanning in 41 ms. Found 5 JPA repository interfaces.
2023-06-15 22:42:37,124 INFO [main] Tomcat initialized with port(s): 8081 (https)
2023-06-15 22:42:37,131 INFO [main] Initializing ProtocolHandler ["https-jsse-nio-8081"]
2023-06-15 22:42:37,133 INFO [main] Starting service [Tomcat]
2023-06-15 22:42:37,133 INFO [main] Starting Servlet engine: [Apache Tomcat/10.1.5]
2023-06-15 22:42:37,184 INFO [main] Initializing Spring embedded WebApplicationContext
2023-06-15 22:42:37,184 INFO [main] Root WebApplicationContext: initialization completed in 911 ms
2023-06-15 22:42:37,264 INFO [main] HHH000204: Processing PersistenceUnitInfo [name: default]
2023-06-15 22:42:37,296 INFO [main] HHH000412: Hibernate ORM core version 6.1.7.Final
2023-06-15 22:42:37,470 INFO [main] HikariPool-1 - Starting...
2023-06-15 22:42:37,579 INFO [main] HikariPool-1 - Added connection org.postgresql.jdbc.PgConnection@1c2096c6
2023-06-15 22:42:37,581 INFO [main] HikariPool-1 - Start completed.
2023-06-15 22:42:37,603 INFO [main] HHH000400: Using dialect: org.hibernate.dialect.PostgreSQLDialect
2023-06-15 22:42:38,247 WARN [main] SQL Warning Code: 0, SQLState: 00000
2023-06-15 22:42:38,247 WARN [main] relation "certificate_demands" does not exist, skipping
2023-06-15 22:42:38,248 WARN [main] SQL Warning Code: 0, SQLState: 00000
2023-06-15 22:42:38,248 WARN [main] relation "certificate_demands" does not exist, skipping
2023-06-15 22:42:38,248 WARN [main] SQL Warning Code: 0, SQLState: 00000
2023-06-15 22:42:38,248 WARN [main] relation "certificate_demands" does not exist, skipping
2023-06-15 22:42:38,249 WARN [main] SQL Warning Code: 0, SQLState: 00000
2023-06-15 22:42:38,249 WARN [main] relation "certificates" does not exist, skipping
2023-06-15 22:42:38,249 WARN [main] SQL Warning Code: 0, SQLState: 00000
2023-06-15 22:42:38,249 WARN [main] relation "certificates" does not exist, skipping
2023-06-15 22:42:38,249 WARN [main] SQL Warning Code: 0, SQLState: 00000
2023-06-15 22:42:38,249 WARN [main] relation "certificates" does not exist, skipping
2023-06-15 22:42:38,250 WARN [main] SQL Warning Code: 0, SQLState: 00000
2023-06-15 22:42:38,250 WARN [main] relation "password_history_entity" does not exist, skipping
2023-06-15 22:42:38,250 WARN [main] SQL Warning Code: 0, SQLState: 00000
2023-06-15 22:42:38,250 WARN [main] relation "verification_code" does not exist, skipping
2023-06-15 22:42:38,251 WARN [main] SQL Warning Code: 0, SQLState: 00000
2023-06-15 22:42:38,251 WARN [main] table "certificate_demands" does not exist, skipping
2023-06-15 22:42:38,251 WARN [main] SQL Warning Code: 0, SQLState: 00000
2023-06-15 22:42:38,251 WARN [main] table "certificates" does not exist, skipping
2023-06-15 22:42:38,251 WARN [main] SQL Warning Code: 0, SQLState: 00000
2023-06-15 22:42:38,251 WARN [main] table "password_history_entity" does not exist, skipping
2023-06-15 22:42:38,251 WARN [main] SQL Warning Code: 0, SQLState: 00000
2023-06-15 22:42:38,251 WARN [main] table "users" does not exist, skipping
2023-06-15 22:42:38,252 WARN [main] SQL Warning Code: 0, SQLState: 00000
2023-06-15 22:42:38,252 WARN [main] table "verification_code" does not exist, skipping
2023-06-15 22:42:38,252 WARN [main] SQL Warning Code: 0, SQLState: 00000
2023-06-15 22:42:38,252 WARN [main] sequence "certificate_demands_seq" does not exist, skipping
2023-06-15 22:42:38,252 WARN [main] SQL Warning Code: 0, SQLState: 00000
2023-06-15 22:42:38,253 WARN [main] sequence "certificates_seq" does not exist, skipping
2023-06-15 22:42:38,253 WARN [main] SQL Warning Code: 0, SQLState: 00000
2023-06-15 22:42:38,253 WARN [main] sequence "password_history_entity_seq" does not exist, skipping
2023-06-15 22:42:38,253 WARN [main] SQL Warning Code: 0, SQLState: 00000
2023-06-15 22:42:38,253 WARN [main] sequence "users_seq" does not exist, skipping
2023-06-15 22:42:38,253 WARN [main] SQL Warning Code: 0, SQLState: 00000
2023-06-15 22:42:38,253 WARN [main] sequence "verification_code_seq" does not exist, skipping
2023-06-15 22:42:38,284 INFO [main] HHH000490: Using JtaPlatform implementation: [org.hibernate.engine.transaction.jta.platform.internal.NoJtaPlatform]
2023-06-15 22:42:38,291 INFO [main] Initialized JPA EntityManagerFactory for persistence unit 'default'
2023-06-15 22:42:38,518 DEBUG [main] Filter 'jwtAuthenticationFilter' configured for use
2023-06-15 22:42:38,938 WARN [main] spring.jpa.open-in-view is enabled by default. Therefore, database queries may be performed during view rendering. Explicitly configure spring.jpa.open-in-view to disable this warning
2023-06-15 22:42:39,123 INFO [main] Will secure any request with [org.springframework.security.web.session.DisableEncodeUrlFilter@56a8b19f, org.springframework.security.web.context.request.async.WebAsyncManagerIntegrationFilter@5927473a, org.springframework.security.web.context.SecurityContextHolderFilter@1495f70, org.springframework.security.web.header.HeaderWriterFilter@5cb42eb2, org.springframework.web.filter.CorsFilter@36c45b54, org.springframework.security.web.authentication.logout.LogoutFilter@56f8ab05, org.springframework.security.oauth2.client.web.OAuth2AuthorizationRequestRedirectFilter@593d5f39, org.springframework.security.oauth2.client.web.OAuth2AuthorizationRequestRedirectFilter@2be49c8c, org.springframework.security.oauth2.client.web.OAuth2LoginAuthenticationFilter@5f160341, ib.projekat.IBprojekat.websecurity.JwtAuthenticationFilter@13e5b262, org.springframework.security.web.authentication.ui.DefaultLoginPageGeneratingFilter@6b5fdbd0, org.springframework.security.web.authentication.ui.DefaultLogoutPageGeneratingFilter@2d6a6887, org.springframework.security.web.savedrequest.RequestCacheAwareFilter@466fd19b, org.springframework.security.web.servletapi.SecurityContextHolderAwareRequestFilter@2f89b44e, org.springframework.security.web.authentication.AnonymousAuthenticationFilter@3e5d10fc, org.springframework.security.oauth2.client.web.OAuth2AuthorizationCodeGrantFilter@6e512d7f, org.springframework.security.web.session.SessionManagementFilter@28806954, org.springframework.security.web.access.ExceptionTranslationFilter@1ee37c7a, org.springframework.security.web.access.intercept.AuthorizationFilter@2ccfd2cb]
2023-06-15 22:42:39,263 INFO [main] Starting ProtocolHandler ["https-jsse-nio-8081"]
2023-06-15 22:42:39,386 INFO [main] Tomcat started on port(s): 8081 (https) with context path ''
2023-06-15 22:42:39,391 INFO [main] Started IbProjekatApplication in 3.462 seconds (process running for 4.067)
2023-06-15 22:42:41,181 INFO [https-jsse-nio-8081-exec-2] Initializing Spring DispatcherServlet 'dispatcherServlet'
2023-06-15 22:42:41,182 INFO [https-jsse-nio-8081-exec-2] Initializing Servlet 'dispatcherServlet'
2023-06-15 22:42:41,182 INFO [https-jsse-nio-8081-exec-2] Completed initialization in 0 ms
2023-06-15 22:42:43,824 INFO [https-jsse-nio-8081-exec-3] OAuth radi nekim cudom
2023-06-15 22:42:44,163 INFO [https-jsse-nio-8081-exec-6] Started fetching all certificates
2023-06-15 22:42:44,174 INFO [https-jsse-nio-8081-exec-6] Successfully fetched all certificates
2023-06-15 22:43:14,975 INFO [https-jsse-nio-8081-exec-8] Started fetching all certificates
2023-06-15 22:43:14,980 INFO [https-jsse-nio-8081-exec-8] Successfully fetched all certificates
2023-06-15 22:43:32,030 INFO [https-jsse-nio-8081-exec-3] OAuth radi nekim cudom
2023-06-15 22:43:32,254 INFO [https-jsse-nio-8081-exec-8] Started fetching all certificates
2023-06-15 22:43:32,258 INFO [https-jsse-nio-8081-exec-8] Successfully fetched all certificates
2023-06-15 22:47:11,360 INFO [https-jsse-nio-8081-exec-3] OAuth radi nekim cudom
2023-06-15 22:47:11,667 INFO [https-jsse-nio-8081-exec-3] Started fetching all certificates
2023-06-15 22:47:11,671 INFO [https-jsse-nio-8081-exec-3] Successfully fetched all certificates
2023-06-15 22:50:36,904 INFO [SpringApplicationShutdownHook] Closing JPA EntityManagerFactory for persistence unit 'default'
2023-06-15 22:50:36,904 INFO [SpringApplicationShutdownHook] HHH000477: Starting delayed evictData of schema as part of SessionFactory shut-down'
2023-06-15 22:50:36,918 INFO [SpringApplicationShutdownHook] HikariPool-1 - Shutdown initiated...
2023-06-15 22:50:36,920 INFO [SpringApplicationShutdownHook] HikariPool-1 - Shutdown completed.
