2023-06-15 16:53:23,990 INFO [background-preinit] HV000001: Hibernate Validator 8.0.0.Final
2023-06-15 16:53:24,019 INFO [main] Starting IbProjekatApplication using Java 19.0.2 with PID 17892 (C:\Users\ivand\Desktop\Faks\Projekti\IB\IB-Projekat-Tim7\backend\IB-projekat\target\classes started by ivandj in C:\Users\ivand\Desktop\Faks\Projekti\IB\IB-Projekat-Tim7\backend\IB-projekat)
2023-06-15 16:53:24,020 DEBUG [main] Running with Spring Boot v3.0.4, Spring v6.0.6
2023-06-15 16:53:24,020 INFO [main] No active profile set, falling back to 1 default profile: "default"
2023-06-15 16:53:24,509 INFO [main] Bootstrapping Spring Data JPA repositories in DEFAULT mode.
2023-06-15 16:53:24,558 INFO [main] Finished Spring Data repository scanning in 43 ms. Found 5 JPA repository interfaces.
2023-06-15 16:53:24,900 INFO [main] Tomcat initialized with port(s): 8081 (https)
2023-06-15 16:53:24,907 INFO [main] Initializing ProtocolHandler ["https-jsse-nio-8081"]
2023-06-15 16:53:24,909 INFO [main] Starting service [Tomcat]
2023-06-15 16:53:24,909 INFO [main] Starting Servlet engine: [Apache Tomcat/10.1.5]
2023-06-15 16:53:24,977 INFO [main] Initializing Spring embedded WebApplicationContext
2023-06-15 16:53:24,978 INFO [main] Root WebApplicationContext: initialization completed in 928 ms
2023-06-15 16:53:25,068 INFO [main] HHH000204: Processing PersistenceUnitInfo [name: default]
2023-06-15 16:53:25,102 INFO [main] HHH000412: Hibernate ORM core version 6.1.7.Final
2023-06-15 16:53:25,304 INFO [main] HikariPool-1 - Starting...
2023-06-15 16:53:25,412 INFO [main] HikariPool-1 - Added connection org.postgresql.jdbc.PgConnection@17f8db6
2023-06-15 16:53:25,414 INFO [main] HikariPool-1 - Start completed.
2023-06-15 16:53:25,433 INFO [main] HHH000400: Using dialect: org.hibernate.dialect.PostgreSQLDialect
2023-06-15 16:53:26,095 WARN [main] SQL Warning Code: 0, SQLState: 00000
2023-06-15 16:53:26,095 WARN [main] relation "certificate_demands" does not exist, skipping
2023-06-15 16:53:26,096 WARN [main] SQL Warning Code: 0, SQLState: 00000
2023-06-15 16:53:26,096 WARN [main] relation "certificate_demands" does not exist, skipping
2023-06-15 16:53:26,096 WARN [main] SQL Warning Code: 0, SQLState: 00000
2023-06-15 16:53:26,096 WARN [main] relation "certificate_demands" does not exist, skipping
2023-06-15 16:53:26,097 WARN [main] SQL Warning Code: 0, SQLState: 00000
2023-06-15 16:53:26,097 WARN [main] relation "certificates" does not exist, skipping
2023-06-15 16:53:26,097 WARN [main] SQL Warning Code: 0, SQLState: 00000
2023-06-15 16:53:26,097 WARN [main] relation "certificates" does not exist, skipping
2023-06-15 16:53:26,097 WARN [main] SQL Warning Code: 0, SQLState: 00000
2023-06-15 16:53:26,097 WARN [main] relation "certificates" does not exist, skipping
2023-06-15 16:53:26,098 WARN [main] SQL Warning Code: 0, SQLState: 00000
2023-06-15 16:53:26,098 WARN [main] relation "password_history_entity" does not exist, skipping
2023-06-15 16:53:26,098 WARN [main] SQL Warning Code: 0, SQLState: 00000
2023-06-15 16:53:26,098 WARN [main] relation "verification_code" does not exist, skipping
2023-06-15 16:53:26,098 WARN [main] SQL Warning Code: 0, SQLState: 00000
2023-06-15 16:53:26,098 WARN [main] table "certificate_demands" does not exist, skipping
2023-06-15 16:53:26,099 WARN [main] SQL Warning Code: 0, SQLState: 00000
2023-06-15 16:53:26,099 WARN [main] table "certificates" does not exist, skipping
2023-06-15 16:53:26,099 WARN [main] SQL Warning Code: 0, SQLState: 00000
2023-06-15 16:53:26,099 WARN [main] table "password_history_entity" does not exist, skipping
2023-06-15 16:53:26,099 WARN [main] SQL Warning Code: 0, SQLState: 00000
2023-06-15 16:53:26,099 WARN [main] table "users" does not exist, skipping
2023-06-15 16:53:26,100 WARN [main] SQL Warning Code: 0, SQLState: 00000
2023-06-15 16:53:26,100 WARN [main] table "verification_code" does not exist, skipping
2023-06-15 16:53:26,100 WARN [main] SQL Warning Code: 0, SQLState: 00000
2023-06-15 16:53:26,100 WARN [main] sequence "certificate_demands_seq" does not exist, skipping
2023-06-15 16:53:26,100 WARN [main] SQL Warning Code: 0, SQLState: 00000
2023-06-15 16:53:26,100 WARN [main] sequence "certificates_seq" does not exist, skipping
2023-06-15 16:53:26,101 WARN [main] SQL Warning Code: 0, SQLState: 00000
2023-06-15 16:53:26,101 WARN [main] sequence "password_history_entity_seq" does not exist, skipping
2023-06-15 16:53:26,101 WARN [main] SQL Warning Code: 0, SQLState: 00000
2023-06-15 16:53:26,101 WARN [main] sequence "users_seq" does not exist, skipping
2023-06-15 16:53:26,101 WARN [main] SQL Warning Code: 0, SQLState: 00000
2023-06-15 16:53:26,101 WARN [main] sequence "verification_code_seq" does not exist, skipping
2023-06-15 16:53:26,136 INFO [main] HHH000490: Using JtaPlatform implementation: [org.hibernate.engine.transaction.jta.platform.internal.NoJtaPlatform]
2023-06-15 16:53:26,143 INFO [main] Initialized JPA EntityManagerFactory for persistence unit 'default'
2023-06-15 16:53:26,365 DEBUG [main] Filter 'jwtAuthenticationFilter' configured for use
2023-06-15 16:53:26,837 WARN [main] spring.jpa.open-in-view is enabled by default. Therefore, database queries may be performed during view rendering. Explicitly configure spring.jpa.open-in-view to disable this warning
2023-06-15 16:53:27,157 INFO [main] Will secure any request with [org.springframework.security.web.session.DisableEncodeUrlFilter@6e512d7f, org.springframework.security.web.context.request.async.WebAsyncManagerIntegrationFilter@2be49c8c, org.springframework.security.web.context.SecurityContextHolderFilter@24e0bdb, org.springframework.security.web.header.HeaderWriterFilter@4973dacf, org.springframework.web.filter.CorsFilter@5f160341, org.springframework.security.web.authentication.logout.LogoutFilter@47e02a89, org.springframework.security.oauth2.client.web.OAuth2AuthorizationRequestRedirectFilter@3de4f936, org.springframework.security.oauth2.client.web.OAuth2AuthorizationRequestRedirectFilter@5e537465, org.springframework.security.oauth2.client.web.OAuth2LoginAuthenticationFilter@4f27643d, ib.projekat.IBprojekat.websecurity.JwtAuthenticationFilter@13e5b262, org.springframework.security.web.authentication.ui.DefaultLoginPageGeneratingFilter@48d6248d, org.springframework.security.web.authentication.ui.DefaultLogoutPageGeneratingFilter@31f5580b, org.springframework.security.web.savedrequest.RequestCacheAwareFilter@2aa85cc4, org.springframework.security.web.servletapi.SecurityContextHolderAwareRequestFilter@17524c36, org.springframework.security.web.authentication.AnonymousAuthenticationFilter@56a8b19f, org.springframework.security.oauth2.client.web.OAuth2AuthorizationCodeGrantFilter@593d5f39, org.springframework.security.web.session.SessionManagementFilter@2d05d022, org.springframework.security.web.access.ExceptionTranslationFilter@38293d23, org.springframework.security.web.access.intercept.AuthorizationFilter@12581426]
2023-06-15 16:53:27,350 INFO [main] Starting ProtocolHandler ["https-jsse-nio-8081"]
2023-06-15 16:53:27,480 INFO [main] Tomcat started on port(s): 8081 (https) with context path ''
2023-06-15 16:53:27,486 INFO [main] Started IbProjekatApplication in 3.792 seconds (process running for 4.466)
2023-06-15 16:53:30,196 INFO [https-jsse-nio-8081-exec-4] Initializing Spring DispatcherServlet 'dispatcherServlet'
2023-06-15 16:53:30,196 INFO [https-jsse-nio-8081-exec-4] Initializing Servlet 'dispatcherServlet'
2023-06-15 16:53:30,197 INFO [https-jsse-nio-8081-exec-4] Completed initialization in 1 ms
2023-06-15 16:54:41,823 INFO [SpringApplicationShutdownHook] Closing JPA EntityManagerFactory for persistence unit 'default'
2023-06-15 16:54:41,824 INFO [SpringApplicationShutdownHook] HHH000477: Starting delayed evictData of schema as part of SessionFactory shut-down'
2023-06-15 16:54:41,837 INFO [SpringApplicationShutdownHook] HikariPool-1 - Shutdown initiated...
2023-06-15 16:54:41,839 INFO [SpringApplicationShutdownHook] HikariPool-1 - Shutdown completed.
