2023-06-16 17:49:58,526 INFO [background-preinit] HV000001: Hibernate Validator 8.0.0.Final
2023-06-16 17:49:58,555 INFO [main] Starting IbProjekatApplication using Java 19.0.2 with PID 17620 (C:\Users\ivand\Desktop\Faks\Projekti\IB\IB-Projekat-Tim7\backend\IB-projekat\target\classes started by ivandj in C:\Users\ivand\Desktop\Faks\Projekti\IB\IB-Projekat-Tim7\backend\IB-projekat)
2023-06-16 17:49:58,555 DEBUG [main] Running with Spring Boot v3.0.4, Spring v6.0.6
2023-06-16 17:49:58,556 INFO [main] No active profile set, falling back to 1 default profile: "default"
2023-06-16 17:49:59,014 INFO [main] Bootstrapping Spring Data JPA repositories in DEFAULT mode.
2023-06-16 17:49:59,068 INFO [main] Finished Spring Data repository scanning in 48 ms. Found 5 JPA repository interfaces.
2023-06-16 17:49:59,408 INFO [main] Tomcat initialized with port(s): 8081 (https)
2023-06-16 17:49:59,414 INFO [main] Initializing ProtocolHandler ["https-jsse-nio-8081"]
2023-06-16 17:49:59,415 INFO [main] Starting service [Tomcat]
2023-06-16 17:49:59,416 INFO [main] Starting Servlet engine: [Apache Tomcat/10.1.5]
2023-06-16 17:49:59,469 INFO [main] Initializing Spring embedded WebApplicationContext
2023-06-16 17:49:59,469 INFO [main] Root WebApplicationContext: initialization completed in 882 ms
2023-06-16 17:49:59,553 INFO [main] HHH000204: Processing PersistenceUnitInfo [name: default]
2023-06-16 17:49:59,585 INFO [main] HHH000412: Hibernate ORM core version 6.1.7.Final
2023-06-16 17:49:59,765 INFO [main] HikariPool-1 - Starting...
2023-06-16 17:49:59,976 INFO [main] HikariPool-1 - Added connection org.postgresql.jdbc.PgConnection@208e5b23
2023-06-16 17:49:59,978 INFO [main] HikariPool-1 - Start completed.
2023-06-16 17:50:00,000 INFO [main] HHH000400: Using dialect: org.hibernate.dialect.PostgreSQLDialect
2023-06-16 17:50:00,602 WARN [main] SQL Warning Code: 0, SQLState: 00000
2023-06-16 17:50:00,602 WARN [main] relation "certificate_demands" does not exist, skipping
2023-06-16 17:50:00,603 WARN [main] SQL Warning Code: 0, SQLState: 00000
2023-06-16 17:50:00,603 WARN [main] relation "certificate_demands" does not exist, skipping
2023-06-16 17:50:00,603 WARN [main] SQL Warning Code: 0, SQLState: 00000
2023-06-16 17:50:00,603 WARN [main] relation "certificate_demands" does not exist, skipping
2023-06-16 17:50:00,604 WARN [main] SQL Warning Code: 0, SQLState: 00000
2023-06-16 17:50:00,604 WARN [main] relation "certificates" does not exist, skipping
2023-06-16 17:50:00,605 WARN [main] SQL Warning Code: 0, SQLState: 00000
2023-06-16 17:50:00,605 WARN [main] relation "certificates" does not exist, skipping
2023-06-16 17:50:00,605 WARN [main] SQL Warning Code: 0, SQLState: 00000
2023-06-16 17:50:00,605 WARN [main] relation "certificates" does not exist, skipping
2023-06-16 17:50:00,605 WARN [main] SQL Warning Code: 0, SQLState: 00000
2023-06-16 17:50:00,606 WARN [main] relation "password_history_entity" does not exist, skipping
2023-06-16 17:50:00,606 WARN [main] SQL Warning Code: 0, SQLState: 00000
2023-06-16 17:50:00,606 WARN [main] relation "verification_code" does not exist, skipping
2023-06-16 17:50:00,606 WARN [main] SQL Warning Code: 0, SQLState: 00000
2023-06-16 17:50:00,606 WARN [main] table "certificate_demands" does not exist, skipping
2023-06-16 17:50:00,607 WARN [main] SQL Warning Code: 0, SQLState: 00000
2023-06-16 17:50:00,607 WARN [main] table "certificates" does not exist, skipping
2023-06-16 17:50:00,607 WARN [main] SQL Warning Code: 0, SQLState: 00000
2023-06-16 17:50:00,607 WARN [main] table "password_history_entity" does not exist, skipping
2023-06-16 17:50:00,608 WARN [main] SQL Warning Code: 0, SQLState: 00000
2023-06-16 17:50:00,608 WARN [main] table "users" does not exist, skipping
2023-06-16 17:50:00,608 WARN [main] SQL Warning Code: 0, SQLState: 00000
2023-06-16 17:50:00,608 WARN [main] table "verification_code" does not exist, skipping
2023-06-16 17:50:00,609 WARN [main] SQL Warning Code: 0, SQLState: 00000
2023-06-16 17:50:00,609 WARN [main] sequence "certificate_demands_seq" does not exist, skipping
2023-06-16 17:50:00,609 WARN [main] SQL Warning Code: 0, SQLState: 00000
2023-06-16 17:50:00,609 WARN [main] sequence "certificates_seq" does not exist, skipping
2023-06-16 17:50:00,609 WARN [main] SQL Warning Code: 0, SQLState: 00000
2023-06-16 17:50:00,609 WARN [main] sequence "password_history_entity_seq" does not exist, skipping
2023-06-16 17:50:00,610 WARN [main] SQL Warning Code: 0, SQLState: 00000
2023-06-16 17:50:00,610 WARN [main] sequence "users_seq" does not exist, skipping
2023-06-16 17:50:00,610 WARN [main] SQL Warning Code: 0, SQLState: 00000
2023-06-16 17:50:00,610 WARN [main] sequence "verification_code_seq" does not exist, skipping
2023-06-16 17:50:00,650 INFO [main] HHH000490: Using JtaPlatform implementation: [org.hibernate.engine.transaction.jta.platform.internal.NoJtaPlatform]
2023-06-16 17:50:00,657 INFO [main] Initialized JPA EntityManagerFactory for persistence unit 'default'
2023-06-16 17:50:00,880 DEBUG [main] Filter 'jwtAuthenticationFilter' configured for use
2023-06-16 17:50:01,236 WARN [main] spring.jpa.open-in-view is enabled by default. Therefore, database queries may be performed during view rendering. Explicitly configure spring.jpa.open-in-view to disable this warning
2023-06-16 17:50:01,429 INFO [main] Will secure any request with [org.springframework.security.web.session.DisableEncodeUrlFilter@35f59dfe, org.springframework.security.web.context.request.async.WebAsyncManagerIntegrationFilter@6b71fded, org.springframework.security.web.context.SecurityContextHolderFilter@5ba4735c, org.springframework.security.web.header.HeaderWriterFilter@3dc976da, org.springframework.web.filter.CorsFilter@1633962a, org.springframework.security.web.authentication.logout.LogoutFilter@56929ce, org.springframework.security.oauth2.client.web.OAuth2AuthorizationRequestRedirectFilter@7a68818c, org.springframework.security.oauth2.client.web.OAuth2AuthorizationRequestRedirectFilter@2f7e2481, org.springframework.security.oauth2.client.web.OAuth2LoginAuthenticationFilter@5f745970, ib.projekat.IBprojekat.websecurity.JwtAuthenticationFilter@5c1ea00, org.springframework.security.web.authentication.ui.DefaultLoginPageGeneratingFilter@6984f7d1, org.springframework.security.web.authentication.ui.DefaultLogoutPageGeneratingFilter@2afd8972, org.springframework.security.web.savedrequest.RequestCacheAwareFilter@f1b0658, org.springframework.security.web.servletapi.SecurityContextHolderAwareRequestFilter@361065d1, org.springframework.security.web.authentication.AnonymousAuthenticationFilter@33fefbbe, org.springframework.security.oauth2.client.web.OAuth2AuthorizationCodeGrantFilter@2408ca4c, org.springframework.security.web.session.SessionManagementFilter@495c4ce7, org.springframework.security.web.access.ExceptionTranslationFilter@72e806, org.springframework.security.web.access.intercept.AuthorizationFilter@2fba15c5]
2023-06-16 17:50:01,558 INFO [main] Starting ProtocolHandler ["https-jsse-nio-8081"]
2023-06-16 17:50:01,647 INFO [main] Tomcat started on port(s): 8081 (https) with context path ''
2023-06-16 17:50:01,652 INFO [main] Started IbProjekatApplication in 3.408 seconds (process running for 4.032)
2023-06-16 17:50:23,751 INFO [SpringApplicationShutdownHook] Closing JPA EntityManagerFactory for persistence unit 'default'
2023-06-16 17:50:23,751 INFO [SpringApplicationShutdownHook] HHH000477: Starting delayed evictData of schema as part of SessionFactory shut-down'
2023-06-16 17:50:23,766 INFO [SpringApplicationShutdownHook] HikariPool-1 - Shutdown initiated...
2023-06-16 17:50:23,771 INFO [SpringApplicationShutdownHook] HikariPool-1 - Shutdown completed.
