2023-06-15 21:58:47,648 INFO [background-preinit] HV000001: Hibernate Validator 8.0.0.Final
2023-06-15 21:58:47,675 INFO [main] Starting IbProjekatApplication using Java 19.0.2 with PID 20620 (C:\Users\ivand\Desktop\Faks\Projekti\IB\IB-Projekat-Tim7\backend\IB-projekat\target\classes started by ivandj in C:\Users\ivand\Desktop\Faks\Projekti\IB\IB-Projekat-Tim7\backend\IB-projekat)
2023-06-15 21:58:47,675 DEBUG [main] Running with Spring Boot v3.0.4, Spring v6.0.6
2023-06-15 21:58:47,675 INFO [main] No active profile set, falling back to 1 default profile: "default"
2023-06-15 21:58:48,149 INFO [main] Bootstrapping Spring Data JPA repositories in DEFAULT mode.
2023-06-15 21:58:48,196 INFO [main] Finished Spring Data repository scanning in 40 ms. Found 5 JPA repository interfaces.
2023-06-15 21:58:48,539 INFO [main] Tomcat initialized with port(s): 8081 (https)
2023-06-15 21:58:48,545 INFO [main] Initializing ProtocolHandler ["https-jsse-nio-8081"]
2023-06-15 21:58:48,546 INFO [main] Starting service [Tomcat]
2023-06-15 21:58:48,547 INFO [main] Starting Servlet engine: [Apache Tomcat/10.1.5]
2023-06-15 21:58:48,606 INFO [main] Initializing Spring embedded WebApplicationContext
2023-06-15 21:58:48,606 INFO [main] Root WebApplicationContext: initialization completed in 899 ms
2023-06-15 21:58:48,690 INFO [main] HHH000204: Processing PersistenceUnitInfo [name: default]
2023-06-15 21:58:48,724 INFO [main] HHH000412: Hibernate ORM core version 6.1.7.Final
2023-06-15 21:58:48,896 INFO [main] HikariPool-1 - Starting...
2023-06-15 21:58:48,997 INFO [main] HikariPool-1 - Added connection org.postgresql.jdbc.PgConnection@4e8d9bb6
2023-06-15 21:58:48,999 INFO [main] HikariPool-1 - Start completed.
2023-06-15 21:58:49,019 INFO [main] HHH000400: Using dialect: org.hibernate.dialect.PostgreSQLDialect
2023-06-15 21:58:49,650 WARN [main] SQL Warning Code: 0, SQLState: 00000
2023-06-15 21:58:49,651 WARN [main] relation "certificate_demands" does not exist, skipping
2023-06-15 21:58:49,651 WARN [main] SQL Warning Code: 0, SQLState: 00000
2023-06-15 21:58:49,651 WARN [main] relation "certificate_demands" does not exist, skipping
2023-06-15 21:58:49,651 WARN [main] SQL Warning Code: 0, SQLState: 00000
2023-06-15 21:58:49,651 WARN [main] relation "certificate_demands" does not exist, skipping
2023-06-15 21:58:49,652 WARN [main] SQL Warning Code: 0, SQLState: 00000
2023-06-15 21:58:49,652 WARN [main] relation "certificates" does not exist, skipping
2023-06-15 21:58:49,652 WARN [main] SQL Warning Code: 0, SQLState: 00000
2023-06-15 21:58:49,652 WARN [main] relation "certificates" does not exist, skipping
2023-06-15 21:58:49,652 WARN [main] SQL Warning Code: 0, SQLState: 00000
2023-06-15 21:58:49,652 WARN [main] relation "certificates" does not exist, skipping
2023-06-15 21:58:49,653 WARN [main] SQL Warning Code: 0, SQLState: 00000
2023-06-15 21:58:49,653 WARN [main] relation "password_history_entity" does not exist, skipping
2023-06-15 21:58:49,653 WARN [main] SQL Warning Code: 0, SQLState: 00000
2023-06-15 21:58:49,653 WARN [main] relation "verification_code" does not exist, skipping
2023-06-15 21:58:49,654 WARN [main] SQL Warning Code: 0, SQLState: 00000
2023-06-15 21:58:49,654 WARN [main] table "certificate_demands" does not exist, skipping
2023-06-15 21:58:49,654 WARN [main] SQL Warning Code: 0, SQLState: 00000
2023-06-15 21:58:49,654 WARN [main] table "certificates" does not exist, skipping
2023-06-15 21:58:49,655 WARN [main] SQL Warning Code: 0, SQLState: 00000
2023-06-15 21:58:49,655 WARN [main] table "password_history_entity" does not exist, skipping
2023-06-15 21:58:49,655 WARN [main] SQL Warning Code: 0, SQLState: 00000
2023-06-15 21:58:49,655 WARN [main] table "users" does not exist, skipping
2023-06-15 21:58:49,655 WARN [main] SQL Warning Code: 0, SQLState: 00000
2023-06-15 21:58:49,655 WARN [main] table "verification_code" does not exist, skipping
2023-06-15 21:58:49,656 WARN [main] SQL Warning Code: 0, SQLState: 00000
2023-06-15 21:58:49,656 WARN [main] sequence "certificate_demands_seq" does not exist, skipping
2023-06-15 21:58:49,656 WARN [main] SQL Warning Code: 0, SQLState: 00000
2023-06-15 21:58:49,656 WARN [main] sequence "certificates_seq" does not exist, skipping
2023-06-15 21:58:49,656 WARN [main] SQL Warning Code: 0, SQLState: 00000
2023-06-15 21:58:49,656 WARN [main] sequence "password_history_entity_seq" does not exist, skipping
2023-06-15 21:58:49,657 WARN [main] SQL Warning Code: 0, SQLState: 00000
2023-06-15 21:58:49,657 WARN [main] sequence "users_seq" does not exist, skipping
2023-06-15 21:58:49,657 WARN [main] SQL Warning Code: 0, SQLState: 00000
2023-06-15 21:58:49,657 WARN [main] sequence "verification_code_seq" does not exist, skipping
2023-06-15 21:58:49,689 INFO [main] HHH000490: Using JtaPlatform implementation: [org.hibernate.engine.transaction.jta.platform.internal.NoJtaPlatform]
2023-06-15 21:58:49,696 INFO [main] Initialized JPA EntityManagerFactory for persistence unit 'default'
2023-06-15 21:58:49,898 DEBUG [main] Filter 'jwtAuthenticationFilter' configured for use
2023-06-15 21:58:50,258 WARN [main] spring.jpa.open-in-view is enabled by default. Therefore, database queries may be performed during view rendering. Explicitly configure spring.jpa.open-in-view to disable this warning
2023-06-15 21:58:50,447 INFO [main] Will secure any request with [org.springframework.security.web.session.DisableEncodeUrlFilter@794cd751, org.springframework.security.web.context.request.async.WebAsyncManagerIntegrationFilter@63069995, org.springframework.security.web.context.SecurityContextHolderFilter@7fcc8d9f, org.springframework.security.web.header.HeaderWriterFilter@5037f491, org.springframework.web.filter.CorsFilter@3003d288, org.springframework.security.web.authentication.logout.LogoutFilter@6b5fdbd0, org.springframework.security.oauth2.client.web.OAuth2AuthorizationRequestRedirectFilter@5e78dd7f, org.springframework.security.oauth2.client.web.OAuth2AuthorizationRequestRedirectFilter@615f61ec, org.springframework.security.oauth2.client.web.OAuth2LoginAuthenticationFilter@3c5de17c, ib.projekat.IBprojekat.websecurity.JwtAuthenticationFilter@1d5958d3, org.springframework.security.web.authentication.ui.DefaultLoginPageGeneratingFilter@38293d23, org.springframework.security.web.authentication.ui.DefaultLogoutPageGeneratingFilter@110b6c78, org.springframework.security.web.savedrequest.RequestCacheAwareFilter@11c68269, org.springframework.security.web.servletapi.SecurityContextHolderAwareRequestFilter@1f15d346, org.springframework.security.web.authentication.AnonymousAuthenticationFilter@e62d757, org.springframework.security.oauth2.client.web.OAuth2AuthorizationCodeGrantFilter@7597ae32, org.springframework.security.web.session.SessionManagementFilter@511ba9c9, org.springframework.security.web.access.ExceptionTranslationFilter@1e0bae92, org.springframework.security.web.access.intercept.AuthorizationFilter@76b8b6a6]
2023-06-15 21:58:50,593 INFO [main] Starting ProtocolHandler ["https-jsse-nio-8081"]
2023-06-15 21:58:50,712 INFO [main] Tomcat started on port(s): 8081 (https) with context path ''
2023-06-15 21:58:50,717 INFO [main] Started IbProjekatApplication in 3.382 seconds (process running for 4.104)
2023-06-15 21:58:52,838 INFO [https-jsse-nio-8081-exec-2] Initializing Spring DispatcherServlet 'dispatcherServlet'
2023-06-15 21:58:52,838 INFO [https-jsse-nio-8081-exec-2] Initializing Servlet 'dispatcherServlet'
2023-06-15 21:58:52,839 INFO [https-jsse-nio-8081-exec-2] Completed initialization in 1 ms
2023-06-15 21:58:55,503 INFO [https-jsse-nio-8081-exec-2] at_hash : dB40zzmoyTKhSW9I7W5sUQ
2023-06-15 21:58:55,503 INFO [https-jsse-nio-8081-exec-2] sub : 108624137993217401944
2023-06-15 21:58:55,503 INFO [https-jsse-nio-8081-exec-2] email_verified : true
2023-06-15 21:58:55,504 INFO [https-jsse-nio-8081-exec-2] iss : https://accounts.google.com
2023-06-15 21:58:55,504 INFO [https-jsse-nio-8081-exec-2] given_name : Ivan
2023-06-15 21:58:55,504 INFO [https-jsse-nio-8081-exec-2] locale : en
2023-06-15 21:58:55,504 INFO [https-jsse-nio-8081-exec-2] nonce : GFQpqN2w_9epDBqIcEOI18o8oe2mUHnTVBQpRlZF2TI
2023-06-15 21:58:55,504 INFO [https-jsse-nio-8081-exec-2] picture : https://lh3.googleusercontent.com/a/AAcHTterSojdZZjsfImYEAZBoHw0n3E-HaEr_ulXnFlJ=s96-c
2023-06-15 21:58:55,504 INFO [https-jsse-nio-8081-exec-2] aud : [910708360669-vbk26t65o0ne19d40nadfcpbvdlsfbvb.apps.googleusercontent.com]
2023-06-15 21:58:55,504 INFO [https-jsse-nio-8081-exec-2] azp : 910708360669-vbk26t65o0ne19d40nadfcpbvdlsfbvb.apps.googleusercontent.com
2023-06-15 21:58:55,504 INFO [https-jsse-nio-8081-exec-2] name : Ivan Đukanović
2023-06-15 21:58:55,504 INFO [https-jsse-nio-8081-exec-2] exp : 2023-06-15T20:58:54Z
2023-06-15 21:58:55,504 INFO [https-jsse-nio-8081-exec-2] family_name : Đukanović
2023-06-15 21:58:55,504 INFO [https-jsse-nio-8081-exec-2] iat : 2023-06-15T19:58:54Z
2023-06-15 21:58:55,504 INFO [https-jsse-nio-8081-exec-2] email : ivan.djukanovic07@gmail.com
2023-06-15 21:58:55,504 INFO [https-jsse-nio-8081-exec-2] OAuth radi nekim cudom
2023-06-15 22:00:49,780 INFO [SpringApplicationShutdownHook] Closing JPA EntityManagerFactory for persistence unit 'default'
2023-06-15 22:00:49,781 INFO [SpringApplicationShutdownHook] HHH000477: Starting delayed evictData of schema as part of SessionFactory shut-down'
2023-06-15 22:00:49,794 INFO [SpringApplicationShutdownHook] HikariPool-1 - Shutdown initiated...
2023-06-15 22:00:49,796 INFO [SpringApplicationShutdownHook] HikariPool-1 - Shutdown completed.
