2023-06-15 21:57:33,707 INFO [background-preinit] HV000001: Hibernate Validator 8.0.0.Final
2023-06-15 21:57:33,735 INFO [main] Starting IbProjekatApplication using Java 19.0.2 with PID 13596 (C:\Users\ivand\Desktop\Faks\Projekti\IB\IB-Projekat-Tim7\backend\IB-projekat\target\classes started by ivandj in C:\Users\ivand\Desktop\Faks\Projekti\IB\IB-Projekat-Tim7\backend\IB-projekat)
2023-06-15 21:57:33,736 DEBUG [main] Running with Spring Boot v3.0.4, Spring v6.0.6
2023-06-15 21:57:33,736 INFO [main] No active profile set, falling back to 1 default profile: "default"
2023-06-15 21:57:34,221 INFO [main] Bootstrapping Spring Data JPA repositories in DEFAULT mode.
2023-06-15 21:57:34,277 INFO [main] Finished Spring Data repository scanning in 45 ms. Found 5 JPA repository interfaces.
2023-06-15 21:57:34,646 INFO [main] Tomcat initialized with port(s): 8081 (https)
2023-06-15 21:57:34,651 INFO [main] Initializing ProtocolHandler ["https-jsse-nio-8081"]
2023-06-15 21:57:34,653 INFO [main] Starting service [Tomcat]
2023-06-15 21:57:34,653 INFO [main] Starting Servlet engine: [Apache Tomcat/10.1.5]
2023-06-15 21:57:34,713 INFO [main] Initializing Spring embedded WebApplicationContext
2023-06-15 21:57:34,713 INFO [main] Root WebApplicationContext: initialization completed in 947 ms
2023-06-15 21:57:34,813 INFO [main] HHH000204: Processing PersistenceUnitInfo [name: default]
2023-06-15 21:57:34,846 INFO [main] HHH000412: Hibernate ORM core version 6.1.7.Final
2023-06-15 21:57:35,040 INFO [main] HikariPool-1 - Starting...
2023-06-15 21:57:35,155 INFO [main] HikariPool-1 - Added connection org.postgresql.jdbc.PgConnection@17f8db6
2023-06-15 21:57:35,156 INFO [main] HikariPool-1 - Start completed.
2023-06-15 21:57:35,176 INFO [main] HHH000400: Using dialect: org.hibernate.dialect.PostgreSQLDialect
2023-06-15 21:57:35,844 WARN [main] SQL Warning Code: 0, SQLState: 00000
2023-06-15 21:57:35,845 WARN [main] relation "certificate_demands" does not exist, skipping
2023-06-15 21:57:35,845 WARN [main] SQL Warning Code: 0, SQLState: 00000
2023-06-15 21:57:35,845 WARN [main] relation "certificate_demands" does not exist, skipping
2023-06-15 21:57:35,845 WARN [main] SQL Warning Code: 0, SQLState: 00000
2023-06-15 21:57:35,845 WARN [main] relation "certificate_demands" does not exist, skipping
2023-06-15 21:57:35,846 WARN [main] SQL Warning Code: 0, SQLState: 00000
2023-06-15 21:57:35,846 WARN [main] relation "certificates" does not exist, skipping
2023-06-15 21:57:35,846 WARN [main] SQL Warning Code: 0, SQLState: 00000
2023-06-15 21:57:35,846 WARN [main] relation "certificates" does not exist, skipping
2023-06-15 21:57:35,846 WARN [main] SQL Warning Code: 0, SQLState: 00000
2023-06-15 21:57:35,846 WARN [main] relation "certificates" does not exist, skipping
2023-06-15 21:57:35,847 WARN [main] SQL Warning Code: 0, SQLState: 00000
2023-06-15 21:57:35,847 WARN [main] relation "password_history_entity" does not exist, skipping
2023-06-15 21:57:35,847 WARN [main] SQL Warning Code: 0, SQLState: 00000
2023-06-15 21:57:35,847 WARN [main] relation "verification_code" does not exist, skipping
2023-06-15 21:57:35,847 WARN [main] SQL Warning Code: 0, SQLState: 00000
2023-06-15 21:57:35,847 WARN [main] table "certificate_demands" does not exist, skipping
2023-06-15 21:57:35,848 WARN [main] SQL Warning Code: 0, SQLState: 00000
2023-06-15 21:57:35,848 WARN [main] table "certificates" does not exist, skipping
2023-06-15 21:57:35,848 WARN [main] SQL Warning Code: 0, SQLState: 00000
2023-06-15 21:57:35,848 WARN [main] table "password_history_entity" does not exist, skipping
2023-06-15 21:57:35,848 WARN [main] SQL Warning Code: 0, SQLState: 00000
2023-06-15 21:57:35,848 WARN [main] table "users" does not exist, skipping
2023-06-15 21:57:35,849 WARN [main] SQL Warning Code: 0, SQLState: 00000
2023-06-15 21:57:35,849 WARN [main] table "verification_code" does not exist, skipping
2023-06-15 21:57:35,849 WARN [main] SQL Warning Code: 0, SQLState: 00000
2023-06-15 21:57:35,849 WARN [main] sequence "certificate_demands_seq" does not exist, skipping
2023-06-15 21:57:35,849 WARN [main] SQL Warning Code: 0, SQLState: 00000
2023-06-15 21:57:35,849 WARN [main] sequence "certificates_seq" does not exist, skipping
2023-06-15 21:57:35,849 WARN [main] SQL Warning Code: 0, SQLState: 00000
2023-06-15 21:57:35,849 WARN [main] sequence "password_history_entity_seq" does not exist, skipping
2023-06-15 21:57:35,849 WARN [main] SQL Warning Code: 0, SQLState: 00000
2023-06-15 21:57:35,849 WARN [main] sequence "users_seq" does not exist, skipping
2023-06-15 21:57:35,850 WARN [main] SQL Warning Code: 0, SQLState: 00000
2023-06-15 21:57:35,850 WARN [main] sequence "verification_code_seq" does not exist, skipping
2023-06-15 21:57:35,884 INFO [main] HHH000490: Using JtaPlatform implementation: [org.hibernate.engine.transaction.jta.platform.internal.NoJtaPlatform]
2023-06-15 21:57:35,890 INFO [main] Initialized JPA EntityManagerFactory for persistence unit 'default'
2023-06-15 21:57:36,129 DEBUG [main] Filter 'jwtAuthenticationFilter' configured for use
2023-06-15 21:57:36,546 WARN [main] spring.jpa.open-in-view is enabled by default. Therefore, database queries may be performed during view rendering. Explicitly configure spring.jpa.open-in-view to disable this warning
2023-06-15 21:57:36,740 INFO [main] Will secure any request with [org.springframework.security.web.session.DisableEncodeUrlFilter@6e512d7f, org.springframework.security.web.context.request.async.WebAsyncManagerIntegrationFilter@2be49c8c, org.springframework.security.web.context.SecurityContextHolderFilter@2d05d022, org.springframework.security.web.header.HeaderWriterFilter@7fb70e94, org.springframework.web.filter.CorsFilter@5f160341, org.springframework.security.web.authentication.logout.LogoutFilter@47e02a89, org.springframework.security.oauth2.client.web.OAuth2AuthorizationRequestRedirectFilter@3de4f936, org.springframework.security.oauth2.client.web.OAuth2AuthorizationRequestRedirectFilter@5e537465, org.springframework.security.oauth2.client.web.OAuth2LoginAuthenticationFilter@4f27643d, ib.projekat.IBprojekat.websecurity.JwtAuthenticationFilter@136cad3e, org.springframework.security.web.authentication.ui.DefaultLoginPageGeneratingFilter@730a140b, org.springframework.security.web.authentication.ui.DefaultLogoutPageGeneratingFilter@31f5580b, org.springframework.security.web.savedrequest.RequestCacheAwareFilter@7ff26b29, org.springframework.security.web.servletapi.SecurityContextHolderAwareRequestFilter@466fd19b, org.springframework.security.web.authentication.AnonymousAuthenticationFilter@56a8b19f, org.springframework.security.oauth2.client.web.OAuth2AuthorizationCodeGrantFilter@593d5f39, org.springframework.security.web.session.SessionManagementFilter@4e132a9b, org.springframework.security.web.access.ExceptionTranslationFilter@3ae5cbb9, org.springframework.security.web.access.intercept.AuthorizationFilter@12581426]
2023-06-15 21:57:36,881 INFO [main] Starting ProtocolHandler ["https-jsse-nio-8081"]
2023-06-15 21:57:36,996 INFO [main] Tomcat started on port(s): 8081 (https) with context path ''
2023-06-15 21:57:37,002 INFO [main] Started IbProjekatApplication in 3.595 seconds (process running for 4.199)
2023-06-15 21:58:01,502 INFO [https-jsse-nio-8081-exec-6] Initializing Spring DispatcherServlet 'dispatcherServlet'
2023-06-15 21:58:01,503 INFO [https-jsse-nio-8081-exec-6] Initializing Servlet 'dispatcherServlet'
2023-06-15 21:58:01,503 INFO [https-jsse-nio-8081-exec-6] Completed initialization in 0 ms
2023-06-15 21:58:04,241 INFO [https-jsse-nio-8081-exec-6] at_hash : ftRWf0MJb8idOLAz6kupXA
2023-06-15 21:58:04,242 INFO [https-jsse-nio-8081-exec-6] sub : 108624137993217401944
2023-06-15 21:58:04,242 INFO [https-jsse-nio-8081-exec-6] email_verified : true
2023-06-15 21:58:04,242 INFO [https-jsse-nio-8081-exec-6] iss : https://accounts.google.com
2023-06-15 21:58:04,242 INFO [https-jsse-nio-8081-exec-6] given_name : Ivan
2023-06-15 21:58:04,242 INFO [https-jsse-nio-8081-exec-6] locale : en
2023-06-15 21:58:04,242 INFO [https-jsse-nio-8081-exec-6] nonce : -x5M41UQQ82dimobEY8DT9P6zRCGgrOuW4nYbWiviU0
2023-06-15 21:58:04,242 INFO [https-jsse-nio-8081-exec-6] picture : https://lh3.googleusercontent.com/a/AAcHTterSojdZZjsfImYEAZBoHw0n3E-HaEr_ulXnFlJ=s96-c
2023-06-15 21:58:04,242 INFO [https-jsse-nio-8081-exec-6] aud : [910708360669-vbk26t65o0ne19d40nadfcpbvdlsfbvb.apps.googleusercontent.com]
2023-06-15 21:58:04,242 INFO [https-jsse-nio-8081-exec-6] azp : 910708360669-vbk26t65o0ne19d40nadfcpbvdlsfbvb.apps.googleusercontent.com
2023-06-15 21:58:04,242 INFO [https-jsse-nio-8081-exec-6] name : Ivan Đukanović
2023-06-15 21:58:04,242 INFO [https-jsse-nio-8081-exec-6] exp : 2023-06-15T20:58:03Z
2023-06-15 21:58:04,242 INFO [https-jsse-nio-8081-exec-6] family_name : Đukanović
2023-06-15 21:58:04,242 INFO [https-jsse-nio-8081-exec-6] iat : 2023-06-15T19:58:03Z
2023-06-15 21:58:04,242 INFO [https-jsse-nio-8081-exec-6] email : ivan.djukanovic07@gmail.com
2023-06-15 21:58:04,242 INFO [https-jsse-nio-8081-exec-6] OAuth radi nekim cudom
2023-06-15 21:58:44,178 INFO [SpringApplicationShutdownHook] Closing JPA EntityManagerFactory for persistence unit 'default'
2023-06-15 21:58:44,179 INFO [SpringApplicationShutdownHook] HHH000477: Starting delayed evictData of schema as part of SessionFactory shut-down'
2023-06-15 21:58:44,192 INFO [SpringApplicationShutdownHook] HikariPool-1 - Shutdown initiated...
2023-06-15 21:58:44,194 INFO [SpringApplicationShutdownHook] HikariPool-1 - Shutdown completed.
