2023-06-15 16:48:18,488 INFO [background-preinit] HV000001: Hibernate Validator 8.0.0.Final
2023-06-15 16:48:18,519 INFO [main] Starting IbProjekatApplication using Java 19.0.2 with PID 22304 (C:\Users\ivand\Desktop\Faks\Projekti\IB\IB-Projekat-Tim7\backend\IB-projekat\target\classes started by ivandj in C:\Users\ivand\Desktop\Faks\Projekti\IB\IB-Projekat-Tim7\backend\IB-projekat)
2023-06-15 16:48:18,519 DEBUG [main] Running with Spring Boot v3.0.4, Spring v6.0.6
2023-06-15 16:48:18,520 INFO [main] No active profile set, falling back to 1 default profile: "default"
2023-06-15 16:48:19,039 INFO [main] Bootstrapping Spring Data JPA repositories in DEFAULT mode.
2023-06-15 16:48:19,085 INFO [main] Finished Spring Data repository scanning in 40 ms. Found 5 JPA repository interfaces.
2023-06-15 16:48:19,435 INFO [main] Tomcat initialized with port(s): 8081 (https)
2023-06-15 16:48:19,442 INFO [main] Initializing ProtocolHandler ["https-jsse-nio-8081"]
2023-06-15 16:48:19,444 INFO [main] Starting service [Tomcat]
2023-06-15 16:48:19,444 INFO [main] Starting Servlet engine: [Apache Tomcat/10.1.5]
2023-06-15 16:48:19,504 INFO [main] Initializing Spring embedded WebApplicationContext
2023-06-15 16:48:19,505 INFO [main] Root WebApplicationContext: initialization completed in 941 ms
2023-06-15 16:48:19,593 INFO [main] HHH000204: Processing PersistenceUnitInfo [name: default]
2023-06-15 16:48:19,627 INFO [main] HHH000412: Hibernate ORM core version 6.1.7.Final
2023-06-15 16:48:19,801 INFO [main] HikariPool-1 - Starting...
2023-06-15 16:48:19,901 INFO [main] HikariPool-1 - Added connection org.postgresql.jdbc.PgConnection@12f8682a
2023-06-15 16:48:19,902 INFO [main] HikariPool-1 - Start completed.
2023-06-15 16:48:19,921 INFO [main] HHH000400: Using dialect: org.hibernate.dialect.PostgreSQLDialect
2023-06-15 16:48:20,500 WARN [main] SQL Warning Code: 0, SQLState: 00000
2023-06-15 16:48:20,500 WARN [main] relation "certificate_demands" does not exist, skipping
2023-06-15 16:48:20,501 WARN [main] SQL Warning Code: 0, SQLState: 00000
2023-06-15 16:48:20,501 WARN [main] relation "certificate_demands" does not exist, skipping
2023-06-15 16:48:20,501 WARN [main] SQL Warning Code: 0, SQLState: 00000
2023-06-15 16:48:20,501 WARN [main] relation "certificate_demands" does not exist, skipping
2023-06-15 16:48:20,502 WARN [main] SQL Warning Code: 0, SQLState: 00000
2023-06-15 16:48:20,502 WARN [main] relation "certificates" does not exist, skipping
2023-06-15 16:48:20,502 WARN [main] SQL Warning Code: 0, SQLState: 00000
2023-06-15 16:48:20,502 WARN [main] relation "certificates" does not exist, skipping
2023-06-15 16:48:20,502 WARN [main] SQL Warning Code: 0, SQLState: 00000
2023-06-15 16:48:20,502 WARN [main] relation "certificates" does not exist, skipping
2023-06-15 16:48:20,503 WARN [main] SQL Warning Code: 0, SQLState: 00000
2023-06-15 16:48:20,503 WARN [main] relation "password_history_entity" does not exist, skipping
2023-06-15 16:48:20,503 WARN [main] SQL Warning Code: 0, SQLState: 00000
2023-06-15 16:48:20,503 WARN [main] relation "verification_code" does not exist, skipping
2023-06-15 16:48:20,504 WARN [main] SQL Warning Code: 0, SQLState: 00000
2023-06-15 16:48:20,504 WARN [main] table "certificate_demands" does not exist, skipping
2023-06-15 16:48:20,504 WARN [main] SQL Warning Code: 0, SQLState: 00000
2023-06-15 16:48:20,504 WARN [main] table "certificates" does not exist, skipping
2023-06-15 16:48:20,504 WARN [main] SQL Warning Code: 0, SQLState: 00000
2023-06-15 16:48:20,504 WARN [main] table "password_history_entity" does not exist, skipping
2023-06-15 16:48:20,504 WARN [main] SQL Warning Code: 0, SQLState: 00000
2023-06-15 16:48:20,505 WARN [main] table "users" does not exist, skipping
2023-06-15 16:48:20,505 WARN [main] SQL Warning Code: 0, SQLState: 00000
2023-06-15 16:48:20,505 WARN [main] table "verification_code" does not exist, skipping
2023-06-15 16:48:20,505 WARN [main] SQL Warning Code: 0, SQLState: 00000
2023-06-15 16:48:20,505 WARN [main] sequence "certificate_demands_seq" does not exist, skipping
2023-06-15 16:48:20,506 WARN [main] SQL Warning Code: 0, SQLState: 00000
2023-06-15 16:48:20,506 WARN [main] sequence "certificates_seq" does not exist, skipping
2023-06-15 16:48:20,506 WARN [main] SQL Warning Code: 0, SQLState: 00000
2023-06-15 16:48:20,506 WARN [main] sequence "password_history_entity_seq" does not exist, skipping
2023-06-15 16:48:20,506 WARN [main] SQL Warning Code: 0, SQLState: 00000
2023-06-15 16:48:20,506 WARN [main] sequence "users_seq" does not exist, skipping
2023-06-15 16:48:20,506 WARN [main] SQL Warning Code: 0, SQLState: 00000
2023-06-15 16:48:20,506 WARN [main] sequence "verification_code_seq" does not exist, skipping
2023-06-15 16:48:20,540 INFO [main] HHH000490: Using JtaPlatform implementation: [org.hibernate.engine.transaction.jta.platform.internal.NoJtaPlatform]
2023-06-15 16:48:20,548 INFO [main] Initialized JPA EntityManagerFactory for persistence unit 'default'
2023-06-15 16:48:20,808 DEBUG [main] Filter 'jwtAuthenticationFilter' configured for use
2023-06-15 16:48:21,226 WARN [main] spring.jpa.open-in-view is enabled by default. Therefore, database queries may be performed during view rendering. Explicitly configure spring.jpa.open-in-view to disable this warning
2023-06-15 16:48:21,420 INFO [main] Will secure any request with [org.springframework.security.web.session.DisableEncodeUrlFilter@3c5de17c, org.springframework.security.web.context.request.async.WebAsyncManagerIntegrationFilter@31620971, org.springframework.security.web.context.SecurityContextHolderFilter@7315264e, org.springframework.security.web.header.HeaderWriterFilter@1227ea21, org.springframework.web.filter.CorsFilter@794cd751, org.springframework.security.web.authentication.logout.LogoutFilter@2a1fce44, org.springframework.security.oauth2.client.web.OAuth2AuthorizationRequestRedirectFilter@36c8e1c6, org.springframework.security.oauth2.client.web.OAuth2AuthorizationRequestRedirectFilter@6d1c15cb, org.springframework.security.oauth2.client.web.OAuth2LoginAuthenticationFilter@7597ae32, ib.projekat.IBprojekat.websecurity.JwtAuthenticationFilter@1d126f07, org.springframework.security.web.authentication.ui.DefaultLoginPageGeneratingFilter@1ee37c7a, org.springframework.security.web.authentication.ui.DefaultLogoutPageGeneratingFilter@63069995, org.springframework.security.web.savedrequest.RequestCacheAwareFilter@7b237c2c, org.springframework.security.web.servletapi.SecurityContextHolderAwareRequestFilter@7fb70e94, org.springframework.security.web.authentication.AnonymousAuthenticationFilter@3003d288, org.springframework.security.oauth2.client.web.OAuth2AuthorizationCodeGrantFilter@7d440378, org.springframework.security.web.session.SessionManagementFilter@3debeb5e, org.springframework.security.web.access.ExceptionTranslationFilter@123fd460, org.springframework.security.web.access.intercept.AuthorizationFilter@1737acc0]
2023-06-15 16:48:21,568 INFO [main] Starting ProtocolHandler ["https-jsse-nio-8081"]
2023-06-15 16:48:21,692 INFO [main] Tomcat started on port(s): 8081 (https) with context path ''
2023-06-15 16:48:21,697 INFO [main] Started IbProjekatApplication in 3.534 seconds (process running for 4.146)
2023-06-15 16:48:48,098 INFO [https-jsse-nio-8081-exec-4] Initializing Spring DispatcherServlet 'dispatcherServlet'
2023-06-15 16:48:48,098 INFO [https-jsse-nio-8081-exec-4] Initializing Servlet 'dispatcherServlet'
2023-06-15 16:48:48,099 INFO [https-jsse-nio-8081-exec-4] Completed initialization in 1 ms
2023-06-15 16:48:49,685 WARN [https-jsse-nio-8081-exec-6] true true
2023-06-15 16:53:20,415 INFO [SpringApplicationShutdownHook] Closing JPA EntityManagerFactory for persistence unit 'default'
2023-06-15 16:53:20,415 INFO [SpringApplicationShutdownHook] HHH000477: Starting delayed evictData of schema as part of SessionFactory shut-down'
2023-06-15 16:53:20,429 INFO [SpringApplicationShutdownHook] HikariPool-1 - Shutdown initiated...
2023-06-15 16:53:20,431 INFO [SpringApplicationShutdownHook] HikariPool-1 - Shutdown completed.
