2023-06-15 16:58:29,922 INFO [background-preinit] HV000001: Hibernate Validator 8.0.0.Final
2023-06-15 16:58:29,950 INFO [main] Starting IbProjekatApplication using Java 19.0.2 with PID 4648 (C:\Users\ivand\Desktop\Faks\Projekti\IB\IB-Projekat-Tim7\backend\IB-projekat\target\classes started by ivandj in C:\Users\ivand\Desktop\Faks\Projekti\IB\IB-Projekat-Tim7\backend\IB-projekat)
2023-06-15 16:58:29,951 DEBUG [main] Running with Spring Boot v3.0.4, Spring v6.0.6
2023-06-15 16:58:29,951 INFO [main] No active profile set, falling back to 1 default profile: "default"
2023-06-15 16:58:30,435 INFO [main] Bootstrapping Spring Data JPA repositories in DEFAULT mode.
2023-06-15 16:58:30,484 INFO [main] Finished Spring Data repository scanning in 43 ms. Found 5 JPA repository interfaces.
2023-06-15 16:58:30,828 INFO [main] Tomcat initialized with port(s): 8081 (https)
2023-06-15 16:58:30,834 INFO [main] Initializing ProtocolHandler ["https-jsse-nio-8081"]
2023-06-15 16:58:30,835 INFO [main] Starting service [Tomcat]
2023-06-15 16:58:30,836 INFO [main] Starting Servlet engine: [Apache Tomcat/10.1.5]
2023-06-15 16:58:30,886 INFO [main] Initializing Spring embedded WebApplicationContext
2023-06-15 16:58:30,887 INFO [main] Root WebApplicationContext: initialization completed in 904 ms
2023-06-15 16:58:30,980 INFO [main] HHH000204: Processing PersistenceUnitInfo [name: default]
2023-06-15 16:58:31,016 INFO [main] HHH000412: Hibernate ORM core version 6.1.7.Final
2023-06-15 16:58:31,201 INFO [main] HikariPool-1 - Starting...
2023-06-15 16:58:31,311 INFO [main] HikariPool-1 - Added connection org.postgresql.jdbc.PgConnection@1c2096c6
2023-06-15 16:58:31,313 INFO [main] HikariPool-1 - Start completed.
2023-06-15 16:58:31,333 INFO [main] HHH000400: Using dialect: org.hibernate.dialect.PostgreSQLDialect
2023-06-15 16:58:31,917 WARN [main] SQL Warning Code: 0, SQLState: 00000
2023-06-15 16:58:31,917 WARN [main] relation "certificate_demands" does not exist, skipping
2023-06-15 16:58:31,917 WARN [main] SQL Warning Code: 0, SQLState: 00000
2023-06-15 16:58:31,918 WARN [main] relation "certificate_demands" does not exist, skipping
2023-06-15 16:58:31,918 WARN [main] SQL Warning Code: 0, SQLState: 00000
2023-06-15 16:58:31,918 WARN [main] relation "certificate_demands" does not exist, skipping
2023-06-15 16:58:31,918 WARN [main] SQL Warning Code: 0, SQLState: 00000
2023-06-15 16:58:31,918 WARN [main] relation "certificates" does not exist, skipping
2023-06-15 16:58:31,918 WARN [main] SQL Warning Code: 0, SQLState: 00000
2023-06-15 16:58:31,918 WARN [main] relation "certificates" does not exist, skipping
2023-06-15 16:58:31,919 WARN [main] SQL Warning Code: 0, SQLState: 00000
2023-06-15 16:58:31,919 WARN [main] relation "certificates" does not exist, skipping
2023-06-15 16:58:31,919 WARN [main] SQL Warning Code: 0, SQLState: 00000
2023-06-15 16:58:31,919 WARN [main] relation "password_history_entity" does not exist, skipping
2023-06-15 16:58:31,919 WARN [main] SQL Warning Code: 0, SQLState: 00000
2023-06-15 16:58:31,919 WARN [main] relation "verification_code" does not exist, skipping
2023-06-15 16:58:31,920 WARN [main] SQL Warning Code: 0, SQLState: 00000
2023-06-15 16:58:31,920 WARN [main] table "certificate_demands" does not exist, skipping
2023-06-15 16:58:31,920 WARN [main] SQL Warning Code: 0, SQLState: 00000
2023-06-15 16:58:31,920 WARN [main] table "certificates" does not exist, skipping
2023-06-15 16:58:31,920 WARN [main] SQL Warning Code: 0, SQLState: 00000
2023-06-15 16:58:31,920 WARN [main] table "password_history_entity" does not exist, skipping
2023-06-15 16:58:31,921 WARN [main] SQL Warning Code: 0, SQLState: 00000
2023-06-15 16:58:31,921 WARN [main] table "users" does not exist, skipping
2023-06-15 16:58:31,921 WARN [main] SQL Warning Code: 0, SQLState: 00000
2023-06-15 16:58:31,921 WARN [main] table "verification_code" does not exist, skipping
2023-06-15 16:58:31,921 WARN [main] SQL Warning Code: 0, SQLState: 00000
2023-06-15 16:58:31,921 WARN [main] sequence "certificate_demands_seq" does not exist, skipping
2023-06-15 16:58:31,922 WARN [main] SQL Warning Code: 0, SQLState: 00000
2023-06-15 16:58:31,922 WARN [main] sequence "certificates_seq" does not exist, skipping
2023-06-15 16:58:31,922 WARN [main] SQL Warning Code: 0, SQLState: 00000
2023-06-15 16:58:31,922 WARN [main] sequence "password_history_entity_seq" does not exist, skipping
2023-06-15 16:58:31,922 WARN [main] SQL Warning Code: 0, SQLState: 00000
2023-06-15 16:58:31,922 WARN [main] sequence "users_seq" does not exist, skipping
2023-06-15 16:58:31,923 WARN [main] SQL Warning Code: 0, SQLState: 00000
2023-06-15 16:58:31,923 WARN [main] sequence "verification_code_seq" does not exist, skipping
2023-06-15 16:58:31,956 INFO [main] HHH000490: Using JtaPlatform implementation: [org.hibernate.engine.transaction.jta.platform.internal.NoJtaPlatform]
2023-06-15 16:58:31,962 INFO [main] Initialized JPA EntityManagerFactory for persistence unit 'default'
2023-06-15 16:58:32,171 DEBUG [main] Filter 'jwtAuthenticationFilter' configured for use
2023-06-15 16:58:32,542 WARN [main] spring.jpa.open-in-view is enabled by default. Therefore, database queries may be performed during view rendering. Explicitly configure spring.jpa.open-in-view to disable this warning
2023-06-15 16:58:32,736 INFO [main] Will secure any request with [org.springframework.security.web.session.DisableEncodeUrlFilter@31f5580b, org.springframework.security.web.context.request.async.WebAsyncManagerIntegrationFilter@56a8b19f, org.springframework.security.web.context.SecurityContextHolderFilter@466fd19b, org.springframework.security.web.header.HeaderWriterFilter@28806954, org.springframework.web.filter.CorsFilter@5927473a, org.springframework.security.web.authentication.logout.LogoutFilter@108a7fff, org.springframework.security.oauth2.client.web.OAuth2AuthorizationRequestRedirectFilter@438a2337, org.springframework.security.oauth2.client.web.OAuth2AuthorizationRequestRedirectFilter@6e512d7f, org.springframework.security.oauth2.client.web.OAuth2LoginAuthenticationFilter@2be49c8c, ib.projekat.IBprojekat.websecurity.JwtAuthenticationFilter@34be7efb, org.springframework.security.web.authentication.ui.DefaultLoginPageGeneratingFilter@588b02a0, org.springframework.security.web.authentication.ui.DefaultLogoutPageGeneratingFilter@36c45b54, org.springframework.security.web.savedrequest.RequestCacheAwareFilter@7f746160, org.springframework.security.web.servletapi.SecurityContextHolderAwareRequestFilter@2f29046b, org.springframework.security.web.authentication.AnonymousAuthenticationFilter@2d6a6887, org.springframework.security.oauth2.client.web.OAuth2AuthorizationCodeGrantFilter@5d267575, org.springframework.security.web.session.SessionManagementFilter@24e0bdb, org.springframework.security.web.access.ExceptionTranslationFilter@5cb42eb2, org.springframework.security.web.access.intercept.AuthorizationFilter@7e641005]
2023-06-15 16:58:32,865 INFO [main] Starting ProtocolHandler ["https-jsse-nio-8081"]
2023-06-15 16:58:32,984 INFO [main] Tomcat started on port(s): 8081 (https) with context path ''
2023-06-15 16:58:32,990 INFO [main] Started IbProjekatApplication in 3.374 seconds (process running for 4.024)
2023-06-15 16:58:35,476 INFO [https-jsse-nio-8081-exec-4] Initializing Spring DispatcherServlet 'dispatcherServlet'
2023-06-15 16:58:35,477 INFO [https-jsse-nio-8081-exec-4] Initializing Servlet 'dispatcherServlet'
2023-06-15 16:58:35,477 INFO [https-jsse-nio-8081-exec-4] Completed initialization in 0 ms
2023-06-15 16:59:37,166 INFO [SpringApplicationShutdownHook] Closing JPA EntityManagerFactory for persistence unit 'default'
2023-06-15 16:59:37,167 INFO [SpringApplicationShutdownHook] HHH000477: Starting delayed evictData of schema as part of SessionFactory shut-down'
2023-06-15 16:59:37,180 INFO [SpringApplicationShutdownHook] HikariPool-1 - Shutdown initiated...
2023-06-15 16:59:37,182 INFO [SpringApplicationShutdownHook] HikariPool-1 - Shutdown completed.
