2023-06-09 12:48:27,222 INFO [background-preinit] HV000001: Hibernate Validator 8.0.0.Final
2023-06-09 12:48:27,251 INFO [main] Starting IbProjekatApplication using Java 19.0.2 with PID 19512 (C:\Users\ivand\Desktop\Faks\Projekti\IB\IB-Projekat-Tim7\backend\IB-projekat\target\classes started by ivandj in C:\Users\ivand\Desktop\Faks\Projekti\IB\IB-Projekat-Tim7\backend\IB-projekat)
2023-06-09 12:48:27,251 DEBUG [main] Running with Spring Boot v3.0.4, Spring v6.0.6
2023-06-09 12:48:27,252 INFO [main] No active profile set, falling back to 1 default profile: "default"
2023-06-09 12:48:27,900 INFO [main] Bootstrapping Spring Data JPA repositories in DEFAULT mode.
2023-06-09 12:48:27,952 INFO [main] Finished Spring Data repository scanning in 46 ms. Found 5 JPA repository interfaces.
2023-06-09 12:48:28,336 INFO [main] Tomcat initialized with port(s): 8081 (https)
2023-06-09 12:48:28,344 INFO [main] Initializing ProtocolHandler ["https-jsse-nio-8081"]
2023-06-09 12:48:28,345 INFO [main] Starting service [Tomcat]
2023-06-09 12:48:28,346 INFO [main] Starting Servlet engine: [Apache Tomcat/10.1.5]
2023-06-09 12:48:28,414 INFO [main] Initializing Spring embedded WebApplicationContext
2023-06-09 12:48:28,414 INFO [main] Root WebApplicationContext: initialization completed in 1100 ms
2023-06-09 12:48:28,517 INFO [main] HHH000204: Processing PersistenceUnitInfo [name: default]
2023-06-09 12:48:28,555 INFO [main] HHH000412: Hibernate ORM core version 6.1.7.Final
2023-06-09 12:48:28,736 INFO [main] HikariPool-1 - Starting...
2023-06-09 12:48:28,842 INFO [main] HikariPool-1 - Added connection org.postgresql.jdbc.PgConnection@6851b296
2023-06-09 12:48:28,843 INFO [main] HikariPool-1 - Start completed.
2023-06-09 12:48:28,863 INFO [main] HHH000400: Using dialect: org.hibernate.dialect.PostgreSQLDialect
2023-06-09 12:48:29,480 WARN [main] SQL Warning Code: 0, SQLState: 00000
2023-06-09 12:48:29,480 WARN [main] relation "certificate_demands" does not exist, skipping
2023-06-09 12:48:29,481 WARN [main] SQL Warning Code: 0, SQLState: 00000
2023-06-09 12:48:29,481 WARN [main] relation "certificate_demands" does not exist, skipping
2023-06-09 12:48:29,481 WARN [main] SQL Warning Code: 0, SQLState: 00000
2023-06-09 12:48:29,481 WARN [main] relation "certificate_demands" does not exist, skipping
2023-06-09 12:48:29,481 WARN [main] SQL Warning Code: 0, SQLState: 00000
2023-06-09 12:48:29,481 WARN [main] relation "certificates" does not exist, skipping
2023-06-09 12:48:29,482 WARN [main] SQL Warning Code: 0, SQLState: 00000
2023-06-09 12:48:29,482 WARN [main] relation "certificates" does not exist, skipping
2023-06-09 12:48:29,482 WARN [main] SQL Warning Code: 0, SQLState: 00000
2023-06-09 12:48:29,482 WARN [main] relation "certificates" does not exist, skipping
2023-06-09 12:48:29,482 WARN [main] SQL Warning Code: 0, SQLState: 00000
2023-06-09 12:48:29,482 WARN [main] relation "password_history_entity" does not exist, skipping
2023-06-09 12:48:29,483 WARN [main] SQL Warning Code: 0, SQLState: 00000
2023-06-09 12:48:29,483 WARN [main] relation "verification_code" does not exist, skipping
2023-06-09 12:48:29,483 WARN [main] SQL Warning Code: 0, SQLState: 00000
2023-06-09 12:48:29,483 WARN [main] table "certificate_demands" does not exist, skipping
2023-06-09 12:48:29,483 WARN [main] SQL Warning Code: 0, SQLState: 00000
2023-06-09 12:48:29,483 WARN [main] table "certificates" does not exist, skipping
2023-06-09 12:48:29,484 WARN [main] SQL Warning Code: 0, SQLState: 00000
2023-06-09 12:48:29,484 WARN [main] table "password_history_entity" does not exist, skipping
2023-06-09 12:48:29,484 WARN [main] SQL Warning Code: 0, SQLState: 00000
2023-06-09 12:48:29,484 WARN [main] table "users" does not exist, skipping
2023-06-09 12:48:29,484 WARN [main] SQL Warning Code: 0, SQLState: 00000
2023-06-09 12:48:29,484 WARN [main] table "verification_code" does not exist, skipping
2023-06-09 12:48:29,485 WARN [main] SQL Warning Code: 0, SQLState: 00000
2023-06-09 12:48:29,485 WARN [main] sequence "certificate_demands_seq" does not exist, skipping
2023-06-09 12:48:29,485 WARN [main] SQL Warning Code: 0, SQLState: 00000
2023-06-09 12:48:29,485 WARN [main] sequence "certificates_seq" does not exist, skipping
2023-06-09 12:48:29,485 WARN [main] SQL Warning Code: 0, SQLState: 00000
2023-06-09 12:48:29,485 WARN [main] sequence "password_history_entity_seq" does not exist, skipping
2023-06-09 12:48:29,486 WARN [main] SQL Warning Code: 0, SQLState: 00000
2023-06-09 12:48:29,486 WARN [main] sequence "users_seq" does not exist, skipping
2023-06-09 12:48:29,486 WARN [main] SQL Warning Code: 0, SQLState: 00000
2023-06-09 12:48:29,486 WARN [main] sequence "verification_code_seq" does not exist, skipping
2023-06-09 12:48:29,520 INFO [main] HHH000490: Using JtaPlatform implementation: [org.hibernate.engine.transaction.jta.platform.internal.NoJtaPlatform]
2023-06-09 12:48:29,526 INFO [main] Initialized JPA EntityManagerFactory for persistence unit 'default'
2023-06-09 12:48:29,751 DEBUG [main] Filter 'jwtAuthenticationFilter' configured for use
2023-06-09 12:48:30,124 WARN [main] spring.jpa.open-in-view is enabled by default. Therefore, database queries may be performed during view rendering. Explicitly configure spring.jpa.open-in-view to disable this warning
2023-06-09 12:48:30,318 INFO [main] Will secure any request with [org.springframework.security.web.session.DisableEncodeUrlFilter@915c47b, org.springframework.security.web.context.request.async.WebAsyncManagerIntegrationFilter@7108b12d, org.springframework.security.web.context.SecurityContextHolderFilter@619dc070, org.springframework.security.web.header.HeaderWriterFilter@6d9bcf19, org.springframework.web.filter.CorsFilter@7a80b2e6, org.springframework.security.web.authentication.logout.LogoutFilter@e62d757, org.springframework.security.oauth2.client.web.OAuth2AuthorizationRequestRedirectFilter@33c5cc0, org.springframework.security.oauth2.client.web.OAuth2AuthorizationRequestRedirectFilter@29aa29f5, org.springframework.security.oauth2.client.web.OAuth2LoginAuthenticationFilter@2a742ee4, ib.projekat.IBprojekat.websecurity.JwtAuthenticationFilter@4df5f119, org.springframework.security.web.authentication.ui.DefaultLoginPageGeneratingFilter@7e641005, org.springframework.security.web.authentication.ui.DefaultLogoutPageGeneratingFilter@394e0104, org.springframework.security.web.savedrequest.RequestCacheAwareFilter@311819e8, org.springframework.security.web.servletapi.SecurityContextHolderAwareRequestFilter@132f1d85, org.springframework.security.web.authentication.AnonymousAuthenticationFilter@1e5f3c4a, org.springframework.security.oauth2.client.web.OAuth2AuthorizationCodeGrantFilter@296ddfc7, org.springframework.security.web.session.SessionManagementFilter@108a7fff, org.springframework.security.web.access.ExceptionTranslationFilter@76b8b6a6, org.springframework.security.web.access.intercept.AuthorizationFilter@31f5580b]
2023-06-09 12:48:30,465 INFO [main] Starting ProtocolHandler ["https-jsse-nio-8081"]
2023-06-09 12:48:30,588 INFO [main] Tomcat started on port(s): 8081 (https) with context path ''
2023-06-09 12:48:30,594 INFO [main] Started IbProjekatApplication in 3.688 seconds (process running for 4.319)
2023-06-09 12:48:45,893 INFO [https-jsse-nio-8081-exec-6] Initializing Spring DispatcherServlet 'dispatcherServlet'
2023-06-09 12:48:45,894 INFO [https-jsse-nio-8081-exec-6] Initializing Servlet 'dispatcherServlet'
2023-06-09 12:48:45,895 INFO [https-jsse-nio-8081-exec-6] Completed initialization in 1 ms
2023-06-09 12:49:09,001 INFO [SpringApplicationShutdownHook] Closing JPA EntityManagerFactory for persistence unit 'default'
2023-06-09 12:49:09,002 INFO [SpringApplicationShutdownHook] HHH000477: Starting delayed evictData of schema as part of SessionFactory shut-down'
2023-06-09 12:49:09,015 INFO [SpringApplicationShutdownHook] HikariPool-1 - Shutdown initiated...
2023-06-09 12:49:09,017 INFO [SpringApplicationShutdownHook] HikariPool-1 - Shutdown completed.
