2023-06-09 13:20:15,053 INFO [background-preinit] HV000001: Hibernate Validator 8.0.0.Final
2023-06-09 13:20:15,077 INFO [main] Starting IbProjekatApplication using Java 19.0.2 with PID 12904 (C:\Users\ivand\Desktop\Faks\Projekti\IB\IB-Projekat-Tim7\backend\IB-projekat\target\classes started by ivandj in C:\Users\ivand\Desktop\Faks\Projekti\IB\IB-Projekat-Tim7\backend\IB-projekat)
2023-06-09 13:20:15,077 DEBUG [main] Running with Spring Boot v3.0.4, Spring v6.0.6
2023-06-09 13:20:15,078 INFO [main] No active profile set, falling back to 1 default profile: "default"
2023-06-09 13:20:15,616 INFO [main] Bootstrapping Spring Data JPA repositories in DEFAULT mode.
2023-06-09 13:20:15,668 INFO [main] Finished Spring Data repository scanning in 46 ms. Found 5 JPA repository interfaces.
2023-06-09 13:20:16,063 INFO [main] Tomcat initialized with port(s): 8081 (https)
2023-06-09 13:20:16,071 INFO [main] Initializing ProtocolHandler ["https-jsse-nio-8081"]
2023-06-09 13:20:16,073 INFO [main] Starting service [Tomcat]
2023-06-09 13:20:16,073 INFO [main] Starting Servlet engine: [Apache Tomcat/10.1.5]
2023-06-09 13:20:16,151 INFO [main] Initializing Spring embedded WebApplicationContext
2023-06-09 13:20:16,152 INFO [main] Root WebApplicationContext: initialization completed in 1038 ms
2023-06-09 13:20:16,266 INFO [main] HHH000204: Processing PersistenceUnitInfo [name: default]
2023-06-09 13:20:16,310 INFO [main] HHH000412: Hibernate ORM core version 6.1.7.Final
2023-06-09 13:20:16,518 INFO [main] HikariPool-1 - Starting...
2023-06-09 13:20:16,638 INFO [main] HikariPool-1 - Added connection org.postgresql.jdbc.PgConnection@3e4afd10
2023-06-09 13:20:16,640 INFO [main] HikariPool-1 - Start completed.
2023-06-09 13:20:16,661 INFO [main] HHH000400: Using dialect: org.hibernate.dialect.PostgreSQLDialect
2023-06-09 13:20:17,347 WARN [main] SQL Warning Code: 0, SQLState: 00000
2023-06-09 13:20:17,347 WARN [main] relation "certificate_demands" does not exist, skipping
2023-06-09 13:20:17,347 WARN [main] SQL Warning Code: 0, SQLState: 00000
2023-06-09 13:20:17,347 WARN [main] relation "certificate_demands" does not exist, skipping
2023-06-09 13:20:17,347 WARN [main] SQL Warning Code: 0, SQLState: 00000
2023-06-09 13:20:17,348 WARN [main] relation "certificate_demands" does not exist, skipping
2023-06-09 13:20:17,348 WARN [main] SQL Warning Code: 0, SQLState: 00000
2023-06-09 13:20:17,348 WARN [main] relation "certificates" does not exist, skipping
2023-06-09 13:20:17,348 WARN [main] SQL Warning Code: 0, SQLState: 00000
2023-06-09 13:20:17,348 WARN [main] relation "certificates" does not exist, skipping
2023-06-09 13:20:17,349 WARN [main] SQL Warning Code: 0, SQLState: 00000
2023-06-09 13:20:17,349 WARN [main] relation "certificates" does not exist, skipping
2023-06-09 13:20:17,349 WARN [main] SQL Warning Code: 0, SQLState: 00000
2023-06-09 13:20:17,349 WARN [main] relation "password_history_entity" does not exist, skipping
2023-06-09 13:20:17,350 WARN [main] SQL Warning Code: 0, SQLState: 00000
2023-06-09 13:20:17,350 WARN [main] relation "verification_code" does not exist, skipping
2023-06-09 13:20:17,350 WARN [main] SQL Warning Code: 0, SQLState: 00000
2023-06-09 13:20:17,350 WARN [main] table "certificate_demands" does not exist, skipping
2023-06-09 13:20:17,350 WARN [main] SQL Warning Code: 0, SQLState: 00000
2023-06-09 13:20:17,350 WARN [main] table "certificates" does not exist, skipping
2023-06-09 13:20:17,350 WARN [main] SQL Warning Code: 0, SQLState: 00000
2023-06-09 13:20:17,351 WARN [main] table "password_history_entity" does not exist, skipping
2023-06-09 13:20:17,351 WARN [main] SQL Warning Code: 0, SQLState: 00000
2023-06-09 13:20:17,351 WARN [main] table "users" does not exist, skipping
2023-06-09 13:20:17,351 WARN [main] SQL Warning Code: 0, SQLState: 00000
2023-06-09 13:20:17,351 WARN [main] table "verification_code" does not exist, skipping
2023-06-09 13:20:17,351 WARN [main] SQL Warning Code: 0, SQLState: 00000
2023-06-09 13:20:17,351 WARN [main] sequence "certificate_demands_seq" does not exist, skipping
2023-06-09 13:20:17,352 WARN [main] SQL Warning Code: 0, SQLState: 00000
2023-06-09 13:20:17,352 WARN [main] sequence "certificates_seq" does not exist, skipping
2023-06-09 13:20:17,352 WARN [main] SQL Warning Code: 0, SQLState: 00000
2023-06-09 13:20:17,352 WARN [main] sequence "password_history_entity_seq" does not exist, skipping
2023-06-09 13:20:17,356 WARN [main] SQL Warning Code: 0, SQLState: 00000
2023-06-09 13:20:17,356 WARN [main] sequence "users_seq" does not exist, skipping
2023-06-09 13:20:17,357 WARN [main] SQL Warning Code: 0, SQLState: 00000
2023-06-09 13:20:17,357 WARN [main] sequence "verification_code_seq" does not exist, skipping
2023-06-09 13:20:17,394 INFO [main] HHH000490: Using JtaPlatform implementation: [org.hibernate.engine.transaction.jta.platform.internal.NoJtaPlatform]
2023-06-09 13:20:17,400 INFO [main] Initialized JPA EntityManagerFactory for persistence unit 'default'
2023-06-09 13:20:17,649 DEBUG [main] Filter 'jwtAuthenticationFilter' configured for use
2023-06-09 13:20:18,052 WARN [main] spring.jpa.open-in-view is enabled by default. Therefore, database queries may be performed during view rendering. Explicitly configure spring.jpa.open-in-view to disable this warning
2023-06-09 13:20:18,270 INFO [main] Will secure any request with [org.springframework.security.web.session.DisableEncodeUrlFilter@915c47b, org.springframework.security.web.context.request.async.WebAsyncManagerIntegrationFilter@7108b12d, org.springframework.security.web.context.SecurityContextHolderFilter@1639ec7a, org.springframework.security.web.header.HeaderWriterFilter@56f8ab05, org.springframework.web.filter.CorsFilter@7a80b2e6, org.springframework.security.web.authentication.logout.LogoutFilter@3de4f936, org.springframework.security.oauth2.client.web.OAuth2AuthorizationRequestRedirectFilter@569d7074, org.springframework.security.oauth2.client.web.OAuth2AuthorizationRequestRedirectFilter@29aa29f5, org.springframework.security.oauth2.client.web.OAuth2LoginAuthenticationFilter@2a742ee4, ib.projekat.IBprojekat.websecurity.JwtAuthenticationFilter@3f31892e, org.springframework.security.web.authentication.ui.DefaultLoginPageGeneratingFilter@42014a, org.springframework.security.web.authentication.ui.DefaultLogoutPageGeneratingFilter@394e0104, org.springframework.security.web.savedrequest.RequestCacheAwareFilter@62099f75, org.springframework.security.web.servletapi.SecurityContextHolderAwareRequestFilter@3c84c32f, org.springframework.security.web.authentication.AnonymousAuthenticationFilter@1e5f3c4a, org.springframework.security.oauth2.client.web.OAuth2AuthorizationCodeGrantFilter@296ddfc7, org.springframework.security.web.session.SessionManagementFilter@619dc070, org.springframework.security.web.access.ExceptionTranslationFilter@23b4f0a9, org.springframework.security.web.access.intercept.AuthorizationFilter@36c45b54]
2023-06-09 13:20:18,412 INFO [main] Starting ProtocolHandler ["https-jsse-nio-8081"]
2023-06-09 13:20:18,540 INFO [main] Tomcat started on port(s): 8081 (https) with context path ''
2023-06-09 13:20:18,546 INFO [main] Started IbProjekatApplication in 3.839 seconds (process running for 4.911)
2023-06-09 13:20:20,189 INFO [https-jsse-nio-8081-exec-4] Initializing Spring DispatcherServlet 'dispatcherServlet'
2023-06-09 13:20:20,189 INFO [https-jsse-nio-8081-exec-4] Initializing Servlet 'dispatcherServlet'
2023-06-09 13:20:20,190 INFO [https-jsse-nio-8081-exec-4] Completed initialization in 1 ms
2023-06-09 13:22:55,033 WARN [HikariPool-1 housekeeper] HikariPool-1 - Thread starvation or clock leap detected (housekeeper delta=2m38s290ms678µs600ns).
2023-06-09 13:22:55,038 ERROR [https-jsse-nio-8081-exec-5] Servlet.service() for servlet [dispatcherServlet] in context with path [] threw exception [Request processing failed: java.lang.NullPointerException: Cannot invoke "org.springframework.security.oauth2.core.user.OAuth2User.getName()" because "oauth2User" is null] with root cause
java.lang.NullPointerException: Cannot invoke "org.springframework.security.oauth2.core.user.OAuth2User.getName()" because "oauth2User" is null
	at ib.projekat.IBprojekat.controller.AuthController.loginFromGithub(AuthController.java:135)
	at java.base/jdk.internal.reflect.DirectMethodHandleAccessor.invoke(DirectMethodHandleAccessor.java:104)
	at java.base/java.lang.reflect.Method.invoke(Method.java:578)
	at org.springframework.web.method.support.InvocableHandlerMethod.doInvoke(InvocableHandlerMethod.java:207)
	at org.springframework.web.method.support.InvocableHandlerMethod.invokeForRequest(InvocableHandlerMethod.java:152)
	at org.springframework.web.servlet.mvc.method.annotation.ServletInvocableHandlerMethod.invokeAndHandle(ServletInvocableHandlerMethod.java:117)
	at org.springframework.web.servlet.mvc.method.annotation.RequestMappingHandlerAdapter.invokeHandlerMethod(RequestMappingHandlerAdapter.java:884)
	at org.springframework.web.servlet.mvc.method.annotation.RequestMappingHandlerAdapter.handleInternal(RequestMappingHandlerAdapter.java:797)
	at org.springframework.web.servlet.mvc.method.AbstractHandlerMethodAdapter.handle(AbstractHandlerMethodAdapter.java:87)
	at org.springframework.web.servlet.DispatcherServlet.doDispatch(DispatcherServlet.java:1081)
	at org.springframework.web.servlet.DispatcherServlet.doService(DispatcherServlet.java:974)
	at org.springframework.web.servlet.FrameworkServlet.processRequest(FrameworkServlet.java:1011)
	at org.springframework.web.servlet.FrameworkServlet.doGet(FrameworkServlet.java:903)
	at jakarta.servlet.http.HttpServlet.service(HttpServlet.java:705)
	at org.springframework.web.servlet.FrameworkServlet.service(FrameworkServlet.java:885)
	at jakarta.servlet.http.HttpServlet.service(HttpServlet.java:814)
	at org.apache.catalina.core.ApplicationFilterChain.internalDoFilter(ApplicationFilterChain.java:223)
	at org.apache.catalina.core.ApplicationFilterChain.doFilter(ApplicationFilterChain.java:158)
	at org.apache.tomcat.websocket.server.WsFilter.doFilter(WsFilter.java:53)
	at org.apache.catalina.core.ApplicationFilterChain.internalDoFilter(ApplicationFilterChain.java:185)
	at org.apache.catalina.core.ApplicationFilterChain.doFilter(ApplicationFilterChain.java:158)
	at org.springframework.web.filter.OncePerRequestFilter.doFilter(OncePerRequestFilter.java:110)
	at org.apache.catalina.core.ApplicationFilterChain.internalDoFilter(ApplicationFilterChain.java:185)
	at org.apache.catalina.core.ApplicationFilterChain.doFilter(ApplicationFilterChain.java:158)
	at org.springframework.security.web.FilterChainProxy.lambda$doFilterInternal$3(FilterChainProxy.java:231)
	at org.springframework.security.web.FilterChainProxy$VirtualFilterChain.doFilter(FilterChainProxy.java:365)
	at org.springframework.security.web.access.intercept.AuthorizationFilter.doFilter(AuthorizationFilter.java:100)
	at org.springframework.security.web.FilterChainProxy$VirtualFilterChain.doFilter(FilterChainProxy.java:374)
	at org.springframework.security.web.access.ExceptionTranslationFilter.doFilter(ExceptionTranslationFilter.java:126)
	at org.springframework.security.web.access.ExceptionTranslationFilter.doFilter(ExceptionTranslationFilter.java:120)
	at org.springframework.security.web.FilterChainProxy$VirtualFilterChain.doFilter(FilterChainProxy.java:374)
	at org.springframework.security.web.session.SessionManagementFilter.doFilter(SessionManagementFilter.java:131)
	at org.springframework.security.web.session.SessionManagementFilter.doFilter(SessionManagementFilter.java:85)
	at org.springframework.security.web.FilterChainProxy$VirtualFilterChain.doFilter(FilterChainProxy.java:374)
	at org.springframework.security.oauth2.client.web.OAuth2AuthorizationCodeGrantFilter.doFilterInternal(OAuth2AuthorizationCodeGrantFilter.java:183)
	at org.springframework.web.filter.OncePerRequestFilter.doFilter(OncePerRequestFilter.java:116)
	at org.springframework.security.web.FilterChainProxy$VirtualFilterChain.doFilter(FilterChainProxy.java:374)
	at org.springframework.security.web.authentication.AnonymousAuthenticationFilter.doFilter(AnonymousAuthenticationFilter.java:100)
	at org.springframework.security.web.FilterChainProxy$VirtualFilterChain.doFilter(FilterChainProxy.java:374)
	at org.springframework.security.web.servletapi.SecurityContextHolderAwareRequestFilter.doFilter(SecurityContextHolderAwareRequestFilter.java:179)
	at org.springframework.security.web.FilterChainProxy$VirtualFilterChain.doFilter(FilterChainProxy.java:374)
	at org.springframework.security.web.savedrequest.RequestCacheAwareFilter.doFilter(RequestCacheAwareFilter.java:63)
	at org.springframework.security.web.FilterChainProxy$VirtualFilterChain.doFilter(FilterChainProxy.java:374)
	at org.springframework.security.web.authentication.ui.DefaultLogoutPageGeneratingFilter.doFilterInternal(DefaultLogoutPageGeneratingFilter.java:58)
	at org.springframework.web.filter.OncePerRequestFilter.doFilter(OncePerRequestFilter.java:116)
	at org.springframework.security.web.FilterChainProxy$VirtualFilterChain.doFilter(FilterChainProxy.java:374)
	at org.springframework.security.web.authentication.ui.DefaultLoginPageGeneratingFilter.doFilter(DefaultLoginPageGeneratingFilter.java:188)
	at org.springframework.security.web.authentication.ui.DefaultLoginPageGeneratingFilter.doFilter(DefaultLoginPageGeneratingFilter.java:174)
	at org.springframework.security.web.FilterChainProxy$VirtualFilterChain.doFilter(FilterChainProxy.java:374)
	at ib.projekat.IBprojekat.websecurity.JwtAuthenticationFilter.doFilterInternal(JwtAuthenticationFilter.java:38)
	at org.springframework.web.filter.OncePerRequestFilter.doFilter(OncePerRequestFilter.java:116)
	at org.springframework.security.web.FilterChainProxy$VirtualFilterChain.doFilter(FilterChainProxy.java:374)
	at org.springframework.security.web.authentication.AbstractAuthenticationProcessingFilter.doFilter(AbstractAuthenticationProcessingFilter.java:227)
	at org.springframework.security.web.authentication.AbstractAuthenticationProcessingFilter.doFilter(AbstractAuthenticationProcessingFilter.java:221)
	at org.springframework.security.web.FilterChainProxy$VirtualFilterChain.doFilter(FilterChainProxy.java:374)
	at org.springframework.security.oauth2.client.web.OAuth2AuthorizationRequestRedirectFilter.doFilterInternal(OAuth2AuthorizationRequestRedirectFilter.java:181)
	at org.springframework.web.filter.OncePerRequestFilter.doFilter(OncePerRequestFilter.java:116)
	at org.springframework.security.web.FilterChainProxy$VirtualFilterChain.doFilter(FilterChainProxy.java:374)
	at org.springframework.security.oauth2.client.web.OAuth2AuthorizationRequestRedirectFilter.doFilterInternal(OAuth2AuthorizationRequestRedirectFilter.java:181)
	at org.springframework.web.filter.OncePerRequestFilter.doFilter(OncePerRequestFilter.java:116)
	at org.springframework.security.web.FilterChainProxy$VirtualFilterChain.doFilter(FilterChainProxy.java:374)
	at org.springframework.security.web.authentication.logout.LogoutFilter.doFilter(LogoutFilter.java:107)
	at org.springframework.security.web.authentication.logout.LogoutFilter.doFilter(LogoutFilter.java:93)
	at org.springframework.security.web.FilterChainProxy$VirtualFilterChain.doFilter(FilterChainProxy.java:374)
	at org.springframework.web.filter.CorsFilter.doFilterInternal(CorsFilter.java:91)
	at org.springframework.web.filter.OncePerRequestFilter.doFilter(OncePerRequestFilter.java:116)
	at org.springframework.security.web.FilterChainProxy$VirtualFilterChain.doFilter(FilterChainProxy.java:374)
	at org.springframework.security.web.header.HeaderWriterFilter.doHeadersAfter(HeaderWriterFilter.java:90)
	at org.springframework.security.web.header.HeaderWriterFilter.doFilterInternal(HeaderWriterFilter.java:75)
	at org.springframework.web.filter.OncePerRequestFilter.doFilter(OncePerRequestFilter.java:116)
	at org.springframework.security.web.FilterChainProxy$VirtualFilterChain.doFilter(FilterChainProxy.java:374)
	at org.springframework.security.web.context.SecurityContextHolderFilter.doFilter(SecurityContextHolderFilter.java:82)
	at org.springframework.security.web.context.SecurityContextHolderFilter.doFilter(SecurityContextHolderFilter.java:69)
	at org.springframework.security.web.FilterChainProxy$VirtualFilterChain.doFilter(FilterChainProxy.java:374)
	at org.springframework.security.web.context.request.async.WebAsyncManagerIntegrationFilter.doFilterInternal(WebAsyncManagerIntegrationFilter.java:62)
	at org.springframework.web.filter.OncePerRequestFilter.doFilter(OncePerRequestFilter.java:116)
	at org.springframework.security.web.FilterChainProxy$VirtualFilterChain.doFilter(FilterChainProxy.java:374)
	at org.springframework.security.web.session.DisableEncodeUrlFilter.doFilterInternal(DisableEncodeUrlFilter.java:42)
	at org.springframework.web.filter.OncePerRequestFilter.doFilter(OncePerRequestFilter.java:116)
	at org.springframework.security.web.FilterChainProxy$VirtualFilterChain.doFilter(FilterChainProxy.java:374)
	at org.springframework.security.web.FilterChainProxy.doFilterInternal(FilterChainProxy.java:233)
	at org.springframework.security.web.FilterChainProxy.doFilter(FilterChainProxy.java:191)
	at org.springframework.web.filter.DelegatingFilterProxy.invokeDelegate(DelegatingFilterProxy.java:352)
	at org.springframework.web.filter.DelegatingFilterProxy.doFilter(DelegatingFilterProxy.java:268)
	at org.apache.catalina.core.ApplicationFilterChain.internalDoFilter(ApplicationFilterChain.java:185)
	at org.apache.catalina.core.ApplicationFilterChain.doFilter(ApplicationFilterChain.java:158)
	at org.springframework.web.filter.CharacterEncodingFilter.doFilterInternal(CharacterEncodingFilter.java:201)
	at org.springframework.web.filter.OncePerRequestFilter.doFilter(OncePerRequestFilter.java:116)
	at org.apache.catalina.core.ApplicationFilterChain.internalDoFilter(ApplicationFilterChain.java:185)
	at org.apache.catalina.core.ApplicationFilterChain.doFilter(ApplicationFilterChain.java:158)
	at org.apache.catalina.core.StandardWrapperValve.invoke(StandardWrapperValve.java:177)
	at org.apache.catalina.core.StandardContextValve.invoke(StandardContextValve.java:97)
	at org.apache.catalina.authenticator.AuthenticatorBase.invoke(AuthenticatorBase.java:542)
	at org.apache.catalina.core.StandardHostValve.invoke(StandardHostValve.java:119)
	at org.apache.catalina.valves.ErrorReportValve.invoke(ErrorReportValve.java:92)
	at org.apache.catalina.core.StandardEngineValve.invoke(StandardEngineValve.java:78)
	at org.apache.catalina.connector.CoyoteAdapter.service(CoyoteAdapter.java:357)
	at org.apache.coyote.http11.Http11Processor.service(Http11Processor.java:400)
	at org.apache.coyote.AbstractProcessorLight.process(AbstractProcessorLight.java:65)
	at org.apache.coyote.AbstractProtocol$ConnectionHandler.process(AbstractProtocol.java:859)
	at org.apache.tomcat.util.net.NioEndpoint$SocketProcessor.doRun(NioEndpoint.java:1734)
	at org.apache.tomcat.util.net.SocketProcessorBase.run(SocketProcessorBase.java:52)
	at org.apache.tomcat.util.threads.ThreadPoolExecutor.runWorker(ThreadPoolExecutor.java:1191)
	at org.apache.tomcat.util.threads.ThreadPoolExecutor$Worker.run(ThreadPoolExecutor.java:659)
	at org.apache.tomcat.util.threads.TaskThread$WrappingRunnable.run(TaskThread.java:61)
	at java.base/java.lang.Thread.run(Thread.java:1589)
2023-06-09 13:22:55,071 INFO [SpringApplicationShutdownHook] Closing JPA EntityManagerFactory for persistence unit 'default'
2023-06-09 13:22:55,071 INFO [SpringApplicationShutdownHook] HHH000477: Starting delayed evictData of schema as part of SessionFactory shut-down'
2023-06-09 13:22:55,085 INFO [SpringApplicationShutdownHook] HikariPool-1 - Shutdown initiated...
2023-06-09 13:22:55,088 INFO [SpringApplicationShutdownHook] HikariPool-1 - Shutdown completed.
