2023-06-15 17:04:28,911 INFO [background-preinit] HV000001: Hibernate Validator 8.0.0.Final
2023-06-15 17:04:28,944 INFO [main] Starting IbProjekatApplication using Java 19.0.2 with PID 21488 (C:\Users\ivand\Desktop\Faks\Projekti\IB\IB-Projekat-Tim7\backend\IB-projekat\target\classes started by ivandj in C:\Users\ivand\Desktop\Faks\Projekti\IB\IB-Projekat-Tim7\backend\IB-projekat)
2023-06-15 17:04:28,944 DEBUG [main] Running with Spring Boot v3.0.4, Spring v6.0.6
2023-06-15 17:04:28,945 INFO [main] No active profile set, falling back to 1 default profile: "default"
2023-06-15 17:04:29,438 INFO [main] Bootstrapping Spring Data JPA repositories in DEFAULT mode.
2023-06-15 17:04:29,491 INFO [main] Finished Spring Data repository scanning in 43 ms. Found 5 JPA repository interfaces.
2023-06-15 17:04:29,869 INFO [main] Tomcat initialized with port(s): 8081 (https)
2023-06-15 17:04:29,875 INFO [main] Initializing ProtocolHandler ["https-jsse-nio-8081"]
2023-06-15 17:04:29,877 INFO [main] Starting service [Tomcat]
2023-06-15 17:04:29,877 INFO [main] Starting Servlet engine: [Apache Tomcat/10.1.5]
2023-06-15 17:04:29,933 INFO [main] Initializing Spring embedded WebApplicationContext
2023-06-15 17:04:29,933 INFO [main] Root WebApplicationContext: initialization completed in 957 ms
2023-06-15 17:04:30,013 INFO [main] HHH000204: Processing PersistenceUnitInfo [name: default]
2023-06-15 17:04:30,044 INFO [main] HHH000412: Hibernate ORM core version 6.1.7.Final
2023-06-15 17:04:30,213 INFO [main] HikariPool-1 - Starting...
2023-06-15 17:04:30,322 INFO [main] HikariPool-1 - Added connection org.postgresql.jdbc.PgConnection@4e8d9bb6
2023-06-15 17:04:30,323 INFO [main] HikariPool-1 - Start completed.
2023-06-15 17:04:30,343 INFO [main] HHH000400: Using dialect: org.hibernate.dialect.PostgreSQLDialect
2023-06-15 17:04:30,976 WARN [main] SQL Warning Code: 0, SQLState: 00000
2023-06-15 17:04:30,976 WARN [main] relation "certificate_demands" does not exist, skipping
2023-06-15 17:04:30,976 WARN [main] SQL Warning Code: 0, SQLState: 00000
2023-06-15 17:04:30,976 WARN [main] relation "certificate_demands" does not exist, skipping
2023-06-15 17:04:30,977 WARN [main] SQL Warning Code: 0, SQLState: 00000
2023-06-15 17:04:30,977 WARN [main] relation "certificate_demands" does not exist, skipping
2023-06-15 17:04:30,977 WARN [main] SQL Warning Code: 0, SQLState: 00000
2023-06-15 17:04:30,977 WARN [main] relation "certificates" does not exist, skipping
2023-06-15 17:04:30,978 WARN [main] SQL Warning Code: 0, SQLState: 00000
2023-06-15 17:04:30,978 WARN [main] relation "certificates" does not exist, skipping
2023-06-15 17:04:30,978 WARN [main] SQL Warning Code: 0, SQLState: 00000
2023-06-15 17:04:30,978 WARN [main] relation "certificates" does not exist, skipping
2023-06-15 17:04:30,978 WARN [main] SQL Warning Code: 0, SQLState: 00000
2023-06-15 17:04:30,978 WARN [main] relation "password_history_entity" does not exist, skipping
2023-06-15 17:04:30,979 WARN [main] SQL Warning Code: 0, SQLState: 00000
2023-06-15 17:04:30,979 WARN [main] relation "verification_code" does not exist, skipping
2023-06-15 17:04:30,979 WARN [main] SQL Warning Code: 0, SQLState: 00000
2023-06-15 17:04:30,979 WARN [main] table "certificate_demands" does not exist, skipping
2023-06-15 17:04:30,979 WARN [main] SQL Warning Code: 0, SQLState: 00000
2023-06-15 17:04:30,979 WARN [main] table "certificates" does not exist, skipping
2023-06-15 17:04:30,979 WARN [main] SQL Warning Code: 0, SQLState: 00000
2023-06-15 17:04:30,979 WARN [main] table "password_history_entity" does not exist, skipping
2023-06-15 17:04:30,979 WARN [main] SQL Warning Code: 0, SQLState: 00000
2023-06-15 17:04:30,979 WARN [main] table "users" does not exist, skipping
2023-06-15 17:04:30,981 WARN [main] SQL Warning Code: 0, SQLState: 00000
2023-06-15 17:04:30,981 WARN [main] table "verification_code" does not exist, skipping
2023-06-15 17:04:30,981 WARN [main] SQL Warning Code: 0, SQLState: 00000
2023-06-15 17:04:30,981 WARN [main] sequence "certificate_demands_seq" does not exist, skipping
2023-06-15 17:04:30,981 WARN [main] SQL Warning Code: 0, SQLState: 00000
2023-06-15 17:04:30,981 WARN [main] sequence "certificates_seq" does not exist, skipping
2023-06-15 17:04:30,982 WARN [main] SQL Warning Code: 0, SQLState: 00000
2023-06-15 17:04:30,982 WARN [main] sequence "password_history_entity_seq" does not exist, skipping
2023-06-15 17:04:30,982 WARN [main] SQL Warning Code: 0, SQLState: 00000
2023-06-15 17:04:30,982 WARN [main] sequence "users_seq" does not exist, skipping
2023-06-15 17:04:30,982 WARN [main] SQL Warning Code: 0, SQLState: 00000
2023-06-15 17:04:30,982 WARN [main] sequence "verification_code_seq" does not exist, skipping
2023-06-15 17:04:31,013 INFO [main] HHH000490: Using JtaPlatform implementation: [org.hibernate.engine.transaction.jta.platform.internal.NoJtaPlatform]
2023-06-15 17:04:31,019 INFO [main] Initialized JPA EntityManagerFactory for persistence unit 'default'
2023-06-15 17:04:31,238 DEBUG [main] Filter 'jwtAuthenticationFilter' configured for use
2023-06-15 17:04:31,668 WARN [main] spring.jpa.open-in-view is enabled by default. Therefore, database queries may be performed during view rendering. Explicitly configure spring.jpa.open-in-view to disable this warning
2023-06-15 17:04:31,857 INFO [main] Will secure any request with [org.springframework.security.web.session.DisableEncodeUrlFilter@33e6176b, org.springframework.security.web.context.request.async.WebAsyncManagerIntegrationFilter@14ce13fa, org.springframework.security.web.context.SecurityContextHolderFilter@108a7fff, org.springframework.security.web.header.HeaderWriterFilter@30ffc3c0, org.springframework.web.filter.CorsFilter@296ddfc7, org.springframework.security.web.authentication.logout.LogoutFilter@63069995, org.springframework.security.oauth2.client.web.OAuth2AuthorizationRequestRedirectFilter@655008a2, org.springframework.security.oauth2.client.web.OAuth2AuthorizationRequestRedirectFilter@7641d70, org.springframework.security.oauth2.client.web.OAuth2LoginAuthenticationFilter@569d7074, ib.projekat.IBprojekat.websecurity.JwtAuthenticationFilter@1d5958d3, org.springframework.security.web.authentication.ui.DefaultLoginPageGeneratingFilter@12581426, org.springframework.security.web.authentication.ui.DefaultLogoutPageGeneratingFilter@29aa29f5, org.springframework.security.web.savedrequest.RequestCacheAwareFilter@652855c4, org.springframework.security.web.servletapi.SecurityContextHolderAwareRequestFilter@1639ec7a, org.springframework.security.web.authentication.AnonymousAuthenticationFilter@2a742ee4, org.springframework.security.oauth2.client.web.OAuth2AuthorizationCodeGrantFilter@664c411d, org.springframework.security.web.session.SessionManagementFilter@47e02a89, org.springframework.security.web.access.ExceptionTranslationFilter@3af17313, org.springframework.security.web.access.intercept.AuthorizationFilter@6e512d7f]
2023-06-15 17:04:31,994 INFO [main] Starting ProtocolHandler ["https-jsse-nio-8081"]
2023-06-15 17:04:32,112 INFO [main] Tomcat started on port(s): 8081 (https) with context path ''
2023-06-15 17:04:32,117 INFO [main] Started IbProjekatApplication in 3.49 seconds (process running for 4.091)
2023-06-15 17:04:39,257 INFO [https-jsse-nio-8081-exec-4] Initializing Spring DispatcherServlet 'dispatcherServlet'
2023-06-15 17:04:39,258 INFO [https-jsse-nio-8081-exec-4] Initializing Servlet 'dispatcherServlet'
2023-06-15 17:04:39,258 INFO [https-jsse-nio-8081-exec-4] Completed initialization in 0 ms
2023-06-15 17:04:40,629 INFO [https-jsse-nio-8081-exec-8] login
2023-06-15 17:04:40,629 INFO [https-jsse-nio-8081-exec-8] id
2023-06-15 17:04:40,629 INFO [https-jsse-nio-8081-exec-8] node_id
2023-06-15 17:04:40,629 INFO [https-jsse-nio-8081-exec-8] avatar_url
2023-06-15 17:04:40,629 INFO [https-jsse-nio-8081-exec-8] gravatar_id
2023-06-15 17:04:40,629 INFO [https-jsse-nio-8081-exec-8] url
2023-06-15 17:04:40,629 INFO [https-jsse-nio-8081-exec-8] html_url
2023-06-15 17:04:40,629 INFO [https-jsse-nio-8081-exec-8] followers_url
2023-06-15 17:04:40,629 INFO [https-jsse-nio-8081-exec-8] following_url
2023-06-15 17:04:40,629 INFO [https-jsse-nio-8081-exec-8] gists_url
2023-06-15 17:04:40,629 INFO [https-jsse-nio-8081-exec-8] starred_url
2023-06-15 17:04:40,629 INFO [https-jsse-nio-8081-exec-8] subscriptions_url
2023-06-15 17:04:40,630 INFO [https-jsse-nio-8081-exec-8] organizations_url
2023-06-15 17:04:40,630 INFO [https-jsse-nio-8081-exec-8] repos_url
2023-06-15 17:04:40,630 INFO [https-jsse-nio-8081-exec-8] events_url
2023-06-15 17:04:40,630 INFO [https-jsse-nio-8081-exec-8] received_events_url
2023-06-15 17:04:40,630 INFO [https-jsse-nio-8081-exec-8] type
2023-06-15 17:04:40,630 INFO [https-jsse-nio-8081-exec-8] site_admin
2023-06-15 17:04:40,630 INFO [https-jsse-nio-8081-exec-8] name
2023-06-15 17:04:40,630 INFO [https-jsse-nio-8081-exec-8] company
2023-06-15 17:04:40,630 INFO [https-jsse-nio-8081-exec-8] blog
2023-06-15 17:04:40,630 INFO [https-jsse-nio-8081-exec-8] location
2023-06-15 17:04:40,630 INFO [https-jsse-nio-8081-exec-8] email
2023-06-15 17:04:40,630 WARN [https-jsse-nio-8081-exec-8] Postoji email null
2023-06-15 17:04:40,630 INFO [https-jsse-nio-8081-exec-8] hireable
2023-06-15 17:04:40,630 INFO [https-jsse-nio-8081-exec-8] bio
2023-06-15 17:04:40,630 INFO [https-jsse-nio-8081-exec-8] twitter_username
2023-06-15 17:04:40,630 INFO [https-jsse-nio-8081-exec-8] public_repos
2023-06-15 17:04:40,630 INFO [https-jsse-nio-8081-exec-8] public_gists
2023-06-15 17:04:40,630 INFO [https-jsse-nio-8081-exec-8] followers
2023-06-15 17:04:40,630 INFO [https-jsse-nio-8081-exec-8] following
2023-06-15 17:04:40,630 INFO [https-jsse-nio-8081-exec-8] created_at
2023-06-15 17:04:40,630 INFO [https-jsse-nio-8081-exec-8] updated_at
2023-06-15 17:04:40,630 INFO [https-jsse-nio-8081-exec-8] private_gists
2023-06-15 17:04:40,630 INFO [https-jsse-nio-8081-exec-8] total_private_repos
2023-06-15 17:04:40,630 INFO [https-jsse-nio-8081-exec-8] owned_private_repos
2023-06-15 17:04:40,630 INFO [https-jsse-nio-8081-exec-8] disk_usage
2023-06-15 17:04:40,630 INFO [https-jsse-nio-8081-exec-8] collaborators
2023-06-15 17:04:40,630 INFO [https-jsse-nio-8081-exec-8] two_factor_authentication
2023-06-15 17:04:40,630 INFO [https-jsse-nio-8081-exec-8] plan
2023-06-15 17:04:40,630 INFO [https-jsse-nio-8081-exec-8] OAuth radi nekim cudom
2023-06-15 17:05:12,735 INFO [SpringApplicationShutdownHook] Closing JPA EntityManagerFactory for persistence unit 'default'
2023-06-15 17:05:12,736 INFO [SpringApplicationShutdownHook] HHH000477: Starting delayed evictData of schema as part of SessionFactory shut-down'
2023-06-15 17:05:12,749 INFO [SpringApplicationShutdownHook] HikariPool-1 - Shutdown initiated...
2023-06-15 17:05:12,751 INFO [SpringApplicationShutdownHook] HikariPool-1 - Shutdown completed.
