2023-06-15 16:54:45,241 INFO [background-preinit] HV000001: Hibernate Validator 8.0.0.Final
2023-06-15 16:54:45,267 INFO [main] Starting IbProjekatApplication using Java 19.0.2 with PID 12144 (C:\Users\ivand\Desktop\Faks\Projekti\IB\IB-Projekat-Tim7\backend\IB-projekat\target\classes started by ivandj in C:\Users\ivand\Desktop\Faks\Projekti\IB\IB-Projekat-Tim7\backend\IB-projekat)
2023-06-15 16:54:45,268 DEBUG [main] Running with Spring Boot v3.0.4, Spring v6.0.6
2023-06-15 16:54:45,268 INFO [main] No active profile set, falling back to 1 default profile: "default"
2023-06-15 16:54:45,760 INFO [main] Bootstrapping Spring Data JPA repositories in DEFAULT mode.
2023-06-15 16:54:45,807 INFO [main] Finished Spring Data repository scanning in 43 ms. Found 5 JPA repository interfaces.
2023-06-15 16:54:46,155 INFO [main] Tomcat initialized with port(s): 8081 (https)
2023-06-15 16:54:46,161 INFO [main] Initializing ProtocolHandler ["https-jsse-nio-8081"]
2023-06-15 16:54:46,163 INFO [main] Starting service [Tomcat]
2023-06-15 16:54:46,163 INFO [main] Starting Servlet engine: [Apache Tomcat/10.1.5]
2023-06-15 16:54:46,219 INFO [main] Initializing Spring embedded WebApplicationContext
2023-06-15 16:54:46,220 INFO [main] Root WebApplicationContext: initialization completed in 916 ms
2023-06-15 16:54:46,300 INFO [main] HHH000204: Processing PersistenceUnitInfo [name: default]
2023-06-15 16:54:46,333 INFO [main] HHH000412: Hibernate ORM core version 6.1.7.Final
2023-06-15 16:54:46,503 INFO [main] HikariPool-1 - Starting...
2023-06-15 16:54:46,609 INFO [main] HikariPool-1 - Added connection org.postgresql.jdbc.PgConnection@b0d3e7
2023-06-15 16:54:46,610 INFO [main] HikariPool-1 - Start completed.
2023-06-15 16:54:46,630 INFO [main] HHH000400: Using dialect: org.hibernate.dialect.PostgreSQLDialect
2023-06-15 16:54:47,191 WARN [main] SQL Warning Code: 0, SQLState: 00000
2023-06-15 16:54:47,192 WARN [main] relation "certificate_demands" does not exist, skipping
2023-06-15 16:54:47,192 WARN [main] SQL Warning Code: 0, SQLState: 00000
2023-06-15 16:54:47,192 WARN [main] relation "certificate_demands" does not exist, skipping
2023-06-15 16:54:47,192 WARN [main] SQL Warning Code: 0, SQLState: 00000
2023-06-15 16:54:47,192 WARN [main] relation "certificate_demands" does not exist, skipping
2023-06-15 16:54:47,192 WARN [main] SQL Warning Code: 0, SQLState: 00000
2023-06-15 16:54:47,194 WARN [main] relation "certificates" does not exist, skipping
2023-06-15 16:54:47,194 WARN [main] SQL Warning Code: 0, SQLState: 00000
2023-06-15 16:54:47,194 WARN [main] relation "certificates" does not exist, skipping
2023-06-15 16:54:47,194 WARN [main] SQL Warning Code: 0, SQLState: 00000
2023-06-15 16:54:47,194 WARN [main] relation "certificates" does not exist, skipping
2023-06-15 16:54:47,194 WARN [main] SQL Warning Code: 0, SQLState: 00000
2023-06-15 16:54:47,194 WARN [main] relation "password_history_entity" does not exist, skipping
2023-06-15 16:54:47,195 WARN [main] SQL Warning Code: 0, SQLState: 00000
2023-06-15 16:54:47,195 WARN [main] relation "verification_code" does not exist, skipping
2023-06-15 16:54:47,195 WARN [main] SQL Warning Code: 0, SQLState: 00000
2023-06-15 16:54:47,195 WARN [main] table "certificate_demands" does not exist, skipping
2023-06-15 16:54:47,195 WARN [main] SQL Warning Code: 0, SQLState: 00000
2023-06-15 16:54:47,195 WARN [main] table "certificates" does not exist, skipping
2023-06-15 16:54:47,196 WARN [main] SQL Warning Code: 0, SQLState: 00000
2023-06-15 16:54:47,196 WARN [main] table "password_history_entity" does not exist, skipping
2023-06-15 16:54:47,196 WARN [main] SQL Warning Code: 0, SQLState: 00000
2023-06-15 16:54:47,196 WARN [main] table "users" does not exist, skipping
2023-06-15 16:54:47,196 WARN [main] SQL Warning Code: 0, SQLState: 00000
2023-06-15 16:54:47,196 WARN [main] table "verification_code" does not exist, skipping
2023-06-15 16:54:47,197 WARN [main] SQL Warning Code: 0, SQLState: 00000
2023-06-15 16:54:47,197 WARN [main] sequence "certificate_demands_seq" does not exist, skipping
2023-06-15 16:54:47,197 WARN [main] SQL Warning Code: 0, SQLState: 00000
2023-06-15 16:54:47,197 WARN [main] sequence "certificates_seq" does not exist, skipping
2023-06-15 16:54:47,197 WARN [main] SQL Warning Code: 0, SQLState: 00000
2023-06-15 16:54:47,197 WARN [main] sequence "password_history_entity_seq" does not exist, skipping
2023-06-15 16:54:47,197 WARN [main] SQL Warning Code: 0, SQLState: 00000
2023-06-15 16:54:47,197 WARN [main] sequence "users_seq" does not exist, skipping
2023-06-15 16:54:47,198 WARN [main] SQL Warning Code: 0, SQLState: 00000
2023-06-15 16:54:47,198 WARN [main] sequence "verification_code_seq" does not exist, skipping
2023-06-15 16:54:47,229 INFO [main] HHH000490: Using JtaPlatform implementation: [org.hibernate.engine.transaction.jta.platform.internal.NoJtaPlatform]
2023-06-15 16:54:47,235 INFO [main] Initialized JPA EntityManagerFactory for persistence unit 'default'
2023-06-15 16:54:47,437 DEBUG [main] Filter 'jwtAuthenticationFilter' configured for use
2023-06-15 16:54:47,845 WARN [main] spring.jpa.open-in-view is enabled by default. Therefore, database queries may be performed during view rendering. Explicitly configure spring.jpa.open-in-view to disable this warning
2023-06-15 16:54:48,038 INFO [main] Will secure any request with [org.springframework.security.web.session.DisableEncodeUrlFilter@626edbe0, org.springframework.security.web.context.request.async.WebAsyncManagerIntegrationFilter@213a2fe3, org.springframework.security.web.context.SecurityContextHolderFilter@7d440378, org.springframework.security.web.header.HeaderWriterFilter@2ccfd2cb, org.springframework.web.filter.CorsFilter@a05727b, org.springframework.security.web.authentication.logout.LogoutFilter@36c45b54, org.springframework.security.oauth2.client.web.OAuth2AuthorizationRequestRedirectFilter@5502f74c, org.springframework.security.oauth2.client.web.OAuth2AuthorizationRequestRedirectFilter@30ae6721, org.springframework.security.oauth2.client.web.OAuth2LoginAuthenticationFilter@717b4de2, ib.projekat.IBprojekat.websecurity.JwtAuthenticationFilter@3889c343, org.springframework.security.web.authentication.ui.DefaultLoginPageGeneratingFilter@597f2d3f, org.springframework.security.web.authentication.ui.DefaultLogoutPageGeneratingFilter@29511cf9, org.springframework.security.web.savedrequest.RequestCacheAwareFilter@7597ae32, org.springframework.security.web.servletapi.SecurityContextHolderAwareRequestFilter@794cd751, org.springframework.security.web.authentication.AnonymousAuthenticationFilter@3df473e8, org.springframework.security.oauth2.client.web.OAuth2AuthorizationCodeGrantFilter@4005e63a, org.springframework.security.web.session.SessionManagementFilter@42014a, org.springframework.security.web.access.ExceptionTranslationFilter@57ac220f, org.springframework.security.web.access.intercept.AuthorizationFilter@2da273b3]
2023-06-15 16:54:48,188 INFO [main] Starting ProtocolHandler ["https-jsse-nio-8081"]
2023-06-15 16:54:48,307 INFO [main] Tomcat started on port(s): 8081 (https) with context path ''
2023-06-15 16:54:48,313 INFO [main] Started IbProjekatApplication in 3.384 seconds (process running for 4.068)
2023-06-15 16:54:55,444 INFO [https-jsse-nio-8081-exec-4] Initializing Spring DispatcherServlet 'dispatcherServlet'
2023-06-15 16:54:55,444 INFO [https-jsse-nio-8081-exec-4] Initializing Servlet 'dispatcherServlet'
2023-06-15 16:54:55,445 INFO [https-jsse-nio-8081-exec-4] Completed initialization in 1 ms
2023-06-15 16:54:59,295 ERROR [https-jsse-nio-8081-exec-4] OAuth radi nekim cudom
2023-06-15 16:55:00,226 ERROR [https-jsse-nio-8081-exec-10] OAuth radi nekim cudom
2023-06-15 16:55:01,096 ERROR [https-jsse-nio-8081-exec-4] OAuth radi nekim cudom
2023-06-15 16:55:01,921 ERROR [https-jsse-nio-8081-exec-10] OAuth radi nekim cudom
2023-06-15 16:58:26,447 INFO [SpringApplicationShutdownHook] Closing JPA EntityManagerFactory for persistence unit 'default'
2023-06-15 16:58:26,447 INFO [SpringApplicationShutdownHook] HHH000477: Starting delayed evictData of schema as part of SessionFactory shut-down'
2023-06-15 16:58:26,460 INFO [SpringApplicationShutdownHook] HikariPool-1 - Shutdown initiated...
2023-06-15 16:58:26,463 INFO [SpringApplicationShutdownHook] HikariPool-1 - Shutdown completed.
