2023-06-15 21:32:08,687 INFO [background-preinit] HV000001: Hibernate Validator 8.0.0.Final
2023-06-15 21:32:08,725 INFO [main] Starting IbProjekatApplication using Java 19.0.2 with PID 432 (C:\Users\ivand\Desktop\Faks\Projekti\IB\IB-Projekat-Tim7\backend\IB-projekat\target\classes started by ivandj in C:\Users\ivand\Desktop\Faks\Projekti\IB\IB-Projekat-Tim7\backend\IB-projekat)
2023-06-15 21:32:08,726 DEBUG [main] Running with Spring Boot v3.0.4, Spring v6.0.6
2023-06-15 21:32:08,726 INFO [main] No active profile set, falling back to 1 default profile: "default"
2023-06-15 21:32:09,257 INFO [main] Bootstrapping Spring Data JPA repositories in DEFAULT mode.
2023-06-15 21:32:09,309 INFO [main] Finished Spring Data repository scanning in 45 ms. Found 5 JPA repository interfaces.
2023-06-15 21:32:09,845 INFO [main] Tomcat initialized with port(s): 8081 (https)
2023-06-15 21:32:09,857 INFO [main] Initializing ProtocolHandler ["https-jsse-nio-8081"]
2023-06-15 21:32:09,860 INFO [main] Starting service [Tomcat]
2023-06-15 21:32:09,860 INFO [main] Starting Servlet engine: [Apache Tomcat/10.1.5]
2023-06-15 21:32:09,943 INFO [main] Initializing Spring embedded WebApplicationContext
2023-06-15 21:32:09,943 INFO [main] Root WebApplicationContext: initialization completed in 1173 ms
2023-06-15 21:32:10,087 INFO [main] HHH000204: Processing PersistenceUnitInfo [name: default]
2023-06-15 21:32:10,140 INFO [main] HHH000412: Hibernate ORM core version 6.1.7.Final
2023-06-15 21:32:10,374 INFO [main] HikariPool-1 - Starting...
2023-06-15 21:32:10,495 INFO [main] HikariPool-1 - Added connection org.postgresql.jdbc.PgConnection@17f8db6
2023-06-15 21:32:10,497 INFO [main] HikariPool-1 - Start completed.
2023-06-15 21:32:10,518 INFO [main] HHH000400: Using dialect: org.hibernate.dialect.PostgreSQLDialect
2023-06-15 21:32:11,115 WARN [main] SQL Warning Code: 0, SQLState: 00000
2023-06-15 21:32:11,115 WARN [main] relation "certificate_demands" does not exist, skipping
2023-06-15 21:32:11,116 WARN [main] SQL Warning Code: 0, SQLState: 00000
2023-06-15 21:32:11,116 WARN [main] relation "certificate_demands" does not exist, skipping
2023-06-15 21:32:11,116 WARN [main] SQL Warning Code: 0, SQLState: 00000
2023-06-15 21:32:11,116 WARN [main] relation "certificate_demands" does not exist, skipping
2023-06-15 21:32:11,116 WARN [main] SQL Warning Code: 0, SQLState: 00000
2023-06-15 21:32:11,116 WARN [main] relation "certificates" does not exist, skipping
2023-06-15 21:32:11,117 WARN [main] SQL Warning Code: 0, SQLState: 00000
2023-06-15 21:32:11,117 WARN [main] relation "certificates" does not exist, skipping
2023-06-15 21:32:11,117 WARN [main] SQL Warning Code: 0, SQLState: 00000
2023-06-15 21:32:11,117 WARN [main] relation "certificates" does not exist, skipping
2023-06-15 21:32:11,117 WARN [main] SQL Warning Code: 0, SQLState: 00000
2023-06-15 21:32:11,117 WARN [main] relation "password_history_entity" does not exist, skipping
2023-06-15 21:32:11,118 WARN [main] SQL Warning Code: 0, SQLState: 00000
2023-06-15 21:32:11,118 WARN [main] relation "verification_code" does not exist, skipping
2023-06-15 21:32:11,118 WARN [main] SQL Warning Code: 0, SQLState: 00000
2023-06-15 21:32:11,118 WARN [main] table "certificate_demands" does not exist, skipping
2023-06-15 21:32:11,118 WARN [main] SQL Warning Code: 0, SQLState: 00000
2023-06-15 21:32:11,118 WARN [main] table "certificates" does not exist, skipping
2023-06-15 21:32:11,119 WARN [main] SQL Warning Code: 0, SQLState: 00000
2023-06-15 21:32:11,119 WARN [main] table "password_history_entity" does not exist, skipping
2023-06-15 21:32:11,119 WARN [main] SQL Warning Code: 0, SQLState: 00000
2023-06-15 21:32:11,119 WARN [main] table "users" does not exist, skipping
2023-06-15 21:32:11,119 WARN [main] SQL Warning Code: 0, SQLState: 00000
2023-06-15 21:32:11,119 WARN [main] table "verification_code" does not exist, skipping
2023-06-15 21:32:11,119 WARN [main] SQL Warning Code: 0, SQLState: 00000
2023-06-15 21:32:11,119 WARN [main] sequence "certificate_demands_seq" does not exist, skipping
2023-06-15 21:32:11,119 WARN [main] SQL Warning Code: 0, SQLState: 00000
2023-06-15 21:32:11,119 WARN [main] sequence "certificates_seq" does not exist, skipping
2023-06-15 21:32:11,121 WARN [main] SQL Warning Code: 0, SQLState: 00000
2023-06-15 21:32:11,121 WARN [main] sequence "password_history_entity_seq" does not exist, skipping
2023-06-15 21:32:11,121 WARN [main] SQL Warning Code: 0, SQLState: 00000
2023-06-15 21:32:11,121 WARN [main] sequence "users_seq" does not exist, skipping
2023-06-15 21:32:11,121 WARN [main] SQL Warning Code: 0, SQLState: 00000
2023-06-15 21:32:11,121 WARN [main] sequence "verification_code_seq" does not exist, skipping
2023-06-15 21:32:11,154 INFO [main] HHH000490: Using JtaPlatform implementation: [org.hibernate.engine.transaction.jta.platform.internal.NoJtaPlatform]
2023-06-15 21:32:11,161 INFO [main] Initialized JPA EntityManagerFactory for persistence unit 'default'
2023-06-15 21:32:11,381 DEBUG [main] Filter 'jwtAuthenticationFilter' configured for use
2023-06-15 21:32:11,792 WARN [main] spring.jpa.open-in-view is enabled by default. Therefore, database queries may be performed during view rendering. Explicitly configure spring.jpa.open-in-view to disable this warning
2023-06-15 21:32:12,043 INFO [main] Will secure any request with [org.springframework.security.web.session.DisableEncodeUrlFilter@7b57587e, org.springframework.security.web.context.request.async.WebAsyncManagerIntegrationFilter@2ffc9be, org.springframework.security.web.context.SecurityContextHolderFilter@12581426, org.springframework.security.web.header.HeaderWriterFilter@1639ec7a, org.springframework.web.filter.CorsFilter@4005e63a, org.springframework.security.web.authentication.logout.LogoutFilter@6e512d7f, org.springframework.security.oauth2.client.web.OAuth2AuthorizationRequestRedirectFilter@915c47b, org.springframework.security.oauth2.client.web.OAuth2AuthorizationRequestRedirectFilter@2aea7775, org.springframework.security.oauth2.client.web.OAuth2LoginAuthenticationFilter@5502f74c, ib.projekat.IBprojekat.websecurity.JwtAuthenticationFilter@13e5b262, org.springframework.security.web.authentication.ui.DefaultLoginPageGeneratingFilter@7597ae32, org.springframework.security.web.authentication.ui.DefaultLogoutPageGeneratingFilter@30ae6721, org.springframework.security.web.savedrequest.RequestCacheAwareFilter@57ac220f, org.springframework.security.web.servletapi.SecurityContextHolderAwareRequestFilter@42014a, org.springframework.security.web.authentication.AnonymousAuthenticationFilter@717b4de2, org.springframework.security.oauth2.client.web.OAuth2AuthorizationCodeGrantFilter@1e5f3c4a, org.springframework.security.web.session.SessionManagementFilter@62099f75, org.springframework.security.web.access.ExceptionTranslationFilter@22ab3e3b, org.springframework.security.web.access.intercept.AuthorizationFilter@22cf6c9c]
2023-06-15 21:32:12,208 INFO [main] Starting ProtocolHandler ["https-jsse-nio-8081"]
2023-06-15 21:32:12,339 INFO [main] Tomcat started on port(s): 8081 (https) with context path ''
2023-06-15 21:32:12,344 INFO [main] Started IbProjekatApplication in 3.995 seconds (process running for 4.684)
2023-06-15 21:32:22,014 INFO [https-jsse-nio-8081-exec-5] Initializing Spring DispatcherServlet 'dispatcherServlet'
2023-06-15 21:32:22,014 INFO [https-jsse-nio-8081-exec-5] Initializing Servlet 'dispatcherServlet'
2023-06-15 21:32:22,015 INFO [https-jsse-nio-8081-exec-5] Completed initialization in 1 ms
2023-06-15 21:32:24,789 INFO [https-jsse-nio-8081-exec-5] at_hash : 9jJcwJ8shQhnnUwRINlfYg
2023-06-15 21:32:24,790 INFO [https-jsse-nio-8081-exec-5] sub : 108624137993217401944
2023-06-15 21:32:24,790 INFO [https-jsse-nio-8081-exec-5] email_verified : true
2023-06-15 21:32:24,790 INFO [https-jsse-nio-8081-exec-5] iss : https://accounts.google.com
2023-06-15 21:32:24,790 INFO [https-jsse-nio-8081-exec-5] given_name : Ivan
2023-06-15 21:32:24,790 INFO [https-jsse-nio-8081-exec-5] locale : en
2023-06-15 21:32:24,790 INFO [https-jsse-nio-8081-exec-5] nonce : Q3Vwacdy3QcfOSi9vjxnb7lfOeN32uC_7oDDPHmY-8Q
2023-06-15 21:32:24,790 INFO [https-jsse-nio-8081-exec-5] picture : https://lh3.googleusercontent.com/a/AAcHTterSojdZZjsfImYEAZBoHw0n3E-HaEr_ulXnFlJ=s96-c
2023-06-15 21:32:24,790 INFO [https-jsse-nio-8081-exec-5] aud : [910708360669-vbk26t65o0ne19d40nadfcpbvdlsfbvb.apps.googleusercontent.com]
2023-06-15 21:32:24,790 INFO [https-jsse-nio-8081-exec-5] azp : 910708360669-vbk26t65o0ne19d40nadfcpbvdlsfbvb.apps.googleusercontent.com
2023-06-15 21:32:24,790 INFO [https-jsse-nio-8081-exec-5] name : Ivan Đukanović
2023-06-15 21:32:24,790 INFO [https-jsse-nio-8081-exec-5] exp : 2023-06-15T20:32:23Z
2023-06-15 21:32:24,790 INFO [https-jsse-nio-8081-exec-5] family_name : Đukanović
2023-06-15 21:32:24,790 INFO [https-jsse-nio-8081-exec-5] iat : 2023-06-15T19:32:23Z
2023-06-15 21:32:24,790 INFO [https-jsse-nio-8081-exec-5] email : ivan.djukanovic07@gmail.com
2023-06-15 21:32:24,791 INFO [https-jsse-nio-8081-exec-5] OAuth radi nekim cudom
2023-06-15 21:32:25,099 WARN [https-jsse-nio-8081-exec-1] false
2023-06-15 21:34:25,866 INFO [SpringApplicationShutdownHook] Closing JPA EntityManagerFactory for persistence unit 'default'
2023-06-15 21:34:25,866 INFO [SpringApplicationShutdownHook] HHH000477: Starting delayed evictData of schema as part of SessionFactory shut-down'
2023-06-15 21:34:25,880 INFO [SpringApplicationShutdownHook] HikariPool-1 - Shutdown initiated...
2023-06-15 21:34:25,882 INFO [SpringApplicationShutdownHook] HikariPool-1 - Shutdown completed.
