2023-06-16 17:30:28,021 INFO [background-preinit] HV000001: Hibernate Validator 8.0.0.Final
2023-06-16 17:30:28,045 INFO [main] Starting IbProjekatApplication using Java 19.0.2 with PID 7200 (C:\Users\ivand\Desktop\Faks\Projekti\IB\IB-Projekat-Tim7\backend\IB-projekat\target\classes started by ivandj in C:\Users\ivand\Desktop\Faks\Projekti\IB\IB-Projekat-Tim7\backend\IB-projekat)
2023-06-16 17:30:28,045 DEBUG [main] Running with Spring Boot v3.0.4, Spring v6.0.6
2023-06-16 17:30:28,046 INFO [main] No active profile set, falling back to 1 default profile: "default"
2023-06-16 17:30:28,505 INFO [main] Bootstrapping Spring Data JPA repositories in DEFAULT mode.
2023-06-16 17:30:28,564 INFO [main] Finished Spring Data repository scanning in 53 ms. Found 5 JPA repository interfaces.
2023-06-16 17:30:28,986 INFO [main] Tomcat initialized with port(s): 8081 (https)
2023-06-16 17:30:28,994 INFO [main] Initializing ProtocolHandler ["https-jsse-nio-8081"]
2023-06-16 17:30:28,996 INFO [main] Starting service [Tomcat]
2023-06-16 17:30:28,997 INFO [main] Starting Servlet engine: [Apache Tomcat/10.1.5]
2023-06-16 17:30:29,057 INFO [main] Initializing Spring embedded WebApplicationContext
2023-06-16 17:30:29,058 INFO [main] Root WebApplicationContext: initialization completed in 982 ms
2023-06-16 17:30:29,175 INFO [main] HHH000204: Processing PersistenceUnitInfo [name: default]
2023-06-16 17:30:29,216 INFO [main] HHH000412: Hibernate ORM core version 6.1.7.Final
2023-06-16 17:30:29,411 INFO [main] HikariPool-1 - Starting...
2023-06-16 17:30:29,519 INFO [main] HikariPool-1 - Added connection org.postgresql.jdbc.PgConnection@1c2096c6
2023-06-16 17:30:29,520 INFO [main] HikariPool-1 - Start completed.
2023-06-16 17:30:29,541 INFO [main] HHH000400: Using dialect: org.hibernate.dialect.PostgreSQLDialect
2023-06-16 17:30:30,276 WARN [main] SQL Warning Code: 0, SQLState: 00000
2023-06-16 17:30:30,276 WARN [main] relation "certificate_demands" does not exist, skipping
2023-06-16 17:30:30,276 WARN [main] SQL Warning Code: 0, SQLState: 00000
2023-06-16 17:30:30,276 WARN [main] relation "certificate_demands" does not exist, skipping
2023-06-16 17:30:30,277 WARN [main] SQL Warning Code: 0, SQLState: 00000
2023-06-16 17:30:30,277 WARN [main] relation "certificate_demands" does not exist, skipping
2023-06-16 17:30:30,277 WARN [main] SQL Warning Code: 0, SQLState: 00000
2023-06-16 17:30:30,277 WARN [main] relation "certificates" does not exist, skipping
2023-06-16 17:30:30,277 WARN [main] SQL Warning Code: 0, SQLState: 00000
2023-06-16 17:30:30,277 WARN [main] relation "certificates" does not exist, skipping
2023-06-16 17:30:30,278 WARN [main] SQL Warning Code: 0, SQLState: 00000
2023-06-16 17:30:30,278 WARN [main] relation "certificates" does not exist, skipping
2023-06-16 17:30:30,278 WARN [main] SQL Warning Code: 0, SQLState: 00000
2023-06-16 17:30:30,278 WARN [main] relation "password_history_entity" does not exist, skipping
2023-06-16 17:30:30,278 WARN [main] SQL Warning Code: 0, SQLState: 00000
2023-06-16 17:30:30,279 WARN [main] relation "verification_code" does not exist, skipping
2023-06-16 17:30:30,279 WARN [main] SQL Warning Code: 0, SQLState: 00000
2023-06-16 17:30:30,279 WARN [main] table "certificate_demands" does not exist, skipping
2023-06-16 17:30:30,279 WARN [main] SQL Warning Code: 0, SQLState: 00000
2023-06-16 17:30:30,279 WARN [main] table "certificates" does not exist, skipping
2023-06-16 17:30:30,279 WARN [main] SQL Warning Code: 0, SQLState: 00000
2023-06-16 17:30:30,279 WARN [main] table "password_history_entity" does not exist, skipping
2023-06-16 17:30:30,280 WARN [main] SQL Warning Code: 0, SQLState: 00000
2023-06-16 17:30:30,280 WARN [main] table "users" does not exist, skipping
2023-06-16 17:30:30,280 WARN [main] SQL Warning Code: 0, SQLState: 00000
2023-06-16 17:30:30,280 WARN [main] table "verification_code" does not exist, skipping
2023-06-16 17:30:30,280 WARN [main] SQL Warning Code: 0, SQLState: 00000
2023-06-16 17:30:30,280 WARN [main] sequence "certificate_demands_seq" does not exist, skipping
2023-06-16 17:30:30,281 WARN [main] SQL Warning Code: 0, SQLState: 00000
2023-06-16 17:30:30,281 WARN [main] sequence "certificates_seq" does not exist, skipping
2023-06-16 17:30:30,281 WARN [main] SQL Warning Code: 0, SQLState: 00000
2023-06-16 17:30:30,281 WARN [main] sequence "password_history_entity_seq" does not exist, skipping
2023-06-16 17:30:30,281 WARN [main] SQL Warning Code: 0, SQLState: 00000
2023-06-16 17:30:30,281 WARN [main] sequence "users_seq" does not exist, skipping
2023-06-16 17:30:30,281 WARN [main] SQL Warning Code: 0, SQLState: 00000
2023-06-16 17:30:30,281 WARN [main] sequence "verification_code_seq" does not exist, skipping
2023-06-16 17:30:30,318 INFO [main] HHH000490: Using JtaPlatform implementation: [org.hibernate.engine.transaction.jta.platform.internal.NoJtaPlatform]
2023-06-16 17:30:30,325 INFO [main] Initialized JPA EntityManagerFactory for persistence unit 'default'
2023-06-16 17:30:30,539 DEBUG [main] Filter 'jwtAuthenticationFilter' configured for use
2023-06-16 17:30:30,958 WARN [main] spring.jpa.open-in-view is enabled by default. Therefore, database queries may be performed during view rendering. Explicitly configure spring.jpa.open-in-view to disable this warning
2023-06-16 17:30:31,148 INFO [main] Will secure any request with [org.springframework.security.web.session.DisableEncodeUrlFilter@5f160341, org.springframework.security.web.context.request.async.WebAsyncManagerIntegrationFilter@31f5580b, org.springframework.security.web.context.SecurityContextHolderFilter@7ff26b29, org.springframework.security.web.header.HeaderWriterFilter@1ee37c7a, org.springframework.web.filter.CorsFilter@56a8b19f, org.springframework.security.web.authentication.logout.LogoutFilter@23b4f0a9, org.springframework.security.oauth2.client.web.OAuth2AuthorizationRequestRedirectFilter@5128efc, org.springframework.security.oauth2.client.web.OAuth2AuthorizationRequestRedirectFilter@5d267575, org.springframework.security.oauth2.client.web.OAuth2LoginAuthenticationFilter@6e512d7f, ib.projekat.IBprojekat.websecurity.JwtAuthenticationFilter@13e5b262, org.springframework.security.web.authentication.ui.DefaultLoginPageGeneratingFilter@2a1fce44, org.springframework.security.web.authentication.ui.DefaultLogoutPageGeneratingFilter@5927473a, org.springframework.security.web.savedrequest.RequestCacheAwareFilter@1495f70, org.springframework.security.web.servletapi.SecurityContextHolderAwareRequestFilter@7f746160, org.springframework.security.web.authentication.AnonymousAuthenticationFilter@36c45b54, org.springframework.security.oauth2.client.web.OAuth2AuthorizationCodeGrantFilter@4f27643d, org.springframework.security.web.session.SessionManagementFilter@5cb42eb2, org.springframework.security.web.access.ExceptionTranslationFilter@7f2d4ffc, org.springframework.security.web.access.intercept.AuthorizationFilter@57ac220f]
2023-06-16 17:30:31,292 INFO [main] Starting ProtocolHandler ["https-jsse-nio-8081"]
2023-06-16 17:30:31,412 INFO [main] Tomcat started on port(s): 8081 (https) with context path ''
2023-06-16 17:30:31,417 INFO [main] Started IbProjekatApplication in 3.695 seconds (process running for 4.316)
2023-06-16 17:35:51,498 INFO [SpringApplicationShutdownHook] Closing JPA EntityManagerFactory for persistence unit 'default'
2023-06-16 17:35:51,499 INFO [SpringApplicationShutdownHook] HHH000477: Starting delayed evictData of schema as part of SessionFactory shut-down'
2023-06-16 17:35:51,513 INFO [SpringApplicationShutdownHook] HikariPool-1 - Shutdown initiated...
2023-06-16 17:35:51,515 INFO [SpringApplicationShutdownHook] HikariPool-1 - Shutdown completed.
