2023-06-15 21:30:03,712 INFO [background-preinit] HV000001: Hibernate Validator 8.0.0.Final
2023-06-15 21:30:03,742 INFO [main] Starting IbProjekatApplication using Java 19.0.2 with PID 3288 (C:\Users\ivand\Desktop\Faks\Projekti\IB\IB-Projekat-Tim7\backend\IB-projekat\target\classes started by ivandj in C:\Users\ivand\Desktop\Faks\Projekti\IB\IB-Projekat-Tim7\backend\IB-projekat)
2023-06-15 21:30:03,742 DEBUG [main] Running with Spring Boot v3.0.4, Spring v6.0.6
2023-06-15 21:30:03,742 INFO [main] No active profile set, falling back to 1 default profile: "default"
2023-06-15 21:30:04,264 INFO [main] Bootstrapping Spring Data JPA repositories in DEFAULT mode.
2023-06-15 21:30:04,325 INFO [main] Finished Spring Data repository scanning in 56 ms. Found 5 JPA repository interfaces.
2023-06-15 21:30:04,693 INFO [main] Tomcat initialized with port(s): 8081 (https)
2023-06-15 21:30:04,699 INFO [main] Initializing ProtocolHandler ["https-jsse-nio-8081"]
2023-06-15 21:30:04,701 INFO [main] Starting service [Tomcat]
2023-06-15 21:30:04,701 INFO [main] Starting Servlet engine: [Apache Tomcat/10.1.5]
2023-06-15 21:30:04,756 INFO [main] Initializing Spring embedded WebApplicationContext
2023-06-15 21:30:04,756 INFO [main] Root WebApplicationContext: initialization completed in 976 ms
2023-06-15 21:30:04,851 INFO [main] HHH000204: Processing PersistenceUnitInfo [name: default]
2023-06-15 21:30:04,883 INFO [main] HHH000412: Hibernate ORM core version 6.1.7.Final
2023-06-15 21:30:05,067 INFO [main] HikariPool-1 - Starting...
2023-06-15 21:30:05,170 INFO [main] HikariPool-1 - Added connection org.postgresql.jdbc.PgConnection@3de56885
2023-06-15 21:30:05,171 INFO [main] HikariPool-1 - Start completed.
2023-06-15 21:30:05,191 INFO [main] HHH000400: Using dialect: org.hibernate.dialect.PostgreSQLDialect
2023-06-15 21:30:05,774 WARN [main] SQL Warning Code: 0, SQLState: 00000
2023-06-15 21:30:05,775 WARN [main] relation "certificate_demands" does not exist, skipping
2023-06-15 21:30:05,775 WARN [main] SQL Warning Code: 0, SQLState: 00000
2023-06-15 21:30:05,775 WARN [main] relation "certificate_demands" does not exist, skipping
2023-06-15 21:30:05,775 WARN [main] SQL Warning Code: 0, SQLState: 00000
2023-06-15 21:30:05,775 WARN [main] relation "certificate_demands" does not exist, skipping
2023-06-15 21:30:05,776 WARN [main] SQL Warning Code: 0, SQLState: 00000
2023-06-15 21:30:05,776 WARN [main] relation "certificates" does not exist, skipping
2023-06-15 21:30:05,776 WARN [main] SQL Warning Code: 0, SQLState: 00000
2023-06-15 21:30:05,776 WARN [main] relation "certificates" does not exist, skipping
2023-06-15 21:30:05,777 WARN [main] SQL Warning Code: 0, SQLState: 00000
2023-06-15 21:30:05,777 WARN [main] relation "certificates" does not exist, skipping
2023-06-15 21:30:05,777 WARN [main] SQL Warning Code: 0, SQLState: 00000
2023-06-15 21:30:05,777 WARN [main] relation "password_history_entity" does not exist, skipping
2023-06-15 21:30:05,777 WARN [main] SQL Warning Code: 0, SQLState: 00000
2023-06-15 21:30:05,777 WARN [main] relation "verification_code" does not exist, skipping
2023-06-15 21:30:05,778 WARN [main] SQL Warning Code: 0, SQLState: 00000
2023-06-15 21:30:05,778 WARN [main] table "certificate_demands" does not exist, skipping
2023-06-15 21:30:05,778 WARN [main] SQL Warning Code: 0, SQLState: 00000
2023-06-15 21:30:05,778 WARN [main] table "certificates" does not exist, skipping
2023-06-15 21:30:05,778 WARN [main] SQL Warning Code: 0, SQLState: 00000
2023-06-15 21:30:05,778 WARN [main] table "password_history_entity" does not exist, skipping
2023-06-15 21:30:05,779 WARN [main] SQL Warning Code: 0, SQLState: 00000
2023-06-15 21:30:05,779 WARN [main] table "users" does not exist, skipping
2023-06-15 21:30:05,779 WARN [main] SQL Warning Code: 0, SQLState: 00000
2023-06-15 21:30:05,779 WARN [main] table "verification_code" does not exist, skipping
2023-06-15 21:30:05,779 WARN [main] SQL Warning Code: 0, SQLState: 00000
2023-06-15 21:30:05,779 WARN [main] sequence "certificate_demands_seq" does not exist, skipping
2023-06-15 21:30:05,780 WARN [main] SQL Warning Code: 0, SQLState: 00000
2023-06-15 21:30:05,780 WARN [main] sequence "certificates_seq" does not exist, skipping
2023-06-15 21:30:05,780 WARN [main] SQL Warning Code: 0, SQLState: 00000
2023-06-15 21:30:05,780 WARN [main] sequence "password_history_entity_seq" does not exist, skipping
2023-06-15 21:30:05,780 WARN [main] SQL Warning Code: 0, SQLState: 00000
2023-06-15 21:30:05,780 WARN [main] sequence "users_seq" does not exist, skipping
2023-06-15 21:30:05,780 WARN [main] SQL Warning Code: 0, SQLState: 00000
2023-06-15 21:30:05,781 WARN [main] sequence "verification_code_seq" does not exist, skipping
2023-06-15 21:30:05,814 INFO [main] HHH000490: Using JtaPlatform implementation: [org.hibernate.engine.transaction.jta.platform.internal.NoJtaPlatform]
2023-06-15 21:30:05,820 INFO [main] Initialized JPA EntityManagerFactory for persistence unit 'default'
2023-06-15 21:30:06,057 DEBUG [main] Filter 'jwtAuthenticationFilter' configured for use
2023-06-15 21:30:06,432 WARN [main] spring.jpa.open-in-view is enabled by default. Therefore, database queries may be performed during view rendering. Explicitly configure spring.jpa.open-in-view to disable this warning
2023-06-15 21:30:06,625 INFO [main] Will secure any request with [org.springframework.security.web.session.DisableEncodeUrlFilter@7641d70, org.springframework.security.web.context.request.async.WebAsyncManagerIntegrationFilter@569d7074, org.springframework.security.web.context.SecurityContextHolderFilter@1737acc0, org.springframework.security.web.header.HeaderWriterFilter@83b39c3, org.springframework.web.filter.CorsFilter@3726fc3b, org.springframework.security.web.authentication.logout.LogoutFilter@3c5de17c, org.springframework.security.oauth2.client.web.OAuth2AuthorizationRequestRedirectFilter@2140de63, org.springframework.security.oauth2.client.web.OAuth2AuthorizationRequestRedirectFilter@7cc5bdbd, org.springframework.security.oauth2.client.web.OAuth2LoginAuthenticationFilter@33c5cc0, ib.projekat.IBprojekat.websecurity.JwtAuthenticationFilter@200e6029, org.springframework.security.web.authentication.ui.DefaultLoginPageGeneratingFilter@311819e8, org.springframework.security.web.authentication.ui.DefaultLogoutPageGeneratingFilter@33e6176b, org.springframework.security.web.savedrequest.RequestCacheAwareFilter@76b8b6a6, org.springframework.security.web.servletapi.SecurityContextHolderAwareRequestFilter@108a7fff, org.springframework.security.web.authentication.AnonymousAuthenticationFilter@14ce13fa, org.springframework.security.oauth2.client.web.OAuth2AuthorizationCodeGrantFilter@424461ad, org.springframework.security.web.session.SessionManagementFilter@62f8b2f4, org.springframework.security.web.access.ExceptionTranslationFilter@2c3a2935, org.springframework.security.web.access.intercept.AuthorizationFilter@5e537465]
2023-06-15 21:30:06,764 INFO [main] Starting ProtocolHandler ["https-jsse-nio-8081"]
2023-06-15 21:30:06,879 INFO [main] Tomcat started on port(s): 8081 (https) with context path ''
2023-06-15 21:30:06,884 INFO [main] Started IbProjekatApplication in 3.494 seconds (process running for 4.149)
2023-06-15 21:30:15,432 INFO [https-jsse-nio-8081-exec-3] Initializing Spring DispatcherServlet 'dispatcherServlet'
2023-06-15 21:30:15,432 INFO [https-jsse-nio-8081-exec-3] Initializing Servlet 'dispatcherServlet'
2023-06-15 21:30:15,433 INFO [https-jsse-nio-8081-exec-3] Completed initialization in 1 ms
2023-06-15 21:30:18,510 INFO [https-jsse-nio-8081-exec-3] at_hash : 8pkmYM8Ok8FcT1CCJ1mqMA
2023-06-15 21:30:18,511 INFO [https-jsse-nio-8081-exec-3] sub : 108624137993217401944
2023-06-15 21:30:18,511 INFO [https-jsse-nio-8081-exec-3] email_verified : true
2023-06-15 21:30:18,511 INFO [https-jsse-nio-8081-exec-3] iss : https://accounts.google.com
2023-06-15 21:30:18,511 INFO [https-jsse-nio-8081-exec-3] given_name : Ivan
2023-06-15 21:30:18,511 INFO [https-jsse-nio-8081-exec-3] locale : en
2023-06-15 21:30:18,511 INFO [https-jsse-nio-8081-exec-3] nonce : RETPfn4l4FlOqmyog7DpPhL5KZJgenZVy89dxk84HdU
2023-06-15 21:30:18,511 INFO [https-jsse-nio-8081-exec-3] picture : https://lh3.googleusercontent.com/a/AAcHTterSojdZZjsfImYEAZBoHw0n3E-HaEr_ulXnFlJ=s96-c
2023-06-15 21:30:18,511 INFO [https-jsse-nio-8081-exec-3] aud : [910708360669-vbk26t65o0ne19d40nadfcpbvdlsfbvb.apps.googleusercontent.com]
2023-06-15 21:30:18,511 INFO [https-jsse-nio-8081-exec-3] azp : 910708360669-vbk26t65o0ne19d40nadfcpbvdlsfbvb.apps.googleusercontent.com
2023-06-15 21:30:18,511 INFO [https-jsse-nio-8081-exec-3] name : Ivan Đukanović
2023-06-15 21:30:18,511 INFO [https-jsse-nio-8081-exec-3] exp : 2023-06-15T20:30:17Z
2023-06-15 21:30:18,511 INFO [https-jsse-nio-8081-exec-3] family_name : Đukanović
2023-06-15 21:30:18,511 INFO [https-jsse-nio-8081-exec-3] iat : 2023-06-15T19:30:17Z
2023-06-15 21:30:18,511 INFO [https-jsse-nio-8081-exec-3] email : ivan.djukanovic07@gmail.com
2023-06-15 21:30:18,511 INFO [https-jsse-nio-8081-exec-3] OAuth radi nekim cudom
2023-06-15 21:31:06,011 INFO [https-jsse-nio-8081-exec-1] at_hash : dVARRK62f67whMeURg4iFg
2023-06-15 21:31:06,011 INFO [https-jsse-nio-8081-exec-1] sub : 108624137993217401944
2023-06-15 21:31:06,011 INFO [https-jsse-nio-8081-exec-1] email_verified : true
2023-06-15 21:31:06,012 INFO [https-jsse-nio-8081-exec-1] iss : https://accounts.google.com
2023-06-15 21:31:06,012 INFO [https-jsse-nio-8081-exec-1] given_name : Ivan
2023-06-15 21:31:06,012 INFO [https-jsse-nio-8081-exec-1] locale : en
2023-06-15 21:31:06,012 INFO [https-jsse-nio-8081-exec-1] nonce : gO9uU_b0lYiSy332dGJcp-55DxLaFGCVRoawR3YQQn4
2023-06-15 21:31:06,012 INFO [https-jsse-nio-8081-exec-1] picture : https://lh3.googleusercontent.com/a/AAcHTterSojdZZjsfImYEAZBoHw0n3E-HaEr_ulXnFlJ=s96-c
2023-06-15 21:31:06,012 INFO [https-jsse-nio-8081-exec-1] aud : [910708360669-vbk26t65o0ne19d40nadfcpbvdlsfbvb.apps.googleusercontent.com]
2023-06-15 21:31:06,012 INFO [https-jsse-nio-8081-exec-1] azp : 910708360669-vbk26t65o0ne19d40nadfcpbvdlsfbvb.apps.googleusercontent.com
2023-06-15 21:31:06,012 INFO [https-jsse-nio-8081-exec-1] name : Ivan Đukanović
2023-06-15 21:31:06,012 INFO [https-jsse-nio-8081-exec-1] exp : 2023-06-15T20:31:05Z
2023-06-15 21:31:06,012 INFO [https-jsse-nio-8081-exec-1] family_name : Đukanović
2023-06-15 21:31:06,012 INFO [https-jsse-nio-8081-exec-1] iat : 2023-06-15T19:31:05Z
2023-06-15 21:31:06,012 INFO [https-jsse-nio-8081-exec-1] email : ivan.djukanovic07@gmail.com
2023-06-15 21:31:06,012 INFO [https-jsse-nio-8081-exec-1] OAuth radi nekim cudom
2023-06-15 21:31:29,225 WARN [https-jsse-nio-8081-exec-5] true
2023-06-15 21:32:04,879 INFO [SpringApplicationShutdownHook] Closing JPA EntityManagerFactory for persistence unit 'default'
2023-06-15 21:32:04,879 INFO [SpringApplicationShutdownHook] HHH000477: Starting delayed evictData of schema as part of SessionFactory shut-down'
2023-06-15 21:32:04,893 INFO [SpringApplicationShutdownHook] HikariPool-1 - Shutdown initiated...
2023-06-15 21:32:04,895 INFO [SpringApplicationShutdownHook] HikariPool-1 - Shutdown completed.
