2023-06-15 16:46:00,095 INFO [background-preinit] HV000001: Hibernate Validator 8.0.0.Final
2023-06-15 16:46:00,127 INFO [main] Starting IbProjekatApplication using Java 19.0.2 with PID 15468 (C:\Users\ivand\Desktop\Faks\Projekti\IB\IB-Projekat-Tim7\backend\IB-projekat\target\classes started by ivandj in C:\Users\ivand\Desktop\Faks\Projekti\IB\IB-Projekat-Tim7\backend\IB-projekat)
2023-06-15 16:46:00,127 DEBUG [main] Running with Spring Boot v3.0.4, Spring v6.0.6
2023-06-15 16:46:00,127 INFO [main] No active profile set, falling back to 1 default profile: "default"
2023-06-15 16:46:00,570 INFO [main] Bootstrapping Spring Data JPA repositories in DEFAULT mode.
2023-06-15 16:46:00,628 INFO [main] Finished Spring Data repository scanning in 44 ms. Found 5 JPA repository interfaces.
2023-06-15 16:46:00,959 INFO [main] Tomcat initialized with port(s): 8081 (https)
2023-06-15 16:46:00,969 INFO [main] Initializing ProtocolHandler ["https-jsse-nio-8081"]
2023-06-15 16:46:00,971 INFO [main] Starting service [Tomcat]
2023-06-15 16:46:00,971 INFO [main] Starting Servlet engine: [Apache Tomcat/10.1.5]
2023-06-15 16:46:01,029 INFO [main] Initializing Spring embedded WebApplicationContext
2023-06-15 16:46:01,029 INFO [main] Root WebApplicationContext: initialization completed in 871 ms
2023-06-15 16:46:01,107 INFO [main] HHH000204: Processing PersistenceUnitInfo [name: default]
2023-06-15 16:46:01,138 INFO [main] HHH000412: Hibernate ORM core version 6.1.7.Final
2023-06-15 16:46:01,307 INFO [main] HikariPool-1 - Starting...
2023-06-15 16:46:01,411 INFO [main] HikariPool-1 - Added connection org.postgresql.jdbc.PgConnection@12f8682a
2023-06-15 16:46:01,412 INFO [main] HikariPool-1 - Start completed.
2023-06-15 16:46:01,432 INFO [main] HHH000400: Using dialect: org.hibernate.dialect.PostgreSQLDialect
2023-06-15 16:46:01,992 WARN [main] SQL Warning Code: 0, SQLState: 00000
2023-06-15 16:46:01,992 WARN [main] relation "certificate_demands" does not exist, skipping
2023-06-15 16:46:01,993 WARN [main] SQL Warning Code: 0, SQLState: 00000
2023-06-15 16:46:01,993 WARN [main] relation "certificate_demands" does not exist, skipping
2023-06-15 16:46:01,993 WARN [main] SQL Warning Code: 0, SQLState: 00000
2023-06-15 16:46:01,993 WARN [main] relation "certificate_demands" does not exist, skipping
2023-06-15 16:46:01,993 WARN [main] SQL Warning Code: 0, SQLState: 00000
2023-06-15 16:46:01,993 WARN [main] relation "certificates" does not exist, skipping
2023-06-15 16:46:01,994 WARN [main] SQL Warning Code: 0, SQLState: 00000
2023-06-15 16:46:01,994 WARN [main] relation "certificates" does not exist, skipping
2023-06-15 16:46:01,994 WARN [main] SQL Warning Code: 0, SQLState: 00000
2023-06-15 16:46:01,994 WARN [main] relation "certificates" does not exist, skipping
2023-06-15 16:46:01,994 WARN [main] SQL Warning Code: 0, SQLState: 00000
2023-06-15 16:46:01,994 WARN [main] relation "password_history_entity" does not exist, skipping
2023-06-15 16:46:01,995 WARN [main] SQL Warning Code: 0, SQLState: 00000
2023-06-15 16:46:01,995 WARN [main] relation "verification_code" does not exist, skipping
2023-06-15 16:46:01,995 WARN [main] SQL Warning Code: 0, SQLState: 00000
2023-06-15 16:46:01,995 WARN [main] table "certificate_demands" does not exist, skipping
2023-06-15 16:46:01,995 WARN [main] SQL Warning Code: 0, SQLState: 00000
2023-06-15 16:46:01,995 WARN [main] table "certificates" does not exist, skipping
2023-06-15 16:46:01,996 WARN [main] SQL Warning Code: 0, SQLState: 00000
2023-06-15 16:46:01,996 WARN [main] table "password_history_entity" does not exist, skipping
2023-06-15 16:46:01,996 WARN [main] SQL Warning Code: 0, SQLState: 00000
2023-06-15 16:46:01,996 WARN [main] table "users" does not exist, skipping
2023-06-15 16:46:01,996 WARN [main] SQL Warning Code: 0, SQLState: 00000
2023-06-15 16:46:01,996 WARN [main] table "verification_code" does not exist, skipping
2023-06-15 16:46:01,997 WARN [main] SQL Warning Code: 0, SQLState: 00000
2023-06-15 16:46:01,997 WARN [main] sequence "certificate_demands_seq" does not exist, skipping
2023-06-15 16:46:01,997 WARN [main] SQL Warning Code: 0, SQLState: 00000
2023-06-15 16:46:01,997 WARN [main] sequence "certificates_seq" does not exist, skipping
2023-06-15 16:46:01,997 WARN [main] SQL Warning Code: 0, SQLState: 00000
2023-06-15 16:46:01,997 WARN [main] sequence "password_history_entity_seq" does not exist, skipping
2023-06-15 16:46:01,998 WARN [main] SQL Warning Code: 0, SQLState: 00000
2023-06-15 16:46:01,998 WARN [main] sequence "users_seq" does not exist, skipping
2023-06-15 16:46:01,998 WARN [main] SQL Warning Code: 0, SQLState: 00000
2023-06-15 16:46:01,998 WARN [main] sequence "verification_code_seq" does not exist, skipping
2023-06-15 16:46:02,031 INFO [main] HHH000490: Using JtaPlatform implementation: [org.hibernate.engine.transaction.jta.platform.internal.NoJtaPlatform]
2023-06-15 16:46:02,038 INFO [main] Initialized JPA EntityManagerFactory for persistence unit 'default'
2023-06-15 16:46:02,240 DEBUG [main] Filter 'jwtAuthenticationFilter' configured for use
2023-06-15 16:46:02,600 WARN [main] spring.jpa.open-in-view is enabled by default. Therefore, database queries may be performed during view rendering. Explicitly configure spring.jpa.open-in-view to disable this warning
2023-06-15 16:46:02,787 INFO [main] Will secure any request with [org.springframework.security.web.session.DisableEncodeUrlFilter@14ce13fa, org.springframework.security.web.context.request.async.WebAsyncManagerIntegrationFilter@296ddfc7, org.springframework.security.web.context.SecurityContextHolderFilter@56f8ab05, org.springframework.security.web.header.HeaderWriterFilter@76b8b6a6, org.springframework.web.filter.CorsFilter@29aa29f5, org.springframework.security.web.authentication.logout.LogoutFilter@3003d288, org.springframework.security.oauth2.client.web.OAuth2AuthorizationRequestRedirectFilter@424461ad, org.springframework.security.oauth2.client.web.OAuth2AuthorizationRequestRedirectFilter@569d7074, org.springframework.security.oauth2.client.web.OAuth2LoginAuthenticationFilter@3726fc3b, ib.projekat.IBprojekat.websecurity.JwtAuthenticationFilter@57777c23, org.springframework.security.web.authentication.ui.DefaultLoginPageGeneratingFilter@3c84c32f, org.springframework.security.web.authentication.ui.DefaultLogoutPageGeneratingFilter@2a742ee4, org.springframework.security.web.savedrequest.RequestCacheAwareFilter@619dc070, org.springframework.security.web.servletapi.SecurityContextHolderAwareRequestFilter@1928208d, org.springframework.security.web.authentication.AnonymousAuthenticationFilter@4e41b993, org.springframework.security.oauth2.client.web.OAuth2AuthorizationCodeGrantFilter@7641d70, org.springframework.security.web.session.SessionManagementFilter@6d9bcf19, org.springframework.security.web.access.ExceptionTranslationFilter@1737acc0, org.springframework.security.web.access.intercept.AuthorizationFilter@2be49c8c]
2023-06-15 16:46:02,916 INFO [main] Starting ProtocolHandler ["https-jsse-nio-8081"]
2023-06-15 16:46:03,028 INFO [main] Tomcat started on port(s): 8081 (https) with context path ''
2023-06-15 16:46:03,033 INFO [main] Started IbProjekatApplication in 3.228 seconds (process running for 3.826)
2023-06-15 16:46:06,059 INFO [https-jsse-nio-8081-exec-4] Initializing Spring DispatcherServlet 'dispatcherServlet'
2023-06-15 16:46:06,059 INFO [https-jsse-nio-8081-exec-4] Initializing Servlet 'dispatcherServlet'
2023-06-15 16:46:06,060 INFO [https-jsse-nio-8081-exec-4] Completed initialization in 1 ms
2023-06-15 16:46:07,241 WARN [https-jsse-nio-8081-exec-5] true
2023-06-15 16:46:20,955 INFO [SpringApplicationShutdownHook] Closing JPA EntityManagerFactory for persistence unit 'default'
2023-06-15 16:46:20,956 INFO [SpringApplicationShutdownHook] HHH000477: Starting delayed evictData of schema as part of SessionFactory shut-down'
2023-06-15 16:46:20,969 INFO [SpringApplicationShutdownHook] HikariPool-1 - Shutdown initiated...
2023-06-15 16:46:20,972 INFO [SpringApplicationShutdownHook] HikariPool-1 - Shutdown completed.
