2023-06-16 17:18:20,348 INFO [background-preinit] HV000001: Hibernate Validator 8.0.0.Final
2023-06-16 17:18:20,378 INFO [main] Starting IbProjekatApplication using Java 19.0.2 with PID 14992 (C:\Users\ivand\Desktop\Faks\Projekti\IB\IB-Projekat-Tim7\backend\IB-projekat\target\classes started by ivandj in C:\Users\ivand\Desktop\Faks\Projekti\IB\IB-Projekat-Tim7\backend\IB-projekat)
2023-06-16 17:18:20,378 DEBUG [main] Running with Spring Boot v3.0.4, Spring v6.0.6
2023-06-16 17:18:20,379 INFO [main] No active profile set, falling back to 1 default profile: "default"
2023-06-16 17:18:20,824 INFO [main] Bootstrapping Spring Data JPA repositories in DEFAULT mode.
2023-06-16 17:18:20,877 INFO [main] Finished Spring Data repository scanning in 42 ms. Found 5 JPA repository interfaces.
2023-06-16 17:18:21,211 INFO [main] Tomcat initialized with port(s): 8081 (https)
2023-06-16 17:18:21,218 INFO [main] Initializing ProtocolHandler ["https-jsse-nio-8081"]
2023-06-16 17:18:21,219 INFO [main] Starting service [Tomcat]
2023-06-16 17:18:21,219 INFO [main] Starting Servlet engine: [Apache Tomcat/10.1.5]
2023-06-16 17:18:21,272 INFO [main] Initializing Spring embedded WebApplicationContext
2023-06-16 17:18:21,272 INFO [main] Root WebApplicationContext: initialization completed in 864 ms
2023-06-16 17:18:21,352 INFO [main] HHH000204: Processing PersistenceUnitInfo [name: default]
2023-06-16 17:18:21,388 INFO [main] HHH000412: Hibernate ORM core version 6.1.7.Final
2023-06-16 17:18:21,562 INFO [main] HikariPool-1 - Starting...
2023-06-16 17:18:21,679 INFO [main] HikariPool-1 - Added connection org.postgresql.jdbc.PgConnection@44492c06
2023-06-16 17:18:21,681 INFO [main] HikariPool-1 - Start completed.
2023-06-16 17:18:21,706 INFO [main] HHH000400: Using dialect: org.hibernate.dialect.PostgreSQLDialect
2023-06-16 17:18:22,274 WARN [main] SQL Warning Code: 0, SQLState: 00000
2023-06-16 17:18:22,274 WARN [main] relation "certificate_demands" does not exist, skipping
2023-06-16 17:18:22,275 WARN [main] SQL Warning Code: 0, SQLState: 00000
2023-06-16 17:18:22,275 WARN [main] relation "certificate_demands" does not exist, skipping
2023-06-16 17:18:22,275 WARN [main] SQL Warning Code: 0, SQLState: 00000
2023-06-16 17:18:22,275 WARN [main] relation "certificate_demands" does not exist, skipping
2023-06-16 17:18:22,276 WARN [main] SQL Warning Code: 0, SQLState: 00000
2023-06-16 17:18:22,276 WARN [main] relation "certificates" does not exist, skipping
2023-06-16 17:18:22,276 WARN [main] SQL Warning Code: 0, SQLState: 00000
2023-06-16 17:18:22,276 WARN [main] relation "certificates" does not exist, skipping
2023-06-16 17:18:22,276 WARN [main] SQL Warning Code: 0, SQLState: 00000
2023-06-16 17:18:22,276 WARN [main] relation "certificates" does not exist, skipping
2023-06-16 17:18:22,277 WARN [main] SQL Warning Code: 0, SQLState: 00000
2023-06-16 17:18:22,277 WARN [main] relation "password_history_entity" does not exist, skipping
2023-06-16 17:18:22,277 WARN [main] SQL Warning Code: 0, SQLState: 00000
2023-06-16 17:18:22,277 WARN [main] relation "verification_code" does not exist, skipping
2023-06-16 17:18:22,277 WARN [main] SQL Warning Code: 0, SQLState: 00000
2023-06-16 17:18:22,277 WARN [main] table "certificate_demands" does not exist, skipping
2023-06-16 17:18:22,278 WARN [main] SQL Warning Code: 0, SQLState: 00000
2023-06-16 17:18:22,278 WARN [main] table "certificates" does not exist, skipping
2023-06-16 17:18:22,278 WARN [main] SQL Warning Code: 0, SQLState: 00000
2023-06-16 17:18:22,278 WARN [main] table "password_history_entity" does not exist, skipping
2023-06-16 17:18:22,278 WARN [main] SQL Warning Code: 0, SQLState: 00000
2023-06-16 17:18:22,278 WARN [main] table "users" does not exist, skipping
2023-06-16 17:18:22,278 WARN [main] SQL Warning Code: 0, SQLState: 00000
2023-06-16 17:18:22,279 WARN [main] table "verification_code" does not exist, skipping
2023-06-16 17:18:22,279 WARN [main] SQL Warning Code: 0, SQLState: 00000
2023-06-16 17:18:22,279 WARN [main] sequence "certificate_demands_seq" does not exist, skipping
2023-06-16 17:18:22,279 WARN [main] SQL Warning Code: 0, SQLState: 00000
2023-06-16 17:18:22,279 WARN [main] sequence "certificates_seq" does not exist, skipping
2023-06-16 17:18:22,279 WARN [main] SQL Warning Code: 0, SQLState: 00000
2023-06-16 17:18:22,279 WARN [main] sequence "password_history_entity_seq" does not exist, skipping
2023-06-16 17:18:22,280 WARN [main] SQL Warning Code: 0, SQLState: 00000
2023-06-16 17:18:22,280 WARN [main] sequence "users_seq" does not exist, skipping
2023-06-16 17:18:22,280 WARN [main] SQL Warning Code: 0, SQLState: 00000
2023-06-16 17:18:22,280 WARN [main] sequence "verification_code_seq" does not exist, skipping
2023-06-16 17:18:22,313 INFO [main] HHH000490: Using JtaPlatform implementation: [org.hibernate.engine.transaction.jta.platform.internal.NoJtaPlatform]
2023-06-16 17:18:22,320 INFO [main] Initialized JPA EntityManagerFactory for persistence unit 'default'
2023-06-16 17:18:22,514 DEBUG [main] Filter 'jwtAuthenticationFilter' configured for use
2023-06-16 17:18:22,889 WARN [main] spring.jpa.open-in-view is enabled by default. Therefore, database queries may be performed during view rendering. Explicitly configure spring.jpa.open-in-view to disable this warning
2023-06-16 17:18:23,071 INFO [main] Will secure any request with [org.springframework.security.web.session.DisableEncodeUrlFilter@56a8b19f, org.springframework.security.web.context.request.async.WebAsyncManagerIntegrationFilter@5927473a, org.springframework.security.web.context.SecurityContextHolderFilter@1495f70, org.springframework.security.web.header.HeaderWriterFilter@5cb42eb2, org.springframework.web.filter.CorsFilter@36c45b54, org.springframework.security.web.authentication.logout.LogoutFilter@56f8ab05, org.springframework.security.oauth2.client.web.OAuth2AuthorizationRequestRedirectFilter@593d5f39, org.springframework.security.oauth2.client.web.OAuth2AuthorizationRequestRedirectFilter@2be49c8c, org.springframework.security.oauth2.client.web.OAuth2LoginAuthenticationFilter@5f160341, ib.projekat.IBprojekat.websecurity.JwtAuthenticationFilter@13e5b262, org.springframework.security.web.authentication.ui.DefaultLoginPageGeneratingFilter@6b5fdbd0, org.springframework.security.web.authentication.ui.DefaultLogoutPageGeneratingFilter@2d6a6887, org.springframework.security.web.savedrequest.RequestCacheAwareFilter@466fd19b, org.springframework.security.web.servletapi.SecurityContextHolderAwareRequestFilter@2f89b44e, org.springframework.security.web.authentication.AnonymousAuthenticationFilter@3e5d10fc, org.springframework.security.oauth2.client.web.OAuth2AuthorizationCodeGrantFilter@6e512d7f, org.springframework.security.web.session.SessionManagementFilter@28806954, org.springframework.security.web.access.ExceptionTranslationFilter@1ee37c7a, org.springframework.security.web.access.intercept.AuthorizationFilter@2ccfd2cb]
2023-06-16 17:18:23,209 INFO [main] Starting ProtocolHandler ["https-jsse-nio-8081"]
2023-06-16 17:18:23,325 INFO [main] Tomcat started on port(s): 8081 (https) with context path ''
2023-06-16 17:18:23,330 INFO [main] Started IbProjekatApplication in 3.288 seconds (process running for 3.912)
2023-06-16 17:19:52,421 INFO [SpringApplicationShutdownHook] Closing JPA EntityManagerFactory for persistence unit 'default'
2023-06-16 17:19:52,421 INFO [SpringApplicationShutdownHook] HHH000477: Starting delayed evictData of schema as part of SessionFactory shut-down'
2023-06-16 17:19:52,440 INFO [SpringApplicationShutdownHook] HikariPool-1 - Shutdown initiated...
2023-06-16 17:19:52,442 INFO [SpringApplicationShutdownHook] HikariPool-1 - Shutdown completed.
