2023-06-09 12:59:23,192 INFO [background-preinit] HV000001: Hibernate Validator 8.0.0.Final
2023-06-09 12:59:23,220 INFO [main] Starting IbProjekatApplication using Java 19.0.2 with PID 9496 (C:\Users\ivand\Desktop\Faks\Projekti\IB\IB-Projekat-Tim7\backend\IB-projekat\target\classes started by ivandj in C:\Users\ivand\Desktop\Faks\Projekti\IB\IB-Projekat-Tim7\backend\IB-projekat)
2023-06-09 12:59:23,220 DEBUG [main] Running with Spring Boot v3.0.4, Spring v6.0.6
2023-06-09 12:59:23,221 INFO [main] No active profile set, falling back to 1 default profile: "default"
2023-06-09 12:59:23,751 INFO [main] Bootstrapping Spring Data JPA repositories in DEFAULT mode.
2023-06-09 12:59:23,808 INFO [main] Finished Spring Data repository scanning in 51 ms. Found 5 JPA repository interfaces.
2023-06-09 12:59:24,238 INFO [main] Tomcat initialized with port(s): 8081 (https)
2023-06-09 12:59:24,244 INFO [main] Initializing ProtocolHandler ["https-jsse-nio-8081"]
2023-06-09 12:59:24,247 INFO [main] Starting service [Tomcat]
2023-06-09 12:59:24,247 INFO [main] Starting Servlet engine: [Apache Tomcat/10.1.5]
2023-06-09 12:59:24,312 INFO [main] Initializing Spring embedded WebApplicationContext
2023-06-09 12:59:24,312 INFO [main] Root WebApplicationContext: initialization completed in 1058 ms
2023-06-09 12:59:24,411 INFO [main] HHH000204: Processing PersistenceUnitInfo [name: default]
2023-06-09 12:59:24,446 INFO [main] HHH000412: Hibernate ORM core version 6.1.7.Final
2023-06-09 12:59:24,638 INFO [main] HikariPool-1 - Starting...
2023-06-09 12:59:24,862 INFO [main] HikariPool-1 - Added connection org.postgresql.jdbc.PgConnection@70485aa
2023-06-09 12:59:24,864 INFO [main] HikariPool-1 - Start completed.
2023-06-09 12:59:24,884 INFO [main] HHH000400: Using dialect: org.hibernate.dialect.PostgreSQLDialect
2023-06-09 12:59:25,487 WARN [main] SQL Warning Code: 0, SQLState: 00000
2023-06-09 12:59:25,487 WARN [main] relation "certificate_demands" does not exist, skipping
2023-06-09 12:59:25,487 WARN [main] SQL Warning Code: 0, SQLState: 00000
2023-06-09 12:59:25,487 WARN [main] relation "certificate_demands" does not exist, skipping
2023-06-09 12:59:25,487 WARN [main] SQL Warning Code: 0, SQLState: 00000
2023-06-09 12:59:25,487 WARN [main] relation "certificate_demands" does not exist, skipping
2023-06-09 12:59:25,488 WARN [main] SQL Warning Code: 0, SQLState: 00000
2023-06-09 12:59:25,488 WARN [main] relation "certificates" does not exist, skipping
2023-06-09 12:59:25,488 WARN [main] SQL Warning Code: 0, SQLState: 00000
2023-06-09 12:59:25,488 WARN [main] relation "certificates" does not exist, skipping
2023-06-09 12:59:25,488 WARN [main] SQL Warning Code: 0, SQLState: 00000
2023-06-09 12:59:25,488 WARN [main] relation "certificates" does not exist, skipping
2023-06-09 12:59:25,489 WARN [main] SQL Warning Code: 0, SQLState: 00000
2023-06-09 12:59:25,489 WARN [main] relation "password_history_entity" does not exist, skipping
2023-06-09 12:59:25,489 WARN [main] SQL Warning Code: 0, SQLState: 00000
2023-06-09 12:59:25,489 WARN [main] relation "verification_code" does not exist, skipping
2023-06-09 12:59:25,490 WARN [main] SQL Warning Code: 0, SQLState: 00000
2023-06-09 12:59:25,490 WARN [main] table "certificate_demands" does not exist, skipping
2023-06-09 12:59:25,490 WARN [main] SQL Warning Code: 0, SQLState: 00000
2023-06-09 12:59:25,490 WARN [main] table "certificates" does not exist, skipping
2023-06-09 12:59:25,490 WARN [main] SQL Warning Code: 0, SQLState: 00000
2023-06-09 12:59:25,490 WARN [main] table "password_history_entity" does not exist, skipping
2023-06-09 12:59:25,491 WARN [main] SQL Warning Code: 0, SQLState: 00000
2023-06-09 12:59:25,491 WARN [main] table "users" does not exist, skipping
2023-06-09 12:59:25,491 WARN [main] SQL Warning Code: 0, SQLState: 00000
2023-06-09 12:59:25,491 WARN [main] table "verification_code" does not exist, skipping
2023-06-09 12:59:25,491 WARN [main] SQL Warning Code: 0, SQLState: 00000
2023-06-09 12:59:25,491 WARN [main] sequence "certificate_demands_seq" does not exist, skipping
2023-06-09 12:59:25,492 WARN [main] SQL Warning Code: 0, SQLState: 00000
2023-06-09 12:59:25,492 WARN [main] sequence "certificates_seq" does not exist, skipping
2023-06-09 12:59:25,492 WARN [main] SQL Warning Code: 0, SQLState: 00000
2023-06-09 12:59:25,492 WARN [main] sequence "password_history_entity_seq" does not exist, skipping
2023-06-09 12:59:25,492 WARN [main] SQL Warning Code: 0, SQLState: 00000
2023-06-09 12:59:25,492 WARN [main] sequence "users_seq" does not exist, skipping
2023-06-09 12:59:25,493 WARN [main] SQL Warning Code: 0, SQLState: 00000
2023-06-09 12:59:25,493 WARN [main] sequence "verification_code_seq" does not exist, skipping
2023-06-09 12:59:25,527 INFO [main] HHH000490: Using JtaPlatform implementation: [org.hibernate.engine.transaction.jta.platform.internal.NoJtaPlatform]
2023-06-09 12:59:25,532 INFO [main] Initialized JPA EntityManagerFactory for persistence unit 'default'
2023-06-09 12:59:25,772 DEBUG [main] Filter 'jwtAuthenticationFilter' configured for use
2023-06-09 12:59:26,224 WARN [main] spring.jpa.open-in-view is enabled by default. Therefore, database queries may be performed during view rendering. Explicitly configure spring.jpa.open-in-view to disable this warning
2023-06-09 12:59:26,416 INFO [main] Will secure any request with [org.springframework.security.web.session.DisableEncodeUrlFilter@62f8b2f4, org.springframework.security.web.context.request.async.WebAsyncManagerIntegrationFilter@6bd5aa8b, org.springframework.security.web.context.SecurityContextHolderFilter@4a577b99, org.springframework.security.web.header.HeaderWriterFilter@23bf19c9, org.springframework.web.filter.CorsFilter@3af17313, org.springframework.security.web.authentication.logout.LogoutFilter@5037f491, org.springframework.security.oauth2.client.web.OAuth2AuthorizationRequestRedirectFilter@c32908c, org.springframework.security.oauth2.client.web.OAuth2AuthorizationRequestRedirectFilter@2ca4b010, org.springframework.security.oauth2.client.web.OAuth2LoginAuthenticationFilter@83b39c3, ib.projekat.IBprojekat.websecurity.JwtAuthenticationFilter@75559cd9, org.springframework.security.web.authentication.ui.DefaultLoginPageGeneratingFilter@144caca6, org.springframework.security.web.authentication.ui.DefaultLogoutPageGeneratingFilter@1737acc0, org.springframework.security.web.savedrequest.RequestCacheAwareFilter@50c442a5, org.springframework.security.web.servletapi.SecurityContextHolderAwareRequestFilter@117bfeb8, org.springframework.security.web.authentication.AnonymousAuthenticationFilter@30ffc3c0, org.springframework.security.oauth2.client.web.OAuth2AuthorizationCodeGrantFilter@2c3a2935, org.springframework.security.web.session.SessionManagementFilter@12939937, org.springframework.security.web.access.ExceptionTranslationFilter@93cc5eb, org.springframework.security.web.access.intercept.AuthorizationFilter@4e132a9b]
2023-06-09 12:59:26,574 INFO [main] Starting ProtocolHandler ["https-jsse-nio-8081"]
2023-06-09 12:59:26,696 INFO [main] Tomcat started on port(s): 8081 (https) with context path ''
2023-06-09 12:59:26,702 INFO [main] Started IbProjekatApplication in 3.875 seconds (process running for 4.693)
2023-06-09 12:59:32,757 INFO [https-jsse-nio-8081-exec-3] Initializing Spring DispatcherServlet 'dispatcherServlet'
2023-06-09 12:59:32,757 INFO [https-jsse-nio-8081-exec-3] Initializing Servlet 'dispatcherServlet'
2023-06-09 12:59:32,758 INFO [https-jsse-nio-8081-exec-3] Completed initialization in 1 ms
2023-06-09 12:59:32,775 WARN [https-jsse-nio-8081-exec-3] No mapping for GET /api/v1/auth/github/oauth
2023-06-09 13:01:58,585 INFO [SpringApplicationShutdownHook] Closing JPA EntityManagerFactory for persistence unit 'default'
2023-06-09 13:01:58,586 INFO [SpringApplicationShutdownHook] HHH000477: Starting delayed evictData of schema as part of SessionFactory shut-down'
2023-06-09 13:01:58,599 INFO [SpringApplicationShutdownHook] HikariPool-1 - Shutdown initiated...
2023-06-09 13:01:58,602 INFO [SpringApplicationShutdownHook] HikariPool-1 - Shutdown completed.
