2023-06-15 16:59:39,332 INFO [background-preinit] HV000001: Hibernate Validator 8.0.0.Final
2023-06-15 16:59:39,356 INFO [main] Starting IbProjekatApplication using Java 19.0.2 with PID 7820 (C:\Users\ivand\Desktop\Faks\Projekti\IB\IB-Projekat-Tim7\backend\IB-projekat\target\classes started by ivandj in C:\Users\ivand\Desktop\Faks\Projekti\IB\IB-Projekat-Tim7\backend\IB-projekat)
2023-06-15 16:59:39,357 DEBUG [main] Running with Spring Boot v3.0.4, Spring v6.0.6
2023-06-15 16:59:39,357 INFO [main] No active profile set, falling back to 1 default profile: "default"
2023-06-15 16:59:39,809 INFO [main] Bootstrapping Spring Data JPA repositories in DEFAULT mode.
2023-06-15 16:59:39,871 INFO [main] Finished Spring Data repository scanning in 49 ms. Found 5 JPA repository interfaces.
2023-06-15 16:59:40,204 INFO [main] Tomcat initialized with port(s): 8081 (https)
2023-06-15 16:59:40,210 INFO [main] Initializing ProtocolHandler ["https-jsse-nio-8081"]
2023-06-15 16:59:40,211 INFO [main] Starting service [Tomcat]
2023-06-15 16:59:40,211 INFO [main] Starting Servlet engine: [Apache Tomcat/10.1.5]
2023-06-15 16:59:40,268 INFO [main] Initializing Spring embedded WebApplicationContext
2023-06-15 16:59:40,269 INFO [main] Root WebApplicationContext: initialization completed in 875 ms
2023-06-15 16:59:40,353 INFO [main] HHH000204: Processing PersistenceUnitInfo [name: default]
2023-06-15 16:59:40,386 INFO [main] HHH000412: Hibernate ORM core version 6.1.7.Final
2023-06-15 16:59:40,559 INFO [main] HikariPool-1 - Starting...
2023-06-15 16:59:40,779 INFO [main] HikariPool-1 - Added connection org.postgresql.jdbc.PgConnection@17f8db6
2023-06-15 16:59:40,781 INFO [main] HikariPool-1 - Start completed.
2023-06-15 16:59:40,800 INFO [main] HHH000400: Using dialect: org.hibernate.dialect.PostgreSQLDialect
2023-06-15 16:59:41,390 WARN [main] SQL Warning Code: 0, SQLState: 00000
2023-06-15 16:59:41,391 WARN [main] relation "certificate_demands" does not exist, skipping
2023-06-15 16:59:41,391 WARN [main] SQL Warning Code: 0, SQLState: 00000
2023-06-15 16:59:41,391 WARN [main] relation "certificate_demands" does not exist, skipping
2023-06-15 16:59:41,391 WARN [main] SQL Warning Code: 0, SQLState: 00000
2023-06-15 16:59:41,391 WARN [main] relation "certificate_demands" does not exist, skipping
2023-06-15 16:59:41,392 WARN [main] SQL Warning Code: 0, SQLState: 00000
2023-06-15 16:59:41,392 WARN [main] relation "certificates" does not exist, skipping
2023-06-15 16:59:41,392 WARN [main] SQL Warning Code: 0, SQLState: 00000
2023-06-15 16:59:41,392 WARN [main] relation "certificates" does not exist, skipping
2023-06-15 16:59:41,392 WARN [main] SQL Warning Code: 0, SQLState: 00000
2023-06-15 16:59:41,392 WARN [main] relation "certificates" does not exist, skipping
2023-06-15 16:59:41,393 WARN [main] SQL Warning Code: 0, SQLState: 00000
2023-06-15 16:59:41,393 WARN [main] relation "password_history_entity" does not exist, skipping
2023-06-15 16:59:41,393 WARN [main] SQL Warning Code: 0, SQLState: 00000
2023-06-15 16:59:41,393 WARN [main] relation "verification_code" does not exist, skipping
2023-06-15 16:59:41,393 WARN [main] SQL Warning Code: 0, SQLState: 00000
2023-06-15 16:59:41,394 WARN [main] table "certificate_demands" does not exist, skipping
2023-06-15 16:59:41,394 WARN [main] SQL Warning Code: 0, SQLState: 00000
2023-06-15 16:59:41,394 WARN [main] table "certificates" does not exist, skipping
2023-06-15 16:59:41,394 WARN [main] SQL Warning Code: 0, SQLState: 00000
2023-06-15 16:59:41,394 WARN [main] table "password_history_entity" does not exist, skipping
2023-06-15 16:59:41,394 WARN [main] SQL Warning Code: 0, SQLState: 00000
2023-06-15 16:59:41,394 WARN [main] table "users" does not exist, skipping
2023-06-15 16:59:41,395 WARN [main] SQL Warning Code: 0, SQLState: 00000
2023-06-15 16:59:41,395 WARN [main] table "verification_code" does not exist, skipping
2023-06-15 16:59:41,395 WARN [main] SQL Warning Code: 0, SQLState: 00000
2023-06-15 16:59:41,395 WARN [main] sequence "certificate_demands_seq" does not exist, skipping
2023-06-15 16:59:41,395 WARN [main] SQL Warning Code: 0, SQLState: 00000
2023-06-15 16:59:41,395 WARN [main] sequence "certificates_seq" does not exist, skipping
2023-06-15 16:59:41,396 WARN [main] SQL Warning Code: 0, SQLState: 00000
2023-06-15 16:59:41,396 WARN [main] sequence "password_history_entity_seq" does not exist, skipping
2023-06-15 16:59:41,396 WARN [main] SQL Warning Code: 0, SQLState: 00000
2023-06-15 16:59:41,396 WARN [main] sequence "users_seq" does not exist, skipping
2023-06-15 16:59:41,396 WARN [main] SQL Warning Code: 0, SQLState: 00000
2023-06-15 16:59:41,396 WARN [main] sequence "verification_code_seq" does not exist, skipping
2023-06-15 16:59:41,432 INFO [main] HHH000490: Using JtaPlatform implementation: [org.hibernate.engine.transaction.jta.platform.internal.NoJtaPlatform]
2023-06-15 16:59:41,438 INFO [main] Initialized JPA EntityManagerFactory for persistence unit 'default'
2023-06-15 16:59:41,654 DEBUG [main] Filter 'jwtAuthenticationFilter' configured for use
2023-06-15 16:59:42,045 WARN [main] spring.jpa.open-in-view is enabled by default. Therefore, database queries may be performed during view rendering. Explicitly configure spring.jpa.open-in-view to disable this warning
2023-06-15 16:59:42,264 INFO [main] Will secure any request with [org.springframework.security.web.session.DisableEncodeUrlFilter@5d267575, org.springframework.security.web.context.request.async.WebAsyncManagerIntegrationFilter@6e512d7f, org.springframework.security.web.context.SecurityContextHolderFilter@7ff26b29, org.springframework.security.web.header.HeaderWriterFilter@1ee37c7a, org.springframework.web.filter.CorsFilter@2be49c8c, org.springframework.security.web.authentication.logout.LogoutFilter@76b8b6a6, org.springframework.security.oauth2.client.web.OAuth2AuthorizationRequestRedirectFilter@7746330a, org.springframework.security.oauth2.client.web.OAuth2AuthorizationRequestRedirectFilter@593d5f39, org.springframework.security.oauth2.client.web.OAuth2LoginAuthenticationFilter@5e537465, ib.projekat.IBprojekat.websecurity.JwtAuthenticationFilter@34be7efb, org.springframework.security.web.authentication.ui.DefaultLoginPageGeneratingFilter@2a1fce44, org.springframework.security.web.authentication.ui.DefaultLogoutPageGeneratingFilter@5f160341, org.springframework.security.web.savedrequest.RequestCacheAwareFilter@1495f70, org.springframework.security.web.servletapi.SecurityContextHolderAwareRequestFilter@7f746160, org.springframework.security.web.authentication.AnonymousAuthenticationFilter@31f5580b, org.springframework.security.oauth2.client.web.OAuth2AuthorizationCodeGrantFilter@438a2337, org.springframework.security.web.session.SessionManagementFilter@5cb42eb2, org.springframework.security.web.access.ExceptionTranslationFilter@7f2d4ffc, org.springframework.security.web.access.intercept.AuthorizationFilter@4a2c69a6]
2023-06-15 16:59:42,412 INFO [main] Starting ProtocolHandler ["https-jsse-nio-8081"]
2023-06-15 16:59:42,531 INFO [main] Tomcat started on port(s): 8081 (https) with context path ''
2023-06-15 16:59:42,536 INFO [main] Started IbProjekatApplication in 3.527 seconds (process running for 4.137)
2023-06-15 16:59:45,805 INFO [https-jsse-nio-8081-exec-3] Initializing Spring DispatcherServlet 'dispatcherServlet'
2023-06-15 16:59:45,806 INFO [https-jsse-nio-8081-exec-3] Initializing Servlet 'dispatcherServlet'
2023-06-15 16:59:45,806 INFO [https-jsse-nio-8081-exec-3] Completed initialization in 0 ms
2023-06-15 16:59:47,135 INFO [https-jsse-nio-8081-exec-5] null
2023-06-15 16:59:47,135 INFO [https-jsse-nio-8081-exec-5] OAuth radi nekim cudom
2023-06-15 17:02:13,846 INFO [SpringApplicationShutdownHook] Closing JPA EntityManagerFactory for persistence unit 'default'
2023-06-15 17:02:13,846 INFO [SpringApplicationShutdownHook] HHH000477: Starting delayed evictData of schema as part of SessionFactory shut-down'
2023-06-15 17:02:13,859 INFO [SpringApplicationShutdownHook] HikariPool-1 - Shutdown initiated...
2023-06-15 17:02:13,862 INFO [SpringApplicationShutdownHook] HikariPool-1 - Shutdown completed.
