2023-06-09 13:18:41,813 INFO [background-preinit] HV000001: Hibernate Validator 8.0.0.Final
2023-06-09 13:18:41,846 INFO [main] Starting IbProjekatApplication using Java 19.0.2 with PID 4560 (C:\Users\ivand\Desktop\Faks\Projekti\IB\IB-Projekat-Tim7\backend\IB-projekat\target\classes started by ivandj in C:\Users\ivand\Desktop\Faks\Projekti\IB\IB-Projekat-Tim7\backend\IB-projekat)
2023-06-09 13:18:41,846 DEBUG [main] Running with Spring Boot v3.0.4, Spring v6.0.6
2023-06-09 13:18:41,847 INFO [main] No active profile set, falling back to 1 default profile: "default"
2023-06-09 13:18:42,439 INFO [main] Bootstrapping Spring Data JPA repositories in DEFAULT mode.
2023-06-09 13:18:42,500 INFO [main] Finished Spring Data repository scanning in 54 ms. Found 5 JPA repository interfaces.
2023-06-09 13:18:42,909 INFO [main] Tomcat initialized with port(s): 8081 (https)
2023-06-09 13:18:42,923 INFO [main] Initializing ProtocolHandler ["https-jsse-nio-8081"]
2023-06-09 13:18:42,925 INFO [main] Starting service [Tomcat]
2023-06-09 13:18:42,925 INFO [main] Starting Servlet engine: [Apache Tomcat/10.1.5]
2023-06-09 13:18:42,996 INFO [main] Initializing Spring embedded WebApplicationContext
2023-06-09 13:18:42,997 INFO [main] Root WebApplicationContext: initialization completed in 1115 ms
2023-06-09 13:18:43,127 INFO [main] HHH000204: Processing PersistenceUnitInfo [name: default]
2023-06-09 13:18:43,172 INFO [main] HHH000412: Hibernate ORM core version 6.1.7.Final
2023-06-09 13:18:43,386 INFO [main] HikariPool-1 - Starting...
2023-06-09 13:18:43,510 INFO [main] HikariPool-1 - Added connection org.postgresql.jdbc.PgConnection@12f8682a
2023-06-09 13:18:43,512 INFO [main] HikariPool-1 - Start completed.
2023-06-09 13:18:43,536 INFO [main] HHH000400: Using dialect: org.hibernate.dialect.PostgreSQLDialect
2023-06-09 13:18:44,368 WARN [main] SQL Warning Code: 0, SQLState: 00000
2023-06-09 13:18:44,369 WARN [main] relation "certificate_demands" does not exist, skipping
2023-06-09 13:18:44,369 WARN [main] SQL Warning Code: 0, SQLState: 00000
2023-06-09 13:18:44,369 WARN [main] relation "certificate_demands" does not exist, skipping
2023-06-09 13:18:44,370 WARN [main] SQL Warning Code: 0, SQLState: 00000
2023-06-09 13:18:44,370 WARN [main] relation "certificate_demands" does not exist, skipping
2023-06-09 13:18:44,370 WARN [main] SQL Warning Code: 0, SQLState: 00000
2023-06-09 13:18:44,370 WARN [main] relation "certificates" does not exist, skipping
2023-06-09 13:18:44,371 WARN [main] SQL Warning Code: 0, SQLState: 00000
2023-06-09 13:18:44,371 WARN [main] relation "certificates" does not exist, skipping
2023-06-09 13:18:44,371 WARN [main] SQL Warning Code: 0, SQLState: 00000
2023-06-09 13:18:44,371 WARN [main] relation "certificates" does not exist, skipping
2023-06-09 13:18:44,371 WARN [main] SQL Warning Code: 0, SQLState: 00000
2023-06-09 13:18:44,371 WARN [main] relation "password_history_entity" does not exist, skipping
2023-06-09 13:18:44,372 WARN [main] SQL Warning Code: 0, SQLState: 00000
2023-06-09 13:18:44,372 WARN [main] relation "verification_code" does not exist, skipping
2023-06-09 13:18:44,372 WARN [main] SQL Warning Code: 0, SQLState: 00000
2023-06-09 13:18:44,372 WARN [main] table "certificate_demands" does not exist, skipping
2023-06-09 13:18:44,373 WARN [main] SQL Warning Code: 0, SQLState: 00000
2023-06-09 13:18:44,373 WARN [main] table "certificates" does not exist, skipping
2023-06-09 13:18:44,373 WARN [main] SQL Warning Code: 0, SQLState: 00000
2023-06-09 13:18:44,373 WARN [main] table "password_history_entity" does not exist, skipping
2023-06-09 13:18:44,373 WARN [main] SQL Warning Code: 0, SQLState: 00000
2023-06-09 13:18:44,373 WARN [main] table "users" does not exist, skipping
2023-06-09 13:18:44,374 WARN [main] SQL Warning Code: 0, SQLState: 00000
2023-06-09 13:18:44,374 WARN [main] table "verification_code" does not exist, skipping
2023-06-09 13:18:44,375 WARN [main] SQL Warning Code: 0, SQLState: 00000
2023-06-09 13:18:44,375 WARN [main] sequence "certificate_demands_seq" does not exist, skipping
2023-06-09 13:18:44,375 WARN [main] SQL Warning Code: 0, SQLState: 00000
2023-06-09 13:18:44,376 WARN [main] sequence "certificates_seq" does not exist, skipping
2023-06-09 13:18:44,376 WARN [main] SQL Warning Code: 0, SQLState: 00000
2023-06-09 13:18:44,376 WARN [main] sequence "password_history_entity_seq" does not exist, skipping
2023-06-09 13:18:44,376 WARN [main] SQL Warning Code: 0, SQLState: 00000
2023-06-09 13:18:44,376 WARN [main] sequence "users_seq" does not exist, skipping
2023-06-09 13:18:44,377 WARN [main] SQL Warning Code: 0, SQLState: 00000
2023-06-09 13:18:44,377 WARN [main] sequence "verification_code_seq" does not exist, skipping
2023-06-09 13:18:44,422 INFO [main] HHH000490: Using JtaPlatform implementation: [org.hibernate.engine.transaction.jta.platform.internal.NoJtaPlatform]
2023-06-09 13:18:44,430 INFO [main] Initialized JPA EntityManagerFactory for persistence unit 'default'
2023-06-09 13:18:44,704 DEBUG [main] Filter 'jwtAuthenticationFilter' configured for use
2023-06-09 13:18:45,136 WARN [main] spring.jpa.open-in-view is enabled by default. Therefore, database queries may be performed during view rendering. Explicitly configure spring.jpa.open-in-view to disable this warning
2023-06-09 13:18:45,377 INFO [main] Will secure any request with [org.springframework.security.web.session.DisableEncodeUrlFilter@7d440378, org.springframework.security.web.context.request.async.WebAsyncManagerIntegrationFilter@6d1c15cb, org.springframework.security.web.context.SecurityContextHolderFilter@511ba9c9, org.springframework.security.web.header.HeaderWriterFilter@6c65c6f0, org.springframework.web.filter.CorsFilter@7597ae32, org.springframework.security.web.authentication.logout.LogoutFilter@17524c36, org.springframework.security.oauth2.client.web.OAuth2AuthorizationRequestRedirectFilter@3c84c32f, org.springframework.security.oauth2.client.web.OAuth2AuthorizationRequestRedirectFilter@42014a, org.springframework.security.oauth2.client.web.OAuth2LoginAuthenticationFilter@5e78dd7f, ib.projekat.IBprojekat.websecurity.JwtAuthenticationFilter@3a5ffea, org.springframework.security.web.authentication.ui.DefaultLoginPageGeneratingFilter@5abf9a76, org.springframework.security.web.authentication.ui.DefaultLogoutPageGeneratingFilter@615f61ec, org.springframework.security.web.savedrequest.RequestCacheAwareFilter@5297030e, org.springframework.security.web.servletapi.SecurityContextHolderAwareRequestFilter@7b237c2c, org.springframework.security.web.authentication.AnonymousAuthenticationFilter@3c5de17c, org.springframework.security.oauth2.client.web.OAuth2AuthorizationCodeGrantFilter@36c8e1c6, org.springframework.security.web.session.SessionManagementFilter@123fd460, org.springframework.security.web.access.ExceptionTranslationFilter@363751f2, org.springframework.security.web.access.intercept.AuthorizationFilter@1f7653ae]
2023-06-09 13:18:45,588 INFO [main] Starting ProtocolHandler ["https-jsse-nio-8081"]
2023-06-09 13:18:45,729 INFO [main] Tomcat started on port(s): 8081 (https) with context path ''
2023-06-09 13:18:45,735 INFO [main] Started IbProjekatApplication in 4.245 seconds (process running for 5.048)
2023-06-09 13:19:03,999 INFO [https-jsse-nio-8081-exec-3] Initializing Spring DispatcherServlet 'dispatcherServlet'
2023-06-09 13:19:03,999 INFO [https-jsse-nio-8081-exec-3] Initializing Servlet 'dispatcherServlet'
2023-06-09 13:19:04,000 INFO [https-jsse-nio-8081-exec-3] Completed initialization in 1 ms
2023-06-09 13:19:43,437 INFO [SpringApplicationShutdownHook] Closing JPA EntityManagerFactory for persistence unit 'default'
2023-06-09 13:19:43,438 INFO [SpringApplicationShutdownHook] HHH000477: Starting delayed evictData of schema as part of SessionFactory shut-down'
2023-06-09 13:19:43,452 INFO [SpringApplicationShutdownHook] HikariPool-1 - Shutdown initiated...
2023-06-09 13:19:43,454 INFO [SpringApplicationShutdownHook] HikariPool-1 - Shutdown completed.
