2023-06-16 18:24:14,739 INFO [background-preinit] HV000001: Hibernate Validator 8.0.0.Final
2023-06-16 18:24:14,771 INFO [main] Starting IbProjekatApplication using Java 19.0.2 with PID 21396 (C:\Users\ivand\Desktop\Faks\Projekti\IB\IB-Projekat-Tim7\backend\IB-projekat\target\classes started by ivandj in C:\Users\ivand\Desktop\Faks\Projekti\IB\IB-Projekat-Tim7\backend\IB-projekat)
2023-06-16 18:24:14,771 DEBUG [main] Running with Spring Boot v3.0.4, Spring v6.0.6
2023-06-16 18:24:14,772 INFO [main] No active profile set, falling back to 1 default profile: "default"
2023-06-16 18:24:15,233 INFO [main] Bootstrapping Spring Data JPA repositories in DEFAULT mode.
2023-06-16 18:24:15,288 INFO [main] Finished Spring Data repository scanning in 49 ms. Found 5 JPA repository interfaces.
2023-06-16 18:24:15,635 INFO [main] Tomcat initialized with port(s): 8081 (https)
2023-06-16 18:24:15,641 INFO [main] Initializing ProtocolHandler ["https-jsse-nio-8081"]
2023-06-16 18:24:15,643 INFO [main] Starting service [Tomcat]
2023-06-16 18:24:15,644 INFO [main] Starting Servlet engine: [Apache Tomcat/10.1.5]
2023-06-16 18:24:15,699 INFO [main] Initializing Spring embedded WebApplicationContext
2023-06-16 18:24:15,700 INFO [main] Root WebApplicationContext: initialization completed in 897 ms
2023-06-16 18:24:15,791 INFO [main] HHH000204: Processing PersistenceUnitInfo [name: default]
2023-06-16 18:24:15,824 INFO [main] HHH000412: Hibernate ORM core version 6.1.7.Final
2023-06-16 18:24:16,001 INFO [main] HikariPool-1 - Starting...
2023-06-16 18:24:16,206 INFO [main] HikariPool-1 - Added connection org.postgresql.jdbc.PgConnection@aee05f4
2023-06-16 18:24:16,207 INFO [main] HikariPool-1 - Start completed.
2023-06-16 18:24:16,228 INFO [main] HHH000400: Using dialect: org.hibernate.dialect.PostgreSQLDialect
2023-06-16 18:24:16,844 WARN [main] SQL Warning Code: 0, SQLState: 00000
2023-06-16 18:24:16,844 WARN [main] relation "certificate_demands" does not exist, skipping
2023-06-16 18:24:16,844 WARN [main] SQL Warning Code: 0, SQLState: 00000
2023-06-16 18:24:16,844 WARN [main] relation "certificate_demands" does not exist, skipping
2023-06-16 18:24:16,845 WARN [main] SQL Warning Code: 0, SQLState: 00000
2023-06-16 18:24:16,845 WARN [main] relation "certificate_demands" does not exist, skipping
2023-06-16 18:24:16,846 WARN [main] SQL Warning Code: 0, SQLState: 00000
2023-06-16 18:24:16,846 WARN [main] relation "certificates" does not exist, skipping
2023-06-16 18:24:16,846 WARN [main] SQL Warning Code: 0, SQLState: 00000
2023-06-16 18:24:16,846 WARN [main] relation "certificates" does not exist, skipping
2023-06-16 18:24:16,846 WARN [main] SQL Warning Code: 0, SQLState: 00000
2023-06-16 18:24:16,846 WARN [main] relation "certificates" does not exist, skipping
2023-06-16 18:24:16,847 WARN [main] SQL Warning Code: 0, SQLState: 00000
2023-06-16 18:24:16,847 WARN [main] relation "password_history_entity" does not exist, skipping
2023-06-16 18:24:16,847 WARN [main] SQL Warning Code: 0, SQLState: 00000
2023-06-16 18:24:16,847 WARN [main] relation "verification_code" does not exist, skipping
2023-06-16 18:24:16,848 WARN [main] SQL Warning Code: 0, SQLState: 00000
2023-06-16 18:24:16,848 WARN [main] table "certificate_demands" does not exist, skipping
2023-06-16 18:24:16,849 WARN [main] SQL Warning Code: 0, SQLState: 00000
2023-06-16 18:24:16,849 WARN [main] table "certificates" does not exist, skipping
2023-06-16 18:24:16,849 WARN [main] SQL Warning Code: 0, SQLState: 00000
2023-06-16 18:24:16,849 WARN [main] table "password_history_entity" does not exist, skipping
2023-06-16 18:24:16,849 WARN [main] SQL Warning Code: 0, SQLState: 00000
2023-06-16 18:24:16,850 WARN [main] table "users" does not exist, skipping
2023-06-16 18:24:16,850 WARN [main] SQL Warning Code: 0, SQLState: 00000
2023-06-16 18:24:16,850 WARN [main] table "verification_code" does not exist, skipping
2023-06-16 18:24:16,850 WARN [main] SQL Warning Code: 0, SQLState: 00000
2023-06-16 18:24:16,850 WARN [main] sequence "certificate_demands_seq" does not exist, skipping
2023-06-16 18:24:16,851 WARN [main] SQL Warning Code: 0, SQLState: 00000
2023-06-16 18:24:16,851 WARN [main] sequence "certificates_seq" does not exist, skipping
2023-06-16 18:24:16,851 WARN [main] SQL Warning Code: 0, SQLState: 00000
2023-06-16 18:24:16,851 WARN [main] sequence "password_history_entity_seq" does not exist, skipping
2023-06-16 18:24:16,852 WARN [main] SQL Warning Code: 0, SQLState: 00000
2023-06-16 18:24:16,852 WARN [main] sequence "users_seq" does not exist, skipping
2023-06-16 18:24:16,852 WARN [main] SQL Warning Code: 0, SQLState: 00000
2023-06-16 18:24:16,852 WARN [main] sequence "verification_code_seq" does not exist, skipping
2023-06-16 18:24:16,890 INFO [main] HHH000490: Using JtaPlatform implementation: [org.hibernate.engine.transaction.jta.platform.internal.NoJtaPlatform]
2023-06-16 18:24:16,897 INFO [main] Initialized JPA EntityManagerFactory for persistence unit 'default'
2023-06-16 18:24:17,124 DEBUG [main] Filter 'jwtAuthenticationFilter' configured for use
2023-06-16 18:24:17,495 WARN [main] spring.jpa.open-in-view is enabled by default. Therefore, database queries may be performed during view rendering. Explicitly configure spring.jpa.open-in-view to disable this warning
2023-06-16 18:24:17,696 INFO [main] Will secure any request with [org.springframework.security.web.session.DisableEncodeUrlFilter@57cd77e1, org.springframework.security.web.context.request.async.WebAsyncManagerIntegrationFilter@35f59dfe, org.springframework.security.web.context.SecurityContextHolderFilter@4821e1a3, org.springframework.security.web.header.HeaderWriterFilter@270a113f, org.springframework.web.filter.CorsFilter@6b71fded, org.springframework.security.web.authentication.logout.LogoutFilter@6e1d939e, org.springframework.security.oauth2.client.web.OAuth2AuthorizationRequestRedirectFilter@5d3c0735, org.springframework.security.oauth2.client.web.OAuth2AuthorizationRequestRedirectFilter@2408ca4c, org.springframework.security.oauth2.client.web.OAuth2LoginAuthenticationFilter@2f7e2481, ib.projekat.IBprojekat.websecurity.JwtAuthenticationFilter@3398ed12, org.springframework.security.web.authentication.ui.DefaultLoginPageGeneratingFilter@5b7e2a88, org.springframework.security.web.authentication.ui.DefaultLogoutPageGeneratingFilter@1633962a, org.springframework.security.web.savedrequest.RequestCacheAwareFilter@70b437bb, org.springframework.security.web.servletapi.SecurityContextHolderAwareRequestFilter@61ee9672, org.springframework.security.web.authentication.AnonymousAuthenticationFilter@2afd8972, org.springframework.security.oauth2.client.web.OAuth2AuthorizationCodeGrantFilter@1a524c6b, org.springframework.security.web.session.SessionManagementFilter@5e79bdf6, org.springframework.security.web.access.ExceptionTranslationFilter@3d2bcf0a, org.springframework.security.web.access.intercept.AuthorizationFilter@15d18b61]
2023-06-16 18:24:17,828 INFO [main] Starting ProtocolHandler ["https-jsse-nio-8081"]
2023-06-16 18:24:17,916 INFO [main] Tomcat started on port(s): 8081 (https) with context path ''
2023-06-16 18:24:17,920 INFO [main] Started IbProjekatApplication in 3.481 seconds (process running for 4.114)
2023-06-16 18:32:43,411 INFO [SpringApplicationShutdownHook] Closing JPA EntityManagerFactory for persistence unit 'default'
2023-06-16 18:32:43,412 INFO [SpringApplicationShutdownHook] HHH000477: Starting delayed evictData of schema as part of SessionFactory shut-down'
2023-06-16 18:32:43,428 INFO [SpringApplicationShutdownHook] HikariPool-1 - Shutdown initiated...
2023-06-16 18:32:43,432 INFO [SpringApplicationShutdownHook] HikariPool-1 - Shutdown completed.
