2023-06-16 17:50:25,901 INFO [background-preinit] HV000001: Hibernate Validator 8.0.0.Final
2023-06-16 17:50:25,932 INFO [main] Starting IbProjekatApplication using Java 19.0.2 with PID 3000 (C:\Users\ivand\Desktop\Faks\Projekti\IB\IB-Projekat-Tim7\backend\IB-projekat\target\classes started by ivandj in C:\Users\ivand\Desktop\Faks\Projekti\IB\IB-Projekat-Tim7\backend\IB-projekat)
2023-06-16 17:50:25,932 DEBUG [main] Running with Spring Boot v3.0.4, Spring v6.0.6
2023-06-16 17:50:25,932 INFO [main] No active profile set, falling back to 1 default profile: "default"
2023-06-16 17:50:26,373 INFO [main] Bootstrapping Spring Data JPA repositories in DEFAULT mode.
2023-06-16 17:50:26,434 INFO [main] Finished Spring Data repository scanning in 47 ms. Found 5 JPA repository interfaces.
2023-06-16 17:50:26,770 INFO [main] Tomcat initialized with port(s): 8081 (https)
2023-06-16 17:50:26,776 INFO [main] Initializing ProtocolHandler ["https-jsse-nio-8081"]
2023-06-16 17:50:26,778 INFO [main] Starting service [Tomcat]
2023-06-16 17:50:26,778 INFO [main] Starting Servlet engine: [Apache Tomcat/10.1.5]
2023-06-16 17:50:26,836 INFO [main] Initializing Spring embedded WebApplicationContext
2023-06-16 17:50:26,836 INFO [main] Root WebApplicationContext: initialization completed in 873 ms
2023-06-16 17:50:26,915 INFO [main] HHH000204: Processing PersistenceUnitInfo [name: default]
2023-06-16 17:50:26,946 INFO [main] HHH000412: Hibernate ORM core version 6.1.7.Final
2023-06-16 17:50:27,118 INFO [main] HikariPool-1 - Starting...
2023-06-16 17:50:27,316 INFO [main] HikariPool-1 - Added connection org.postgresql.jdbc.PgConnection@208e5b23
2023-06-16 17:50:27,317 INFO [main] HikariPool-1 - Start completed.
2023-06-16 17:50:27,337 INFO [main] HHH000400: Using dialect: org.hibernate.dialect.PostgreSQLDialect
2023-06-16 17:50:27,912 WARN [main] SQL Warning Code: 0, SQLState: 00000
2023-06-16 17:50:27,912 WARN [main] relation "certificate_demands" does not exist, skipping
2023-06-16 17:50:27,912 WARN [main] SQL Warning Code: 0, SQLState: 00000
2023-06-16 17:50:27,912 WARN [main] relation "certificate_demands" does not exist, skipping
2023-06-16 17:50:27,913 WARN [main] SQL Warning Code: 0, SQLState: 00000
2023-06-16 17:50:27,913 WARN [main] relation "certificate_demands" does not exist, skipping
2023-06-16 17:50:27,913 WARN [main] SQL Warning Code: 0, SQLState: 00000
2023-06-16 17:50:27,913 WARN [main] relation "certificates" does not exist, skipping
2023-06-16 17:50:27,913 WARN [main] SQL Warning Code: 0, SQLState: 00000
2023-06-16 17:50:27,913 WARN [main] relation "certificates" does not exist, skipping
2023-06-16 17:50:27,914 WARN [main] SQL Warning Code: 0, SQLState: 00000
2023-06-16 17:50:27,914 WARN [main] relation "certificates" does not exist, skipping
2023-06-16 17:50:27,914 WARN [main] SQL Warning Code: 0, SQLState: 00000
2023-06-16 17:50:27,914 WARN [main] relation "password_history_entity" does not exist, skipping
2023-06-16 17:50:27,915 WARN [main] SQL Warning Code: 0, SQLState: 00000
2023-06-16 17:50:27,915 WARN [main] relation "verification_code" does not exist, skipping
2023-06-16 17:50:27,915 WARN [main] SQL Warning Code: 0, SQLState: 00000
2023-06-16 17:50:27,917 WARN [main] table "certificate_demands" does not exist, skipping
2023-06-16 17:50:27,917 WARN [main] SQL Warning Code: 0, SQLState: 00000
2023-06-16 17:50:27,917 WARN [main] table "certificates" does not exist, skipping
2023-06-16 17:50:27,917 WARN [main] SQL Warning Code: 0, SQLState: 00000
2023-06-16 17:50:27,917 WARN [main] table "password_history_entity" does not exist, skipping
2023-06-16 17:50:27,918 WARN [main] SQL Warning Code: 0, SQLState: 00000
2023-06-16 17:50:27,918 WARN [main] table "users" does not exist, skipping
2023-06-16 17:50:27,918 WARN [main] SQL Warning Code: 0, SQLState: 00000
2023-06-16 17:50:27,918 WARN [main] table "verification_code" does not exist, skipping
2023-06-16 17:50:27,918 WARN [main] SQL Warning Code: 0, SQLState: 00000
2023-06-16 17:50:27,918 WARN [main] sequence "certificate_demands_seq" does not exist, skipping
2023-06-16 17:50:27,918 WARN [main] SQL Warning Code: 0, SQLState: 00000
2023-06-16 17:50:27,918 WARN [main] sequence "certificates_seq" does not exist, skipping
2023-06-16 17:50:27,918 WARN [main] SQL Warning Code: 0, SQLState: 00000
2023-06-16 17:50:27,918 WARN [main] sequence "password_history_entity_seq" does not exist, skipping
2023-06-16 17:50:27,919 WARN [main] SQL Warning Code: 0, SQLState: 00000
2023-06-16 17:50:27,919 WARN [main] sequence "users_seq" does not exist, skipping
2023-06-16 17:50:27,919 WARN [main] SQL Warning Code: 0, SQLState: 00000
2023-06-16 17:50:27,919 WARN [main] sequence "verification_code_seq" does not exist, skipping
2023-06-16 17:50:27,953 INFO [main] HHH000490: Using JtaPlatform implementation: [org.hibernate.engine.transaction.jta.platform.internal.NoJtaPlatform]
2023-06-16 17:50:27,960 INFO [main] Initialized JPA EntityManagerFactory for persistence unit 'default'
2023-06-16 17:50:28,173 DEBUG [main] Filter 'jwtAuthenticationFilter' configured for use
2023-06-16 17:50:28,538 WARN [main] spring.jpa.open-in-view is enabled by default. Therefore, database queries may be performed during view rendering. Explicitly configure spring.jpa.open-in-view to disable this warning
2023-06-16 17:50:28,738 INFO [main] Will secure any request with [org.springframework.security.web.session.DisableEncodeUrlFilter@c9518ee, org.springframework.security.web.context.request.async.WebAsyncManagerIntegrationFilter@2d094add, org.springframework.security.web.context.SecurityContextHolderFilter@21b508a0, org.springframework.security.web.header.HeaderWriterFilter@340f4723, org.springframework.web.filter.CorsFilter@28833fff, org.springframework.security.web.authentication.logout.LogoutFilter@3272c5b3, org.springframework.security.oauth2.client.web.OAuth2AuthorizationRequestRedirectFilter@5acf51d7, org.springframework.security.oauth2.client.web.OAuth2AuthorizationRequestRedirectFilter@598f065f, org.springframework.security.oauth2.client.web.OAuth2LoginAuthenticationFilter@21f48f6c, ib.projekat.IBprojekat.websecurity.JwtAuthenticationFilter@4a0f4282, org.springframework.security.web.authentication.ui.DefaultLoginPageGeneratingFilter@7536ef0f, org.springframework.security.web.authentication.ui.DefaultLogoutPageGeneratingFilter@1c1ee02b, org.springframework.security.web.savedrequest.RequestCacheAwareFilter@6dabad5c, org.springframework.security.web.servletapi.SecurityContextHolderAwareRequestFilter@ba4c99c, org.springframework.security.web.authentication.AnonymousAuthenticationFilter@3868c92e, org.springframework.security.oauth2.client.web.OAuth2AuthorizationCodeGrantFilter@4ceac22d, org.springframework.security.web.session.SessionManagementFilter@347074a9, org.springframework.security.web.access.ExceptionTranslationFilter@210e971e, org.springframework.security.web.access.intercept.AuthorizationFilter@72e806]
2023-06-16 17:50:28,872 INFO [main] Starting ProtocolHandler ["https-jsse-nio-8081"]
2023-06-16 17:50:28,959 INFO [main] Tomcat started on port(s): 8081 (https) with context path ''
2023-06-16 17:50:28,964 INFO [main] Started IbProjekatApplication in 3.351 seconds (process running for 3.975)
2023-06-16 18:08:56,340 INFO [SpringApplicationShutdownHook] Closing JPA EntityManagerFactory for persistence unit 'default'
2023-06-16 18:08:56,340 INFO [SpringApplicationShutdownHook] HHH000477: Starting delayed evictData of schema as part of SessionFactory shut-down'
2023-06-16 18:08:56,357 INFO [SpringApplicationShutdownHook] HikariPool-1 - Shutdown initiated...
2023-06-16 18:08:56,361 INFO [SpringApplicationShutdownHook] HikariPool-1 - Shutdown completed.
